#
# There is insufficient memory for the Java Runtime Environment to continue.
# Native memory allocation (malloc) failed to allocate 1488800 bytes for Chunk::new
# Possible reasons:
#   The system is out of physical RAM or swap space
#   The process is running with CompressedOops enabled, and the Java Heap may be blocking the growth of the native heap
# Possible solutions:
#   Reduce memory load on the system
#   Increase physical memory or swap space
#   Check if swap backing store is full
#   Decrease Java heap size (-Xmx/-Xms)
#   Decrease number of Java threads
#   Decrease Java thread stack sizes (-Xss)
#   Set larger code cache with -XX:ReservedCodeCacheSize=
#   JVM is running with Unscaled Compressed Oops mode in which the Java heap is
#     placed in the first 4GB address space. The Java Heap base address is the
#     maximum limit for the native heap growth. Please use -XX:HeapBaseMinAddress
#     to set the Java Heap base and to place the Java Heap above 4GB virtual address.
# This output file may be truncated or incomplete.
#
#  Out of Memory Error (arena.cpp:189), pid=15168, tid=13864
#
# JRE version: Java(TM) SE Runtime Environment (17.0.13+10) (build 17.0.13+10-LTS-268)
# Java VM: Java HotSpot(TM) 64-Bit Server VM (17.0.13+10-LTS-268, mixed mode, sharing, tiered, compressed oops, compressed class ptrs, g1 gc, windows-amd64)
# No core dump will be written. Minidumps are not enabled by default on client versions of Windows
#

---------------  S U M M A R Y ------------

Command Line: --add-opens=java.base/java.lang=ALL-UNNAMED --add-opens=java.base/java.lang.invoke=ALL-UNNAMED --add-opens=java.base/java.util=ALL-UNNAMED --add-opens=java.prefs/java.util.prefs=ALL-UNNAMED --add-exports=jdk.compiler/com.sun.tools.javac.api=ALL-UNNAMED --add-exports=jdk.compiler/com.sun.tools.javac.util=ALL-UNNAMED --add-opens=java.base/java.util=ALL-UNNAMED --add-opens=java.prefs/java.util.prefs=ALL-UNNAMED --add-opens=java.base/java.nio.charset=ALL-UNNAMED --add-opens=java.base/java.net=ALL-UNNAMED --add-opens=java.base/java.util.concurrent.atomic=ALL-UNNAMED --add-opens=java.xml/javax.xml.namespace=ALL-UNNAMED -XX:MaxMetaspaceSize=384m -XX:+HeapDumpOnOutOfMemoryError -Xms256m -Xmx512m -Dfile.encoding=UTF-8 -Duser.country=KR -Duser.language=ko -Duser.variant -javaagent:C:\Users\80418\.gradle\wrapper\dists\gradle-8.13-bin\5xuhj0ry160q40clulazy9h7d\gradle-8.13\lib\agents\gradle-instrumentation-agent-8.13.jar org.gradle.launcher.daemon.bootstrap.GradleDaemon 8.13

Host: Intel(R) Core(TM) i5-7500 CPU @ 3.40GHz, 4 cores, 15G,  Windows 10 , 64 bit Build 19041 (10.0.19041.5678)
Time: Mon Apr 28 12:17:39 2025  Windows 10 , 64 bit Build 19041 (10.0.19041.5678) elapsed time: 7051.502434 seconds (0d 1h 57m 31s)

---------------  T H R E A D  ---------------

Current thread (0x000002879998f4f0):  JavaThread "C2 CompilerThread0" daemon [_thread_in_native, id=13864, stack(0x000000a955100000,0x000000a955200000)]


Current CompileTask:
C2:7051502 19036   !   4       org.gradle.cache.internal.DefaultCacheCoordinator::useCache (191 bytes)

Stack: [0x000000a955100000,0x000000a955200000]
Native frames: (J=compiled Java code, j=interpreted, Vv=VM code, C=native code)
V  [jvm.dll+0x67a23a]
V  [jvm.dll+0x7da96d]
V  [jvm.dll+0x7dc2b3]
V  [jvm.dll+0x7dc923]
V  [jvm.dll+0x2450ef]
V  [jvm.dll+0xab793]
V  [jvm.dll+0xabd5c]
V  [jvm.dll+0x361d5e]
V  [jvm.dll+0x32c491]
V  [jvm.dll+0x32b92a]
V  [jvm.dll+0x21689f]
V  [jvm.dll+0x215ccf]
V  [jvm.dll+0x1a2980]
V  [jvm.dll+0x22616b]
V  [jvm.dll+0x22430b]
V  [jvm.dll+0x790a8c]
V  [jvm.dll+0x78af1a]
V  [jvm.dll+0x679125]
C  [ucrtbase.dll+0x21bb2]
C  [KERNEL32.DLL+0x17374]
C  [ntdll.dll+0x4cc91]


---------------  P R O C E S S  ---------------

Threads class SMR info:
_java_thread_list=0x00000287b62cf2f0, length=80, elements={
0x00000287ff866780, 0x0000028799966390, 0x0000028799967120, 0x0000028799989db0,
0x000002879998c690, 0x000002879998cf60, 0x000002879998e840, 0x000002879998f4f0,
0x00000287999f7970, 0x00000287999f7e90, 0x00000287999534c0, 0x0000028799beb7f0,
0x00000287b4b0f000, 0x00000287b301d5f0, 0x00000287b4a28150, 0x00000287b4c08720,
0x00000287b4c06dd0, 0x00000287b4c063b0, 0x00000287b4f95ee0, 0x00000287b4f93150,
0x00000287b4f959d0, 0x00000287b4f96e10, 0x00000287b4f92220, 0x00000287b4f91800,
0x00000287b4f94fb0, 0x00000287b5af39b0, 0x00000287b64f1e30, 0x00000287b6f8ebf0,
0x00000287b75a5380, 0x00000287b75a3f40, 0x00000287b6f8dcc0, 0x00000287b6f8f100,
0x00000287b6f8e1d0, 0x00000287b6f90f60, 0x00000287b64f3780, 0x00000287b64f5af0,
0x00000287b6f8e6e0, 0x00000287b75a4e70, 0x00000287b75a4450, 0x00000287b7f18640,
0x00000287b6f8fb20, 0x00000287b6f90030, 0x00000287b6f91470, 0x00000287b6f90a50,
0x00000287b6f90540, 0x00000287b4f51610, 0x00000287b4f4fcc0, 0x00000287b7f19570,
0x00000287b4f50bf0, 0x00000287b4f501d0, 0x00000287b7f18130, 0x00000287b7f19a80,
0x00000287b7f162d0, 0x00000287b7f167e0, 0x00000287b7f16cf0, 0x00000287b6865880,
0x00000287b64f6a20, 0x00000287b6864e60, 0x00000287b6865370, 0x00000287b6863f30,
0x00000287b6864440, 0x00000287b7e23e70, 0x00000287b7e27620, 0x00000287b7e24380,
0x00000287b7e24890, 0x00000287b7e24da0, 0x00000287b7e252b0, 0x00000287b7e257c0,
0x00000287b7e27110, 0x00000287b7e25cd0, 0x00000287b7f17200, 0x00000287b7f17710,
0x00000287b7f17c20, 0x00000287b4f506e0, 0x00000287b4f51100, 0x00000287b6599330,
0x00000287b6598e20, 0x00000287b659ac80, 0x00000287b7f18b50, 0x00000287b7f19060
}

Java Threads: ( => current thread )
  0x00000287ff866780 JavaThread "main" [_thread_blocked, id=10300, stack(0x000000a954300000,0x000000a954400000)]
  0x0000028799966390 JavaThread "Reference Handler" daemon [_thread_blocked, id=18412, stack(0x000000a954b00000,0x000000a954c00000)]
  0x0000028799967120 JavaThread "Finalizer" daemon [_thread_blocked, id=9308, stack(0x000000a954c00000,0x000000a954d00000)]
  0x0000028799989db0 JavaThread "Signal Dispatcher" daemon [_thread_blocked, id=6052, stack(0x000000a954d00000,0x000000a954e00000)]
  0x000002879998c690 JavaThread "Attach Listener" daemon [_thread_blocked, id=8304, stack(0x000000a954e00000,0x000000a954f00000)]
  0x000002879998cf60 JavaThread "Service Thread" daemon [_thread_blocked, id=17772, stack(0x000000a954f00000,0x000000a955000000)]
  0x000002879998e840 JavaThread "Monitor Deflation Thread" daemon [_thread_blocked, id=13356, stack(0x000000a955000000,0x000000a955100000)]
=>0x000002879998f4f0 JavaThread "C2 CompilerThread0" daemon [_thread_in_native, id=13864, stack(0x000000a955100000,0x000000a955200000)]
  0x00000287999f7970 JavaThread "C1 CompilerThread0" daemon [_thread_blocked, id=17092, stack(0x000000a955200000,0x000000a955300000)]
  0x00000287999f7e90 JavaThread "Sweeper thread" daemon [_thread_blocked, id=17420, stack(0x000000a955300000,0x000000a955400000)]
  0x00000287999534c0 JavaThread "Common-Cleaner" daemon [_thread_blocked, id=14332, stack(0x000000a955400000,0x000000a955500000)]
  0x0000028799beb7f0 JavaThread "Notification Thread" daemon [_thread_blocked, id=1000, stack(0x000000a955500000,0x000000a955600000)]
  0x00000287b4b0f000 JavaThread "Daemon health stats" [_thread_blocked, id=6972, stack(0x000000a955b00000,0x000000a955c00000)]
  0x00000287b301d5f0 JavaThread "Incoming local TCP Connector on port 62594" [_thread_in_native, id=7964, stack(0x000000a955c00000,0x000000a955d00000)]
  0x00000287b4a28150 JavaThread "Daemon periodic checks" [_thread_blocked, id=12740, stack(0x000000a955d00000,0x000000a955e00000)]
  0x00000287b4c08720 JavaThread "Cache worker for journal cache (C:\Users\80418\.gradle\caches\journal-1)" [_thread_blocked, id=11036, stack(0x000000a956500000,0x000000a956600000)]
  0x00000287b4c06dd0 JavaThread "File lock request listener" [_thread_in_native, id=14892, stack(0x000000a956600000,0x000000a956700000)]
  0x00000287b4c063b0 JavaThread "Cache worker for file hash cache (C:\Users\80418\.gradle\caches\8.13\fileHashes)" [_thread_blocked, id=6260, stack(0x000000a956700000,0x000000a956800000)]
  0x00000287b4f95ee0 JavaThread "File watcher server" daemon [_thread_in_native, id=9152, stack(0x000000a956a00000,0x000000a956b00000)]
  0x00000287b4f93150 JavaThread "File watcher consumer" daemon [_thread_blocked, id=1820, stack(0x000000a956b00000,0x000000a956c00000)]
  0x00000287b4f959d0 JavaThread "jar transforms" [_thread_blocked, id=15284, stack(0x000000a956c00000,0x000000a956d00000)]
  0x00000287b4f96e10 JavaThread "jar transforms Thread 2" [_thread_blocked, id=4544, stack(0x000000a956d00000,0x000000a956e00000)]
  0x00000287b4f92220 JavaThread "Cache worker for file content cache (C:\Users\80418\.gradle\caches\8.13\fileContent)" [_thread_blocked, id=10412, stack(0x000000a956f00000,0x000000a957000000)]
  0x00000287b4f91800 JavaThread "jar transforms Thread 3" [_thread_blocked, id=8860, stack(0x000000a957000000,0x000000a957100000)]
  0x00000287b4f94fb0 JavaThread "jar transforms Thread 4" [_thread_blocked, id=18696, stack(0x000000a957700000,0x000000a957800000)]
  0x00000287b5af39b0 JavaThread "Memory manager" [_thread_blocked, id=9420, stack(0x000000a958100000,0x000000a958200000)]
  0x00000287b64f1e30 JavaThread "Cache worker for Java compile cache (C:\Users\80418\.gradle\caches\8.13\javaCompile)" [_thread_blocked, id=10628, stack(0x000000a95b000000,0x000000a95b100000)]
  0x00000287b6f8ebf0 JavaThread "Daemon Thread 4" [_thread_blocked, id=1416, stack(0x000000a954200000,0x000000a954300000)]
  0x00000287b75a5380 JavaThread "Handler for socket connection from /127.0.0.1:62594 to /127.0.0.1:49806" [_thread_in_native, id=6824, stack(0x000000a954400000,0x000000a954500000)]
  0x00000287b75a3f40 JavaThread "Cancel handler" [_thread_blocked, id=16596, stack(0x000000a955700000,0x000000a955800000)]
  0x00000287b6f8dcc0 JavaThread "Daemon worker Thread 4" [_thread_in_Java, id=19028, stack(0x000000a955e00000,0x000000a955f00000)]
  0x00000287b6f8f100 JavaThread "Asynchronous log dispatcher for DefaultDaemonConnection: socket connection from /127.0.0.1:62594 to /127.0.0.1:49806" [_thread_blocked, id=12056, stack(0x000000a955f00000,0x000000a956000000)]
  0x00000287b6f8e1d0 JavaThread "Stdin handler" [_thread_blocked, id=19024, stack(0x000000a956000000,0x000000a956100000)]
  0x00000287b6f90f60 JavaThread "Daemon client event forwarder" [_thread_blocked, id=11168, stack(0x000000a956100000,0x000000a956200000)]
  0x00000287b64f3780 JavaThread "Cache worker for file hash cache (C:\Users\80418\Documents\back-function-impl\.gradle\8.13\fileHashes)" [_thread_blocked, id=9212, stack(0x000000a956200000,0x000000a956300000)]
  0x00000287b64f5af0 JavaThread "Cache worker for Build Output Cleanup Cache (C:\Users\80418\Documents\back-function-impl\.gradle\buildOutputCleanup)" [_thread_blocked, id=11924, stack(0x000000a956300000,0x000000a956400000)]
  0x00000287b6f8e6e0 JavaThread "Cache worker for checksums cache (C:\Users\80418\Documents\back-function-impl\.gradle\8.13\checksums)" [_thread_blocked, id=8444, stack(0x000000a956400000,0x000000a956500000)]
  0x00000287b75a4e70 JavaThread "Cache worker for cache directory md-supplier (C:\Users\80418\.gradle\caches\8.13\md-supplier)" [_thread_blocked, id=8464, stack(0x000000a956800000,0x000000a956900000)]
  0x00000287b75a4450 JavaThread "Cache worker for cache directory md-rule (C:\Users\80418\.gradle\caches\8.13\md-rule)" [_thread_blocked, id=11656, stack(0x000000a956900000,0x000000a956a00000)]
  0x00000287b7f18640 JavaThread "Unconstrained build operations" [_thread_blocked, id=3236, stack(0x000000a956e00000,0x000000a956f00000)]
  0x00000287b6f8fb20 JavaThread "Unconstrained build operations Thread 2" [_thread_blocked, id=7864, stack(0x000000a957100000,0x000000a957200000)]
  0x00000287b6f90030 JavaThread "Unconstrained build operations Thread 3" [_thread_blocked, id=18320, stack(0x000000a957200000,0x000000a957300000)]
  0x00000287b6f91470 JavaThread "Unconstrained build operations Thread 4" [_thread_blocked, id=17356, stack(0x000000a957500000,0x000000a957600000)]
  0x00000287b6f90a50 JavaThread "Unconstrained build operations Thread 5" [_thread_blocked, id=14152, stack(0x000000a957600000,0x000000a957700000)]
  0x00000287b6f90540 JavaThread "Unconstrained build operations Thread 6" [_thread_blocked, id=7236, stack(0x000000a957800000,0x000000a957900000)]
  0x00000287b4f51610 JavaThread "Unconstrained build operations Thread 7" [_thread_blocked, id=2084, stack(0x000000a957900000,0x000000a957a00000)]
  0x00000287b4f4fcc0 JavaThread "Unconstrained build operations Thread 8" [_thread_blocked, id=19240, stack(0x000000a957a00000,0x000000a957b00000)]
  0x00000287b7f19570 JavaThread "Unconstrained build operations Thread 9" [_thread_blocked, id=5588, stack(0x000000a957b00000,0x000000a957c00000)]
  0x00000287b4f50bf0 JavaThread "Problems report writer" [_thread_blocked, id=17696, stack(0x000000a957d00000,0x000000a957e00000)]
  0x00000287b4f501d0 JavaThread "Unconstrained build operations Thread 10" [_thread_blocked, id=18528, stack(0x000000a957c00000,0x000000a957d00000)]
  0x00000287b7f18130 JavaThread "Unconstrained build operations Thread 11" [_thread_blocked, id=19272, stack(0x000000a957e00000,0x000000a957f00000)]
  0x00000287b7f19a80 JavaThread "Unconstrained build operations Thread 12" [_thread_blocked, id=8328, stack(0x000000a957f00000,0x000000a958000000)]
  0x00000287b7f162d0 JavaThread "Unconstrained build operations Thread 13" [_thread_blocked, id=11436, stack(0x000000a958000000,0x000000a958100000)]
  0x00000287b7f167e0 JavaThread "Unconstrained build operations Thread 14" [_thread_blocked, id=12432, stack(0x000000a958300000,0x000000a958400000)]
  0x00000287b7f16cf0 JavaThread "Unconstrained build operations Thread 15" [_thread_blocked, id=19136, stack(0x000000a958400000,0x000000a958500000)]
  0x00000287b6865880 JavaThread "Unconstrained build operations Thread 16" [_thread_blocked, id=12296, stack(0x000000a958500000,0x000000a958600000)]
  0x00000287b64f6a20 JavaThread "Unconstrained build operations Thread 17" [_thread_blocked, id=16980, stack(0x000000a958600000,0x000000a958700000)]
  0x00000287b6864e60 JavaThread "Unconstrained build operations Thread 18" [_thread_blocked, id=12656, stack(0x000000a958700000,0x000000a958800000)]
  0x00000287b6865370 JavaThread "Unconstrained build operations Thread 19" [_thread_blocked, id=6868, stack(0x000000a958800000,0x000000a958900000)]
  0x00000287b6863f30 JavaThread "Unconstrained build operations Thread 20" [_thread_blocked, id=3804, stack(0x000000a958900000,0x000000a958a00000)]
  0x00000287b6864440 JavaThread "Unconstrained build operations Thread 21" [_thread_blocked, id=10668, stack(0x000000a958a00000,0x000000a958b00000)]
  0x00000287b7e23e70 JavaThread "Unconstrained build operations Thread 22" [_thread_blocked, id=6148, stack(0x000000a958b00000,0x000000a958c00000)]
  0x00000287b7e27620 JavaThread "Unconstrained build operations Thread 23" [_thread_blocked, id=3088, stack(0x000000a958c00000,0x000000a958d00000)]
  0x00000287b7e24380 JavaThread "Unconstrained build operations Thread 24" [_thread_blocked, id=2700, stack(0x000000a958d00000,0x000000a958e00000)]
  0x00000287b7e24890 JavaThread "Unconstrained build operations Thread 25" [_thread_blocked, id=10748, stack(0x000000a958e00000,0x000000a958f00000)]
  0x00000287b7e24da0 JavaThread "Unconstrained build operations Thread 26" [_thread_blocked, id=19452, stack(0x000000a958f00000,0x000000a959000000)]
  0x00000287b7e252b0 JavaThread "Unconstrained build operations Thread 27" [_thread_blocked, id=11196, stack(0x000000a959000000,0x000000a959100000)]
  0x00000287b7e257c0 JavaThread "Unconstrained build operations Thread 28" [_thread_blocked, id=12672, stack(0x000000a959100000,0x000000a959200000)]
  0x00000287b7e27110 JavaThread "Unconstrained build operations Thread 29" [_thread_blocked, id=15732, stack(0x000000a959200000,0x000000a959300000)]
  0x00000287b7e25cd0 JavaThread "Unconstrained build operations Thread 30" [_thread_blocked, id=4060, stack(0x000000a959300000,0x000000a959400000)]
  0x00000287b7f17200 JavaThread "Unconstrained build operations Thread 31" [_thread_blocked, id=4996, stack(0x000000a959500000,0x000000a959600000)]
  0x00000287b7f17710 JavaThread "Unconstrained build operations Thread 32" [_thread_blocked, id=5692, stack(0x000000a959600000,0x000000a959700000)]
  0x00000287b7f17c20 JavaThread "Unconstrained build operations Thread 33" [_thread_blocked, id=12376, stack(0x000000a959700000,0x000000a959800000)]
  0x00000287b4f506e0 JavaThread "Unconstrained build operations Thread 34" [_thread_blocked, id=8616, stack(0x000000a959800000,0x000000a959900000)]
  0x00000287b4f51100 JavaThread "Unconstrained build operations Thread 35" [_thread_blocked, id=832, stack(0x000000a959900000,0x000000a959a00000)]
  0x00000287b6599330 JavaThread "Unconstrained build operations Thread 36" [_thread_blocked, id=14436, stack(0x000000a959a00000,0x000000a959b00000)]
  0x00000287b6598e20 JavaThread "Unconstrained build operations Thread 37" [_thread_blocked, id=19164, stack(0x000000a959b00000,0x000000a959c00000)]
  0x00000287b659ac80 JavaThread "Unconstrained build operations Thread 38" [_thread_blocked, id=4764, stack(0x000000a959c00000,0x000000a959d00000)]
  0x00000287b7f18b50 JavaThread "Unconstrained build operations Thread 39" [_thread_blocked, id=6316, stack(0x000000a959d00000,0x000000a959e00000)]
  0x00000287b7f19060 JavaThread "Unconstrained build operations Thread 40" [_thread_blocked, id=19096, stack(0x000000a959e00000,0x000000a959f00000)]

Other Threads:
  0x0000028799961ce0 VMThread "VM Thread" [stack: 0x000000a954a00000,0x000000a954b00000] [id=10876]
  0x00000287ff868610 WatcherThread [stack: 0x000000a955600000,0x000000a955700000] [id=2328]
  0x00000287ff894bd0 GCTaskThread "GC Thread#0" [stack: 0x000000a954500000,0x000000a954600000] [id=13656]
  0x0000028799cc5ae0 GCTaskThread "GC Thread#1" [stack: 0x000000a955800000,0x000000a955900000] [id=14752]
  0x0000028799cc5da0 GCTaskThread "GC Thread#2" [stack: 0x000000a955900000,0x000000a955a00000] [id=6292]
  0x0000028799cc6060 GCTaskThread "GC Thread#3" [stack: 0x000000a955a00000,0x000000a955b00000] [id=5764]
  0x00000287ff89aa40 ConcurrentGCThread "G1 Main Marker" [stack: 0x000000a954600000,0x000000a954700000] [id=6760]
  0x00000287ff89b360 ConcurrentGCThread "G1 Conc#0" [stack: 0x000000a954700000,0x000000a954800000] [id=11660]
  0x00000287ff93deb0 ConcurrentGCThread "G1 Refine#0" [stack: 0x000000a954800000,0x000000a954900000] [id=6592]
  0x00000287b5afe4a0 ConcurrentGCThread "G1 Refine#1" [stack: 0x000000a957300000,0x000000a957400000] [id=12528]
  0x00000287b5afc450 ConcurrentGCThread "G1 Refine#2" [stack: 0x000000a957400000,0x000000a957500000] [id=5212]
  0x00000287b5afc160 ConcurrentGCThread "G1 Refine#3" [stack: 0x000000a959400000,0x000000a959500000] [id=7380]
  0x00000287ff93e7f0 ConcurrentGCThread "G1 Service" [stack: 0x000000a954900000,0x000000a954a00000] [id=5216]

Threads with active compile tasks:
C2 CompilerThread0  7051567 19036   !   4       org.gradle.cache.internal.DefaultCacheCoordinator::useCache (191 bytes)

VM state: not at safepoint (normal execution)

VM Mutex/Monitor currently owned by a thread: None

Heap address: 0x00000000e0000000, size: 512 MB, Compressed Oops mode: 32-bit

CDS archive(s) mapped at: [0x000002879a000000-0x000002879abd0000-0x000002879abd0000), size 12386304, SharedBaseAddress: 0x000002879a000000, ArchiveRelocationMode: 1.
Compressed class space mapped at: 0x000002879b000000-0x00000287af000000, reserved size: 335544320
Narrow klass base: 0x000002879a000000, Narrow klass shift: 0, Narrow klass range: 0x100000000

GC Precious Log:
 CPUs: 4 total, 4 available
 Memory: 16342M
 Large Page Support: Disabled
 NUMA Support: Disabled
 Compressed Oops: Enabled (32-bit)
 Heap Region Size: 1M
 Heap Min Capacity: 256M
 Heap Initial Capacity: 256M
 Heap Max Capacity: 512M
 Pre-touch: Disabled
 Parallel Workers: 4
 Concurrent Workers: 1
 Concurrent Refinement Workers: 4
 Periodic GC: Disabled

Heap:
 garbage-first heap   total 262144K, used 161704K [0x00000000e0000000, 0x0000000100000000)
  region size 1024K, 41 young (41984K), 4 survivors (4096K)
 Metaspace       used 77668K, committed 78592K, reserved 458752K
  class space    used 10246K, committed 10688K, reserved 327680K

Heap Regions: E=young(eden), S=young(survivor), O=old, HS=humongous(starts), HC=humongous(continues), CS=collection set, F=free, OA=open archive, CA=closed archive, TAMS=top-at-mark-start (previous, next)
|   0|0x00000000e0000000, 0x00000000e0100000, 0x00000000e0100000|100%|HS|  |TAMS 0x00000000e0100000, 0x00000000e0100000| Complete 
|   1|0x00000000e0100000, 0x00000000e0200000, 0x00000000e0200000|100%|HC|  |TAMS 0x00000000e0200000, 0x00000000e0200000| Complete 
|   2|0x00000000e0200000, 0x00000000e0300000, 0x00000000e0300000|100%|HC|  |TAMS 0x00000000e0300000, 0x00000000e0300000| Complete 
|   3|0x00000000e0300000, 0x00000000e0400000, 0x00000000e0400000|100%| O|  |TAMS 0x00000000e0400000, 0x00000000e0400000| Untracked 
|   4|0x00000000e0400000, 0x00000000e0500000, 0x00000000e0500000|100%| O|  |TAMS 0x00000000e0500000, 0x00000000e0500000| Untracked 
|   5|0x00000000e0500000, 0x00000000e0600000, 0x00000000e0600000|100%| O|  |TAMS 0x00000000e0600000, 0x00000000e0600000| Untracked 
|   6|0x00000000e0600000, 0x00000000e0700000, 0x00000000e0700000|100%| O|  |TAMS 0x00000000e0700000, 0x00000000e0700000| Untracked 
|   7|0x00000000e0700000, 0x00000000e0800000, 0x00000000e0800000|100%|HS|  |TAMS 0x00000000e0800000, 0x00000000e0800000| Complete 
|   8|0x00000000e0800000, 0x00000000e0900000, 0x00000000e0900000|100%| O|  |TAMS 0x00000000e0900000, 0x00000000e0900000| Untracked 
|   9|0x00000000e0900000, 0x00000000e0a00000, 0x00000000e0a00000|100%| O|  |TAMS 0x00000000e0a00000, 0x00000000e0a00000| Untracked 
|  10|0x00000000e0a00000, 0x00000000e0b00000, 0x00000000e0b00000|100%| O|  |TAMS 0x00000000e0b00000, 0x00000000e0b00000| Untracked 
|  11|0x00000000e0b00000, 0x00000000e0c00000, 0x00000000e0c00000|100%| O|  |TAMS 0x00000000e0c00000, 0x00000000e0c00000| Untracked 
|  12|0x00000000e0c00000, 0x00000000e0d00000, 0x00000000e0d00000|100%| O|  |TAMS 0x00000000e0d00000, 0x00000000e0d00000| Untracked 
|  13|0x00000000e0d00000, 0x00000000e0e00000, 0x00000000e0e00000|100%| O|  |TAMS 0x00000000e0e00000, 0x00000000e0e00000| Untracked 
|  14|0x00000000e0e00000, 0x00000000e0f00000, 0x00000000e0f00000|100%| O|  |TAMS 0x00000000e0f00000, 0x00000000e0f00000| Untracked 
|  15|0x00000000e0f00000, 0x00000000e1000000, 0x00000000e1000000|100%| O|  |TAMS 0x00000000e1000000, 0x00000000e1000000| Untracked 
|  16|0x00000000e1000000, 0x00000000e1100000, 0x00000000e1100000|100%| O|  |TAMS 0x00000000e1100000, 0x00000000e1100000| Untracked 
|  17|0x00000000e1100000, 0x00000000e1200000, 0x00000000e1200000|100%| O|  |TAMS 0x00000000e1200000, 0x00000000e1200000| Untracked 
|  18|0x00000000e1200000, 0x00000000e1300000, 0x00000000e1300000|100%| O|  |TAMS 0x00000000e1300000, 0x00000000e1300000| Untracked 
|  19|0x00000000e1300000, 0x00000000e1400000, 0x00000000e1400000|100%| O|  |TAMS 0x00000000e1400000, 0x00000000e1400000| Untracked 
|  20|0x00000000e1400000, 0x00000000e1500000, 0x00000000e1500000|100%| O|  |TAMS 0x00000000e1500000, 0x00000000e1500000| Untracked 
|  21|0x00000000e1500000, 0x00000000e1600000, 0x00000000e1600000|100%| O|  |TAMS 0x00000000e1600000, 0x00000000e1600000| Untracked 
|  22|0x00000000e1600000, 0x00000000e1700000, 0x00000000e1700000|100%| O|  |TAMS 0x00000000e1700000, 0x00000000e1700000| Untracked 
|  23|0x00000000e1700000, 0x00000000e1800000, 0x00000000e1800000|100%| O|  |TAMS 0x00000000e1800000, 0x00000000e1800000| Untracked 
|  24|0x00000000e1800000, 0x00000000e1900000, 0x00000000e1900000|100%| O|  |TAMS 0x00000000e1900000, 0x00000000e1900000| Untracked 
|  25|0x00000000e1900000, 0x00000000e1a00000, 0x00000000e1a00000|100%| O|  |TAMS 0x00000000e1a00000, 0x00000000e1a00000| Untracked 
|  26|0x00000000e1a00000, 0x00000000e1b00000, 0x00000000e1b00000|100%| O|  |TAMS 0x00000000e1b00000, 0x00000000e1b00000| Untracked 
|  27|0x00000000e1b00000, 0x00000000e1c00000, 0x00000000e1c00000|100%| O|  |TAMS 0x00000000e1c00000, 0x00000000e1c00000| Untracked 
|  28|0x00000000e1c00000, 0x00000000e1d00000, 0x00000000e1d00000|100%| O|  |TAMS 0x00000000e1d00000, 0x00000000e1d00000| Untracked 
|  29|0x00000000e1d00000, 0x00000000e1e00000, 0x00000000e1e00000|100%| O|  |TAMS 0x00000000e1e00000, 0x00000000e1e00000| Untracked 
|  30|0x00000000e1e00000, 0x00000000e1f00000, 0x00000000e1f00000|100%| O|  |TAMS 0x00000000e1f00000, 0x00000000e1f00000| Untracked 
|  31|0x00000000e1f00000, 0x00000000e2000000, 0x00000000e2000000|100%| O|  |TAMS 0x00000000e2000000, 0x00000000e2000000| Untracked 
|  32|0x00000000e2000000, 0x00000000e2100000, 0x00000000e2100000|100%| O|  |TAMS 0x00000000e2100000, 0x00000000e2100000| Untracked 
|  33|0x00000000e2100000, 0x00000000e2200000, 0x00000000e2200000|100%| O|  |TAMS 0x00000000e2200000, 0x00000000e2200000| Untracked 
|  34|0x00000000e2200000, 0x00000000e2300000, 0x00000000e2300000|100%| O|  |TAMS 0x00000000e2300000, 0x00000000e2300000| Untracked 
|  35|0x00000000e2300000, 0x00000000e2400000, 0x00000000e2400000|100%| O|  |TAMS 0x00000000e2400000, 0x00000000e2400000| Untracked 
|  36|0x00000000e2400000, 0x00000000e2500000, 0x00000000e2500000|100%| O|  |TAMS 0x00000000e2500000, 0x00000000e2500000| Untracked 
|  37|0x00000000e2500000, 0x00000000e2600000, 0x00000000e2600000|100%| O|  |TAMS 0x00000000e2600000, 0x00000000e2600000| Untracked 
|  38|0x00000000e2600000, 0x00000000e2700000, 0x00000000e2700000|100%| O|  |TAMS 0x00000000e2700000, 0x00000000e2700000| Untracked 
|  39|0x00000000e2700000, 0x00000000e2800000, 0x00000000e2800000|100%| O|  |TAMS 0x00000000e2800000, 0x00000000e2800000| Untracked 
|  40|0x00000000e2800000, 0x00000000e2900000, 0x00000000e2900000|100%| O|  |TAMS 0x00000000e2900000, 0x00000000e2900000| Untracked 
|  41|0x00000000e2900000, 0x00000000e2a00000, 0x00000000e2a00000|100%| O|  |TAMS 0x00000000e2a00000, 0x00000000e2a00000| Untracked 
|  42|0x00000000e2a00000, 0x00000000e2b00000, 0x00000000e2b00000|100%| O|  |TAMS 0x00000000e2b00000, 0x00000000e2b00000| Untracked 
|  43|0x00000000e2b00000, 0x00000000e2c00000, 0x00000000e2c00000|100%| O|  |TAMS 0x00000000e2c00000, 0x00000000e2c00000| Untracked 
|  44|0x00000000e2c00000, 0x00000000e2d00000, 0x00000000e2d00000|100%| O|  |TAMS 0x00000000e2d00000, 0x00000000e2d00000| Untracked 
|  45|0x00000000e2d00000, 0x00000000e2e00000, 0x00000000e2e00000|100%| O|  |TAMS 0x00000000e2e00000, 0x00000000e2e00000| Untracked 
|  46|0x00000000e2e00000, 0x00000000e2f00000, 0x00000000e2f00000|100%| O|  |TAMS 0x00000000e2f00000, 0x00000000e2f00000| Untracked 
|  47|0x00000000e2f00000, 0x00000000e3000000, 0x00000000e3000000|100%| O|  |TAMS 0x00000000e3000000, 0x00000000e3000000| Untracked 
|  48|0x00000000e3000000, 0x00000000e3100000, 0x00000000e3100000|100%| O|  |TAMS 0x00000000e3100000, 0x00000000e3100000| Untracked 
|  49|0x00000000e3100000, 0x00000000e3200000, 0x00000000e3200000|100%| O|  |TAMS 0x00000000e3200000, 0x00000000e3200000| Untracked 
|  50|0x00000000e3200000, 0x00000000e3300000, 0x00000000e3300000|100%| O|  |TAMS 0x00000000e3243a00, 0x00000000e3300000| Untracked 
|  51|0x00000000e3300000, 0x00000000e3400000, 0x00000000e3400000|100%| O|  |TAMS 0x00000000e3300000, 0x00000000e3400000| Untracked 
|  52|0x00000000e3400000, 0x00000000e3500000, 0x00000000e3500000|100%| O|  |TAMS 0x00000000e3400000, 0x00000000e3500000| Untracked 
|  53|0x00000000e3500000, 0x00000000e3600000, 0x00000000e3600000|100%| O|  |TAMS 0x00000000e3500000, 0x00000000e3600000| Untracked 
|  54|0x00000000e3600000, 0x00000000e3700000, 0x00000000e3700000|100%| O|  |TAMS 0x00000000e3600000, 0x00000000e3700000| Untracked 
|  55|0x00000000e3700000, 0x00000000e3800000, 0x00000000e3800000|100%| O|  |TAMS 0x00000000e3700000, 0x00000000e3800000| Untracked 
|  56|0x00000000e3800000, 0x00000000e3900000, 0x00000000e3900000|100%| O|  |TAMS 0x00000000e3800000, 0x00000000e3900000| Untracked 
|  57|0x00000000e3900000, 0x00000000e3a00000, 0x00000000e3a00000|100%|HS|  |TAMS 0x00000000e3900000, 0x00000000e3a00000| Complete 
|  58|0x00000000e3a00000, 0x00000000e3b00000, 0x00000000e3b00000|100%| O|  |TAMS 0x00000000e3a00000, 0x00000000e3b00000| Untracked 
|  59|0x00000000e3b00000, 0x00000000e3c00000, 0x00000000e3c00000|100%| O|  |TAMS 0x00000000e3b00000, 0x00000000e3c00000| Untracked 
|  60|0x00000000e3c00000, 0x00000000e3d00000, 0x00000000e3d00000|100%| O|  |TAMS 0x00000000e3c00000, 0x00000000e3d00000| Untracked 
|  61|0x00000000e3d00000, 0x00000000e3e00000, 0x00000000e3e00000|100%| O|  |TAMS 0x00000000e3d00000, 0x00000000e3e00000| Untracked 
|  62|0x00000000e3e00000, 0x00000000e3f00000, 0x00000000e3f00000|100%| O|  |TAMS 0x00000000e3e00000, 0x00000000e3f00000| Untracked 
|  63|0x00000000e3f00000, 0x00000000e4000000, 0x00000000e4000000|100%| O|  |TAMS 0x00000000e3f00000, 0x00000000e4000000| Untracked 
|  64|0x00000000e4000000, 0x00000000e4100000, 0x00000000e4100000|100%| O|  |TAMS 0x00000000e4000000, 0x00000000e4100000| Untracked 
|  65|0x00000000e4100000, 0x00000000e4200000, 0x00000000e4200000|100%| O|  |TAMS 0x00000000e4100000, 0x00000000e4200000| Untracked 
|  66|0x00000000e4200000, 0x00000000e4300000, 0x00000000e4300000|100%| O|  |TAMS 0x00000000e4200000, 0x00000000e4300000| Untracked 
|  67|0x00000000e4300000, 0x00000000e4400000, 0x00000000e4400000|100%| O|  |TAMS 0x00000000e4300000, 0x00000000e4400000| Untracked 
|  68|0x00000000e4400000, 0x00000000e4500000, 0x00000000e4500000|100%| O|  |TAMS 0x00000000e4400000, 0x00000000e4500000| Untracked 
|  69|0x00000000e4500000, 0x00000000e4600000, 0x00000000e4600000|100%| O|  |TAMS 0x00000000e4500000, 0x00000000e4600000| Untracked 
|  70|0x00000000e4600000, 0x00000000e4700000, 0x00000000e4700000|100%| O|  |TAMS 0x00000000e4600000, 0x00000000e4700000| Untracked 
|  71|0x00000000e4700000, 0x00000000e4800000, 0x00000000e4800000|100%| O|  |TAMS 0x00000000e4700000, 0x00000000e4800000| Untracked 
|  72|0x00000000e4800000, 0x00000000e4900000, 0x00000000e4900000|100%| O|  |TAMS 0x00000000e4800000, 0x00000000e4900000| Untracked 
|  73|0x00000000e4900000, 0x00000000e4a00000, 0x00000000e4a00000|100%| O|  |TAMS 0x00000000e4900000, 0x00000000e4a00000| Untracked 
|  74|0x00000000e4a00000, 0x00000000e4b00000, 0x00000000e4b00000|100%| O|  |TAMS 0x00000000e4a00000, 0x00000000e4b00000| Untracked 
|  75|0x00000000e4b00000, 0x00000000e4c00000, 0x00000000e4c00000|100%| O|  |TAMS 0x00000000e4b00000, 0x00000000e4c00000| Untracked 
|  76|0x00000000e4c00000, 0x00000000e4d00000, 0x00000000e4d00000|100%| O|  |TAMS 0x00000000e4c00000, 0x00000000e4d00000| Untracked 
|  77|0x00000000e4d00000, 0x00000000e4e00000, 0x00000000e4e00000|100%| O|  |TAMS 0x00000000e4d00000, 0x00000000e4e00000| Untracked 
|  78|0x00000000e4e00000, 0x00000000e4f00000, 0x00000000e4f00000|100%| O|  |TAMS 0x00000000e4e00000, 0x00000000e4f00000| Untracked 
|  79|0x00000000e4f00000, 0x00000000e5000000, 0x00000000e5000000|100%| O|  |TAMS 0x00000000e4f00000, 0x00000000e5000000| Untracked 
|  80|0x00000000e5000000, 0x00000000e5100000, 0x00000000e5100000|100%| O|  |TAMS 0x00000000e5000000, 0x00000000e5100000| Untracked 
|  81|0x00000000e5100000, 0x00000000e5200000, 0x00000000e5200000|100%| O|  |TAMS 0x00000000e5100000, 0x00000000e5200000| Untracked 
|  82|0x00000000e5200000, 0x00000000e5300000, 0x00000000e5300000|100%| O|  |TAMS 0x00000000e5200000, 0x00000000e5300000| Untracked 
|  83|0x00000000e5300000, 0x00000000e5400000, 0x00000000e5400000|100%| O|  |TAMS 0x00000000e5300000, 0x00000000e5400000| Untracked 
|  84|0x00000000e5400000, 0x00000000e5500000, 0x00000000e5500000|100%| O|  |TAMS 0x00000000e5400000, 0x00000000e5500000| Untracked 
|  85|0x00000000e5500000, 0x00000000e5600000, 0x00000000e5600000|100%| O|  |TAMS 0x00000000e5500000, 0x00000000e5600000| Untracked 
|  86|0x00000000e5600000, 0x00000000e5700000, 0x00000000e5700000|100%| O|  |TAMS 0x00000000e5600000, 0x00000000e5700000| Untracked 
|  87|0x00000000e5700000, 0x00000000e5800000, 0x00000000e5800000|100%| O|  |TAMS 0x00000000e5700000, 0x00000000e5800000| Untracked 
|  88|0x00000000e5800000, 0x00000000e5900000, 0x00000000e5900000|100%| O|  |TAMS 0x00000000e5800000, 0x00000000e5900000| Untracked 
|  89|0x00000000e5900000, 0x00000000e5a00000, 0x00000000e5a00000|100%| O|  |TAMS 0x00000000e5900000, 0x00000000e5a00000| Untracked 
|  90|0x00000000e5a00000, 0x00000000e5b00000, 0x00000000e5b00000|100%| O|  |TAMS 0x00000000e5a00000, 0x00000000e5b00000| Untracked 
|  91|0x00000000e5b00000, 0x00000000e5c00000, 0x00000000e5c00000|100%| O|  |TAMS 0x00000000e5b00000, 0x00000000e5c00000| Untracked 
|  92|0x00000000e5c00000, 0x00000000e5d00000, 0x00000000e5d00000|100%| O|  |TAMS 0x00000000e5c00000, 0x00000000e5d00000| Untracked 
|  93|0x00000000e5d00000, 0x00000000e5e00000, 0x00000000e5e00000|100%| O|  |TAMS 0x00000000e5d00000, 0x00000000e5e00000| Untracked 
|  94|0x00000000e5e00000, 0x00000000e5f00000, 0x00000000e5f00000|100%| O|  |TAMS 0x00000000e5e00000, 0x00000000e5f00000| Untracked 
|  95|0x00000000e5f00000, 0x00000000e6000000, 0x00000000e6000000|100%| O|  |TAMS 0x00000000e5f00000, 0x00000000e6000000| Untracked 
|  96|0x00000000e6000000, 0x00000000e6100000, 0x00000000e6100000|100%| O|  |TAMS 0x00000000e6000000, 0x00000000e6100000| Untracked 
|  97|0x00000000e6100000, 0x00000000e6200000, 0x00000000e6200000|100%| O|  |TAMS 0x00000000e6100000, 0x00000000e6200000| Untracked 
|  98|0x00000000e6200000, 0x00000000e6300000, 0x00000000e6300000|100%| O|  |TAMS 0x00000000e6200000, 0x00000000e6300000| Untracked 
|  99|0x00000000e6300000, 0x00000000e6400000, 0x00000000e6400000|100%| O|  |TAMS 0x00000000e6300000, 0x00000000e6400000| Untracked 
| 100|0x00000000e6400000, 0x00000000e6500000, 0x00000000e6500000|100%| O|  |TAMS 0x00000000e6400000, 0x00000000e6500000| Untracked 
| 101|0x00000000e6500000, 0x00000000e6600000, 0x00000000e6600000|100%| O|  |TAMS 0x00000000e6500000, 0x00000000e6600000| Untracked 
| 102|0x00000000e6600000, 0x00000000e6700000, 0x00000000e6700000|100%| O|  |TAMS 0x00000000e6600000, 0x00000000e6700000| Untracked 
| 103|0x00000000e6700000, 0x00000000e6800000, 0x00000000e6800000|100%| O|  |TAMS 0x00000000e6700000, 0x00000000e6800000| Untracked 
| 104|0x00000000e6800000, 0x00000000e6900000, 0x00000000e6900000|100%| O|  |TAMS 0x00000000e6800000, 0x00000000e6900000| Untracked 
| 105|0x00000000e6900000, 0x00000000e6a00000, 0x00000000e6a00000|100%| O|  |TAMS 0x00000000e6900000, 0x00000000e6a00000| Untracked 
| 106|0x00000000e6a00000, 0x00000000e6b00000, 0x00000000e6b00000|100%| O|  |TAMS 0x00000000e6a00000, 0x00000000e6b00000| Untracked 
| 107|0x00000000e6b00000, 0x00000000e6c00000, 0x00000000e6c00000|100%| O|  |TAMS 0x00000000e6b00000, 0x00000000e6c00000| Untracked 
| 108|0x00000000e6c00000, 0x00000000e6d00000, 0x00000000e6d00000|100%| O|  |TAMS 0x00000000e6c00000, 0x00000000e6d00000| Untracked 
| 109|0x00000000e6d00000, 0x00000000e6e00000, 0x00000000e6e00000|100%| O|  |TAMS 0x00000000e6d00000, 0x00000000e6e00000| Untracked 
| 110|0x00000000e6e00000, 0x00000000e6f00000, 0x00000000e6f00000|100%| O|  |TAMS 0x00000000e6e00000, 0x00000000e6f00000| Untracked 
| 111|0x00000000e6f00000, 0x00000000e7000000, 0x00000000e7000000|100%| O|  |TAMS 0x00000000e6f00000, 0x00000000e7000000| Untracked 
| 112|0x00000000e7000000, 0x00000000e7100000, 0x00000000e7100000|100%| O|  |TAMS 0x00000000e7000000, 0x00000000e7100000| Untracked 
| 113|0x00000000e7100000, 0x00000000e7200000, 0x00000000e7200000|100%| O|  |TAMS 0x00000000e7100000, 0x00000000e7200000| Untracked 
| 114|0x00000000e7200000, 0x00000000e7300000, 0x00000000e7300000|100%| O|  |TAMS 0x00000000e7200000, 0x00000000e7300000| Untracked 
| 115|0x00000000e7300000, 0x00000000e7400000, 0x00000000e7400000|100%| O|  |TAMS 0x00000000e7300000, 0x00000000e7400000| Untracked 
| 116|0x00000000e7400000, 0x00000000e7500000, 0x00000000e7500000|100%| O|  |TAMS 0x00000000e7400000, 0x00000000e7500000| Untracked 
| 117|0x00000000e7500000, 0x00000000e7600000, 0x00000000e7600000|100%| O|  |TAMS 0x00000000e7500000, 0x00000000e7600000| Untracked 
| 118|0x00000000e7600000, 0x00000000e76ea200, 0x00000000e7700000| 91%| O|  |TAMS 0x00000000e7600000, 0x00000000e76ea200| Untracked 
| 119|0x00000000e7700000, 0x00000000e7700000, 0x00000000e7800000|  0%| F|  |TAMS 0x00000000e7700000, 0x00000000e7700000| Untracked 
| 120|0x00000000e7800000, 0x00000000e7800000, 0x00000000e7900000|  0%| F|  |TAMS 0x00000000e7800000, 0x00000000e7800000| Untracked 
| 121|0x00000000e7900000, 0x00000000e7900000, 0x00000000e7a00000|  0%| F|  |TAMS 0x00000000e7900000, 0x00000000e7900000| Untracked 
| 122|0x00000000e7a00000, 0x00000000e7a00000, 0x00000000e7b00000|  0%| F|  |TAMS 0x00000000e7a00000, 0x00000000e7a00000| Untracked 
| 123|0x00000000e7b00000, 0x00000000e7b00000, 0x00000000e7c00000|  0%| F|  |TAMS 0x00000000e7b00000, 0x00000000e7b00000| Untracked 
| 124|0x00000000e7c00000, 0x00000000e7c00000, 0x00000000e7d00000|  0%| F|  |TAMS 0x00000000e7c00000, 0x00000000e7c00000| Untracked 
| 125|0x00000000e7d00000, 0x00000000e7d00000, 0x00000000e7e00000|  0%| F|  |TAMS 0x00000000e7d00000, 0x00000000e7d00000| Untracked 
| 126|0x00000000e7e00000, 0x00000000e7e00000, 0x00000000e7f00000|  0%| F|  |TAMS 0x00000000e7e00000, 0x00000000e7e00000| Untracked 
| 127|0x00000000e7f00000, 0x00000000e7f00000, 0x00000000e8000000|  0%| F|  |TAMS 0x00000000e7f00000, 0x00000000e7f00000| Untracked 
| 128|0x00000000e8000000, 0x00000000e8000000, 0x00000000e8100000|  0%| F|  |TAMS 0x00000000e8000000, 0x00000000e8000000| Untracked 
| 129|0x00000000e8100000, 0x00000000e8100000, 0x00000000e8200000|  0%| F|  |TAMS 0x00000000e8100000, 0x00000000e8100000| Untracked 
| 130|0x00000000e8200000, 0x00000000e8200000, 0x00000000e8300000|  0%| F|  |TAMS 0x00000000e8200000, 0x00000000e8200000| Untracked 
| 131|0x00000000e8300000, 0x00000000e8300000, 0x00000000e8400000|  0%| F|  |TAMS 0x00000000e8300000, 0x00000000e8300000| Untracked 
| 132|0x00000000e8400000, 0x00000000e8400000, 0x00000000e8500000|  0%| F|  |TAMS 0x00000000e8400000, 0x00000000e8400000| Untracked 
| 133|0x00000000e8500000, 0x00000000e8500000, 0x00000000e8600000|  0%| F|  |TAMS 0x00000000e8500000, 0x00000000e8500000| Untracked 
| 134|0x00000000e8600000, 0x00000000e8600000, 0x00000000e8700000|  0%| F|  |TAMS 0x00000000e8600000, 0x00000000e8600000| Untracked 
| 135|0x00000000e8700000, 0x00000000e8700000, 0x00000000e8800000|  0%| F|  |TAMS 0x00000000e8700000, 0x00000000e8700000| Untracked 
| 136|0x00000000e8800000, 0x00000000e8800000, 0x00000000e8900000|  0%| F|  |TAMS 0x00000000e8800000, 0x00000000e8800000| Untracked 
| 137|0x00000000e8900000, 0x00000000e8900000, 0x00000000e8a00000|  0%| F|  |TAMS 0x00000000e8900000, 0x00000000e8900000| Untracked 
| 138|0x00000000e8a00000, 0x00000000e8a00000, 0x00000000e8b00000|  0%| F|  |TAMS 0x00000000e8a00000, 0x00000000e8a00000| Untracked 
| 139|0x00000000e8b00000, 0x00000000e8b00000, 0x00000000e8c00000|  0%| F|  |TAMS 0x00000000e8b00000, 0x00000000e8b00000| Untracked 
| 140|0x00000000e8c00000, 0x00000000e8c00000, 0x00000000e8d00000|  0%| F|  |TAMS 0x00000000e8c00000, 0x00000000e8c00000| Untracked 
| 141|0x00000000e8d00000, 0x00000000e8d00000, 0x00000000e8e00000|  0%| F|  |TAMS 0x00000000e8d00000, 0x00000000e8d00000| Untracked 
| 142|0x00000000e8e00000, 0x00000000e8e00000, 0x00000000e8f00000|  0%| F|  |TAMS 0x00000000e8e00000, 0x00000000e8e00000| Untracked 
| 143|0x00000000e8f00000, 0x00000000e8f00000, 0x00000000e9000000|  0%| F|  |TAMS 0x00000000e8f00000, 0x00000000e8f00000| Untracked 
| 144|0x00000000e9000000, 0x00000000e9000000, 0x00000000e9100000|  0%| F|  |TAMS 0x00000000e9000000, 0x00000000e9000000| Untracked 
| 145|0x00000000e9100000, 0x00000000e9100000, 0x00000000e9200000|  0%| F|  |TAMS 0x00000000e9100000, 0x00000000e9100000| Untracked 
| 146|0x00000000e9200000, 0x00000000e9200000, 0x00000000e9300000|  0%| F|  |TAMS 0x00000000e9200000, 0x00000000e9200000| Untracked 
| 147|0x00000000e9300000, 0x00000000e9300000, 0x00000000e9400000|  0%| F|  |TAMS 0x00000000e9300000, 0x00000000e9300000| Untracked 
| 148|0x00000000e9400000, 0x00000000e9400000, 0x00000000e9500000|  0%| F|  |TAMS 0x00000000e9400000, 0x00000000e9400000| Untracked 
| 149|0x00000000e9500000, 0x00000000e9500000, 0x00000000e9600000|  0%| F|  |TAMS 0x00000000e9500000, 0x00000000e9500000| Untracked 
| 150|0x00000000e9600000, 0x00000000e9600000, 0x00000000e9700000|  0%| F|  |TAMS 0x00000000e9600000, 0x00000000e9600000| Untracked 
| 151|0x00000000e9700000, 0x00000000e9700000, 0x00000000e9800000|  0%| F|  |TAMS 0x00000000e9700000, 0x00000000e9700000| Untracked 
| 152|0x00000000e9800000, 0x00000000e9800000, 0x00000000e9900000|  0%| F|  |TAMS 0x00000000e9800000, 0x00000000e9800000| Untracked 
| 153|0x00000000e9900000, 0x00000000e9900000, 0x00000000e9a00000|  0%| F|  |TAMS 0x00000000e9900000, 0x00000000e9900000| Untracked 
| 154|0x00000000e9a00000, 0x00000000e9a00000, 0x00000000e9b00000|  0%| F|  |TAMS 0x00000000e9a00000, 0x00000000e9a00000| Untracked 
| 155|0x00000000e9b00000, 0x00000000e9b00000, 0x00000000e9c00000|  0%| F|  |TAMS 0x00000000e9b00000, 0x00000000e9b00000| Untracked 
| 156|0x00000000e9c00000, 0x00000000e9c00000, 0x00000000e9d00000|  0%| F|  |TAMS 0x00000000e9c00000, 0x00000000e9c00000| Untracked 
| 157|0x00000000e9d00000, 0x00000000e9d00000, 0x00000000e9e00000|  0%| F|  |TAMS 0x00000000e9d00000, 0x00000000e9d00000| Untracked 
| 158|0x00000000e9e00000, 0x00000000e9e00000, 0x00000000e9f00000|  0%| F|  |TAMS 0x00000000e9e00000, 0x00000000e9e00000| Untracked 
| 159|0x00000000e9f00000, 0x00000000ea000000, 0x00000000ea000000|100%| S|CS|TAMS 0x00000000e9f00000, 0x00000000e9f00000| Complete 
| 160|0x00000000ea000000, 0x00000000ea100000, 0x00000000ea100000|100%| S|CS|TAMS 0x00000000ea000000, 0x00000000ea000000| Complete 
| 161|0x00000000ea100000, 0x00000000ea200000, 0x00000000ea200000|100%| S|CS|TAMS 0x00000000ea100000, 0x00000000ea100000| Complete 
| 162|0x00000000ea200000, 0x00000000ea300000, 0x00000000ea300000|100%| S|CS|TAMS 0x00000000ea200000, 0x00000000ea200000| Complete 
| 163|0x00000000ea300000, 0x00000000ea300000, 0x00000000ea400000|  0%| F|  |TAMS 0x00000000ea300000, 0x00000000ea300000| Untracked 
| 164|0x00000000ea400000, 0x00000000ea400000, 0x00000000ea500000|  0%| F|  |TAMS 0x00000000ea400000, 0x00000000ea400000| Untracked 
| 165|0x00000000ea500000, 0x00000000ea500000, 0x00000000ea600000|  0%| F|  |TAMS 0x00000000ea500000, 0x00000000ea500000| Untracked 
| 166|0x00000000ea600000, 0x00000000ea600000, 0x00000000ea700000|  0%| F|  |TAMS 0x00000000ea600000, 0x00000000ea600000| Untracked 
| 167|0x00000000ea700000, 0x00000000ea700000, 0x00000000ea800000|  0%| F|  |TAMS 0x00000000ea700000, 0x00000000ea700000| Untracked 
| 168|0x00000000ea800000, 0x00000000ea800000, 0x00000000ea900000|  0%| F|  |TAMS 0x00000000ea800000, 0x00000000ea800000| Untracked 
| 169|0x00000000ea900000, 0x00000000ea900000, 0x00000000eaa00000|  0%| F|  |TAMS 0x00000000ea900000, 0x00000000ea900000| Untracked 
| 170|0x00000000eaa00000, 0x00000000eaa00000, 0x00000000eab00000|  0%| F|  |TAMS 0x00000000eaa00000, 0x00000000eaa00000| Untracked 
| 171|0x00000000eab00000, 0x00000000eab00000, 0x00000000eac00000|  0%| F|  |TAMS 0x00000000eab00000, 0x00000000eab00000| Untracked 
| 172|0x00000000eac00000, 0x00000000eac00000, 0x00000000ead00000|  0%| F|  |TAMS 0x00000000eac00000, 0x00000000eac00000| Untracked 
| 173|0x00000000ead00000, 0x00000000ead00000, 0x00000000eae00000|  0%| F|  |TAMS 0x00000000ead00000, 0x00000000ead00000| Untracked 
| 174|0x00000000eae00000, 0x00000000eae00000, 0x00000000eaf00000|  0%| F|  |TAMS 0x00000000eae00000, 0x00000000eae00000| Untracked 
| 175|0x00000000eaf00000, 0x00000000eaf00000, 0x00000000eb000000|  0%| F|  |TAMS 0x00000000eaf00000, 0x00000000eaf00000| Untracked 
| 176|0x00000000eb000000, 0x00000000eb000000, 0x00000000eb100000|  0%| F|  |TAMS 0x00000000eb000000, 0x00000000eb000000| Untracked 
| 177|0x00000000eb100000, 0x00000000eb100000, 0x00000000eb200000|  0%| F|  |TAMS 0x00000000eb100000, 0x00000000eb100000| Untracked 
| 178|0x00000000eb200000, 0x00000000eb200000, 0x00000000eb300000|  0%| F|  |TAMS 0x00000000eb200000, 0x00000000eb200000| Untracked 
| 179|0x00000000eb300000, 0x00000000eb300000, 0x00000000eb400000|  0%| F|  |TAMS 0x00000000eb300000, 0x00000000eb300000| Untracked 
| 180|0x00000000eb400000, 0x00000000eb400000, 0x00000000eb500000|  0%| F|  |TAMS 0x00000000eb400000, 0x00000000eb400000| Untracked 
| 181|0x00000000eb500000, 0x00000000eb500000, 0x00000000eb600000|  0%| F|  |TAMS 0x00000000eb500000, 0x00000000eb500000| Untracked 
| 182|0x00000000eb600000, 0x00000000eb600000, 0x00000000eb700000|  0%| F|  |TAMS 0x00000000eb600000, 0x00000000eb600000| Untracked 
| 183|0x00000000eb700000, 0x00000000eb700000, 0x00000000eb800000|  0%| F|  |TAMS 0x00000000eb700000, 0x00000000eb700000| Untracked 
| 184|0x00000000eb800000, 0x00000000eb800000, 0x00000000eb900000|  0%| F|  |TAMS 0x00000000eb800000, 0x00000000eb800000| Untracked 
| 185|0x00000000eb900000, 0x00000000eb900000, 0x00000000eba00000|  0%| F|  |TAMS 0x00000000eb900000, 0x00000000eb900000| Untracked 
| 186|0x00000000eba00000, 0x00000000eba00000, 0x00000000ebb00000|  0%| F|  |TAMS 0x00000000eba00000, 0x00000000eba00000| Untracked 
| 187|0x00000000ebb00000, 0x00000000ebb00000, 0x00000000ebc00000|  0%| F|  |TAMS 0x00000000ebb00000, 0x00000000ebb00000| Untracked 
| 188|0x00000000ebc00000, 0x00000000ebc00000, 0x00000000ebd00000|  0%| F|  |TAMS 0x00000000ebc00000, 0x00000000ebc00000| Untracked 
| 189|0x00000000ebd00000, 0x00000000ebd00000, 0x00000000ebe00000|  0%| F|  |TAMS 0x00000000ebd00000, 0x00000000ebd00000| Untracked 
| 190|0x00000000ebe00000, 0x00000000ebe00000, 0x00000000ebf00000|  0%| F|  |TAMS 0x00000000ebe00000, 0x00000000ebe00000| Untracked 
| 191|0x00000000ebf00000, 0x00000000ebf00000, 0x00000000ec000000|  0%| F|  |TAMS 0x00000000ebf00000, 0x00000000ebf00000| Untracked 
| 192|0x00000000ec000000, 0x00000000ec000000, 0x00000000ec100000|  0%| F|  |TAMS 0x00000000ec000000, 0x00000000ec000000| Untracked 
| 193|0x00000000ec100000, 0x00000000ec100000, 0x00000000ec200000|  0%| F|  |TAMS 0x00000000ec100000, 0x00000000ec100000| Untracked 
| 194|0x00000000ec200000, 0x00000000ec200000, 0x00000000ec300000|  0%| F|  |TAMS 0x00000000ec200000, 0x00000000ec200000| Untracked 
| 195|0x00000000ec300000, 0x00000000ec300000, 0x00000000ec400000|  0%| F|  |TAMS 0x00000000ec300000, 0x00000000ec300000| Untracked 
| 196|0x00000000ec400000, 0x00000000ec400000, 0x00000000ec500000|  0%| F|  |TAMS 0x00000000ec400000, 0x00000000ec400000| Untracked 
| 197|0x00000000ec500000, 0x00000000ec500000, 0x00000000ec600000|  0%| F|  |TAMS 0x00000000ec500000, 0x00000000ec500000| Untracked 
| 198|0x00000000ec600000, 0x00000000ec600000, 0x00000000ec700000|  0%| F|  |TAMS 0x00000000ec600000, 0x00000000ec600000| Untracked 
| 199|0x00000000ec700000, 0x00000000ec700000, 0x00000000ec800000|  0%| F|  |TAMS 0x00000000ec700000, 0x00000000ec700000| Untracked 
| 200|0x00000000ec800000, 0x00000000ec800000, 0x00000000ec900000|  0%| F|  |TAMS 0x00000000ec800000, 0x00000000ec800000| Untracked 
| 201|0x00000000ec900000, 0x00000000ec900000, 0x00000000eca00000|  0%| F|  |TAMS 0x00000000ec900000, 0x00000000ec900000| Untracked 
| 202|0x00000000eca00000, 0x00000000eca00000, 0x00000000ecb00000|  0%| F|  |TAMS 0x00000000eca00000, 0x00000000eca00000| Untracked 
| 203|0x00000000ecb00000, 0x00000000ecb00000, 0x00000000ecc00000|  0%| F|  |TAMS 0x00000000ecb00000, 0x00000000ecb00000| Untracked 
| 204|0x00000000ecc00000, 0x00000000ecc00000, 0x00000000ecd00000|  0%| F|  |TAMS 0x00000000ecc00000, 0x00000000ecc00000| Untracked 
| 205|0x00000000ecd00000, 0x00000000ecd00000, 0x00000000ece00000|  0%| F|  |TAMS 0x00000000ecd00000, 0x00000000ecd00000| Untracked 
| 206|0x00000000ece00000, 0x00000000ece00000, 0x00000000ecf00000|  0%| F|  |TAMS 0x00000000ece00000, 0x00000000ece00000| Untracked 
| 207|0x00000000ecf00000, 0x00000000ecf00000, 0x00000000ed000000|  0%| F|  |TAMS 0x00000000ecf00000, 0x00000000ecf00000| Untracked 
| 208|0x00000000ed000000, 0x00000000ed000000, 0x00000000ed100000|  0%| F|  |TAMS 0x00000000ed000000, 0x00000000ed000000| Untracked 
| 209|0x00000000ed100000, 0x00000000ed100000, 0x00000000ed200000|  0%| F|  |TAMS 0x00000000ed100000, 0x00000000ed100000| Untracked 
| 210|0x00000000ed200000, 0x00000000ed200000, 0x00000000ed300000|  0%| F|  |TAMS 0x00000000ed200000, 0x00000000ed200000| Untracked 
| 211|0x00000000ed300000, 0x00000000ed300000, 0x00000000ed400000|  0%| F|  |TAMS 0x00000000ed300000, 0x00000000ed300000| Untracked 
| 212|0x00000000ed400000, 0x00000000ed400000, 0x00000000ed500000|  0%| F|  |TAMS 0x00000000ed400000, 0x00000000ed400000| Untracked 
| 213|0x00000000ed500000, 0x00000000ed500000, 0x00000000ed600000|  0%| F|  |TAMS 0x00000000ed500000, 0x00000000ed500000| Untracked 
| 214|0x00000000ed600000, 0x00000000ed600000, 0x00000000ed700000|  0%| F|  |TAMS 0x00000000ed600000, 0x00000000ed600000| Untracked 
| 215|0x00000000ed700000, 0x00000000ed700000, 0x00000000ed800000|  0%| F|  |TAMS 0x00000000ed700000, 0x00000000ed700000| Untracked 
| 216|0x00000000ed800000, 0x00000000ed800000, 0x00000000ed900000|  0%| F|  |TAMS 0x00000000ed800000, 0x00000000ed800000| Untracked 
| 217|0x00000000ed900000, 0x00000000ed900000, 0x00000000eda00000|  0%| F|  |TAMS 0x00000000ed900000, 0x00000000ed900000| Untracked 
| 218|0x00000000eda00000, 0x00000000eda00000, 0x00000000edb00000|  0%| F|  |TAMS 0x00000000eda00000, 0x00000000eda00000| Untracked 
| 219|0x00000000edb00000, 0x00000000edbf1978, 0x00000000edc00000| 94%| E|  |TAMS 0x00000000edb00000, 0x00000000edb00000| Complete 
| 220|0x00000000edc00000, 0x00000000edd00000, 0x00000000edd00000|100%| E|CS|TAMS 0x00000000edc00000, 0x00000000edc00000| Complete 
| 221|0x00000000edd00000, 0x00000000ede00000, 0x00000000ede00000|100%| E|CS|TAMS 0x00000000edd00000, 0x00000000edd00000| Complete 
| 222|0x00000000ede00000, 0x00000000edf00000, 0x00000000edf00000|100%| E|CS|TAMS 0x00000000ede00000, 0x00000000ede00000| Complete 
| 223|0x00000000edf00000, 0x00000000ee000000, 0x00000000ee000000|100%| E|CS|TAMS 0x00000000edf00000, 0x00000000edf00000| Complete 
| 224|0x00000000ee000000, 0x00000000ee100000, 0x00000000ee100000|100%| E|CS|TAMS 0x00000000ee000000, 0x00000000ee000000| Complete 
| 225|0x00000000ee100000, 0x00000000ee200000, 0x00000000ee200000|100%| E|CS|TAMS 0x00000000ee100000, 0x00000000ee100000| Complete 
| 226|0x00000000ee200000, 0x00000000ee300000, 0x00000000ee300000|100%| E|CS|TAMS 0x00000000ee200000, 0x00000000ee200000| Complete 
| 227|0x00000000ee300000, 0x00000000ee400000, 0x00000000ee400000|100%| E|CS|TAMS 0x00000000ee300000, 0x00000000ee300000| Complete 
| 228|0x00000000ee400000, 0x00000000ee500000, 0x00000000ee500000|100%| E|CS|TAMS 0x00000000ee400000, 0x00000000ee400000| Complete 
| 229|0x00000000ee500000, 0x00000000ee600000, 0x00000000ee600000|100%| E|CS|TAMS 0x00000000ee500000, 0x00000000ee500000| Complete 
| 230|0x00000000ee600000, 0x00000000ee700000, 0x00000000ee700000|100%| E|CS|TAMS 0x00000000ee600000, 0x00000000ee600000| Complete 
| 231|0x00000000ee700000, 0x00000000ee800000, 0x00000000ee800000|100%| E|CS|TAMS 0x00000000ee700000, 0x00000000ee700000| Complete 
| 232|0x00000000ee800000, 0x00000000ee900000, 0x00000000ee900000|100%| E|CS|TAMS 0x00000000ee800000, 0x00000000ee800000| Complete 
| 233|0x00000000ee900000, 0x00000000eea00000, 0x00000000eea00000|100%| E|CS|TAMS 0x00000000ee900000, 0x00000000ee900000| Complete 
| 234|0x00000000eea00000, 0x00000000eeb00000, 0x00000000eeb00000|100%| E|CS|TAMS 0x00000000eea00000, 0x00000000eea00000| Complete 
| 235|0x00000000eeb00000, 0x00000000eec00000, 0x00000000eec00000|100%| E|CS|TAMS 0x00000000eeb00000, 0x00000000eeb00000| Complete 
| 236|0x00000000eec00000, 0x00000000eed00000, 0x00000000eed00000|100%| E|CS|TAMS 0x00000000eec00000, 0x00000000eec00000| Complete 
| 237|0x00000000eed00000, 0x00000000eee00000, 0x00000000eee00000|100%| E|CS|TAMS 0x00000000eed00000, 0x00000000eed00000| Complete 
| 238|0x00000000eee00000, 0x00000000eef00000, 0x00000000eef00000|100%| E|  |TAMS 0x00000000eee00000, 0x00000000eee00000| Complete 
| 239|0x00000000eef00000, 0x00000000ef000000, 0x00000000ef000000|100%| E|CS|TAMS 0x00000000eef00000, 0x00000000eef00000| Complete 
| 240|0x00000000ef000000, 0x00000000ef100000, 0x00000000ef100000|100%| E|CS|TAMS 0x00000000ef000000, 0x00000000ef000000| Complete 
| 241|0x00000000ef100000, 0x00000000ef200000, 0x00000000ef200000|100%| E|CS|TAMS 0x00000000ef100000, 0x00000000ef100000| Complete 
| 242|0x00000000ef200000, 0x00000000ef300000, 0x00000000ef300000|100%| E|CS|TAMS 0x00000000ef200000, 0x00000000ef200000| Complete 
| 243|0x00000000ef300000, 0x00000000ef400000, 0x00000000ef400000|100%| E|CS|TAMS 0x00000000ef300000, 0x00000000ef300000| Complete 
| 244|0x00000000ef400000, 0x00000000ef500000, 0x00000000ef500000|100%| E|CS|TAMS 0x00000000ef400000, 0x00000000ef400000| Complete 
| 245|0x00000000ef500000, 0x00000000ef600000, 0x00000000ef600000|100%| E|CS|TAMS 0x00000000ef500000, 0x00000000ef500000| Complete 
| 246|0x00000000ef600000, 0x00000000ef700000, 0x00000000ef700000|100%| E|CS|TAMS 0x00000000ef600000, 0x00000000ef600000| Complete 
| 247|0x00000000ef700000, 0x00000000ef800000, 0x00000000ef800000|100%| E|CS|TAMS 0x00000000ef700000, 0x00000000ef700000| Complete 
| 248|0x00000000ef800000, 0x00000000ef900000, 0x00000000ef900000|100%| E|CS|TAMS 0x00000000ef800000, 0x00000000ef800000| Complete 
| 249|0x00000000ef900000, 0x00000000efa00000, 0x00000000efa00000|100%| E|CS|TAMS 0x00000000ef900000, 0x00000000ef900000| Complete 
| 250|0x00000000efa00000, 0x00000000efb00000, 0x00000000efb00000|100%| E|CS|TAMS 0x00000000efa00000, 0x00000000efa00000| Complete 
| 251|0x00000000efb00000, 0x00000000efc00000, 0x00000000efc00000|100%| E|CS|TAMS 0x00000000efb00000, 0x00000000efb00000| Complete 
| 252|0x00000000efc00000, 0x00000000efd00000, 0x00000000efd00000|100%| E|CS|TAMS 0x00000000efc00000, 0x00000000efc00000| Complete 
| 253|0x00000000efd00000, 0x00000000efe00000, 0x00000000efe00000|100%| E|CS|TAMS 0x00000000efd00000, 0x00000000efd00000| Complete 
| 254|0x00000000efe00000, 0x00000000eff00000, 0x00000000eff00000|100%| E|CS|TAMS 0x00000000efe00000, 0x00000000efe00000| Complete 
| 255|0x00000000eff00000, 0x00000000f0000000, 0x00000000f0000000|100%| E|CS|TAMS 0x00000000eff00000, 0x00000000eff00000| Complete 

Card table byte_map: [0x00000287ff940000,0x00000287ffa40000] _byte_map_base: 0x00000287ff240000

Marking Bits (Prev, Next): (CMBitMap*) 0x00000287ff896150, (CMBitMap*) 0x00000287ff896110
 Prev Bits: [0x0000028797000000, 0x0000028797800000)
 Next Bits: [0x0000028796800000, 0x0000028797000000)

Polling page: 0x00000287fd680000

Metaspace:

Usage:
  Non-class:     65.84 MB used.
      Class:     10.01 MB used.
       Both:     75.85 MB used.

Virtual space:
  Non-class space:      128.00 MB reserved,      66.31 MB ( 52%) committed,  2 nodes.
      Class space:      320.00 MB reserved,      10.44 MB (  3%) committed,  1 nodes.
             Both:      448.00 MB reserved,      76.75 MB ( 17%) committed. 

Chunk freelists:
   Non-Class:  12.94 MB
       Class:  5.51 MB
        Both:  18.44 MB

MaxMetaspaceSize: 384.00 MB
CompressedClassSpaceSize: 320.00 MB
Initial GC threshold: 21.00 MB
Current GC threshold: 99.94 MB
CDS: on
MetaspaceReclaimPolicy: balanced
 - commit_granule_bytes: 65536.
 - commit_granule_words: 8192.
 - virtual_space_node_default_size: 8388608.
 - enlarge_chunks_in_place: 1.
 - new_chunks_are_fully_committed: 0.
 - uncommit_free_chunks: 1.
 - use_allocation_guard: 0.
 - handle_deallocations: 1.


Internal statistics:

num_allocs_failed_limit: 12.
num_arena_births: 1210.
num_arena_deaths: 0.
num_vsnodes_births: 3.
num_vsnodes_deaths: 0.
num_space_committed: 1228.
num_space_uncommitted: 0.
num_chunks_returned_to_freelist: 12.
num_chunks_taken_from_freelist: 4797.
num_chunk_merges: 12.
num_chunk_splits: 2949.
num_chunks_enlarged: 1725.
num_inconsistent_stats: 0.

CodeHeap 'non-profiled nmethods': size=120000Kb used=12427Kb max_used=12450Kb free=107572Kb
 bounds [0x000002878f2d0000, 0x000002878ff10000, 0x0000028796800000]
CodeHeap 'profiled nmethods': size=120000Kb used=29651Kb max_used=31482Kb free=90348Kb
 bounds [0x0000028787800000, 0x00000287896d0000, 0x000002878ed30000]
CodeHeap 'non-nmethods': size=5760Kb used=2374Kb max_used=2520Kb free=3385Kb
 bounds [0x000002878ed30000, 0x000002878efc0000, 0x000002878f2d0000]
 total_blobs=15988 nmethods=15088 adapters=811
 compilation: enabled
              stopped_count=0, restarted_count=0
 full_count=0

Compilation events (20 events):
Event: 7050.980 Thread 0x00000287b85ca060 nmethod 19026 0x000002878f7b8390 code [0x000002878f7b8500, 0x000002878f7b8ab8]
Event: 7051.020 Thread 0x00000287b85ca060 19027       4       org.gradle.api.internal.artifacts.ivyservice.resolveengine.graph.builder.DependencyState::maybeAddReason (37 bytes)
Event: 7051.037 Thread 0x00000287b85ca060 nmethod 19027 0x000002878f7b6790 code [0x000002878f7b6980, 0x000002878f7b7bf8]
Event: 7051.102 Thread 0x000002879998f4f0 19028       4       org.gradle.internal.component.model.DefaultIvyArtifactName::computeHashCode (71 bytes)
Event: 7051.109 Thread 0x00000287b85ca060 19029       4       org.gradle.api.internal.artifacts.ivyservice.resolveengine.graph.builder.SelectorState::update (95 bytes)
Event: 7051.115 Thread 0x000002879998f4f0 nmethod 19028 0x000002878f7b5810 code [0x000002878f7b59e0, 0x000002878f7b6310]
Event: 7051.132 Thread 0x00000287b85ca060 nmethod 19029 0x000002878fbe8e10 code [0x000002878fbe90a0, 0x000002878fbea198]
Event: 7051.247 Thread 0x00000287999f7970 19030       3       org.gradle.internal.snapshot.impl.IsolatedArray::isolate (5 bytes)
Event: 7051.248 Thread 0x00000287999f7970 nmethod 19030 0x0000028787a72290 code [0x0000028787a72440, 0x0000028787a72588]
Event: 7051.248 Thread 0x00000287999f7970 19031       3       org.gradle.internal.snapshot.impl.IsolatedArray::isolate (60 bytes)
Event: 7051.248 Thread 0x00000287999f7970 nmethod 19031 0x0000028788677a90 code [0x0000028788677cc0, 0x0000028788678628]
Event: 7051.248 Thread 0x00000287999f7970 19032       3       com.google.common.collect.ImmutableSet::of (18 bytes)
Event: 7051.248 Thread 0x00000287999f7970 nmethod 19032 0x0000028787a34510 code [0x0000028787a346e0, 0x0000028787a34bc8]
Event: 7051.297 Thread 0x000002879998f4f0 19033       4       org.gradle.internal.component.model.DefaultExternalModuleComponentGraphResolveState::getCandidatesForGraphVariantSelection (9 bytes)
Event: 7051.301 Thread 0x000002879998f4f0 nmethod 19033 0x000002878fbe8310 code [0x000002878fbe84a0, 0x000002878fbe8bf8]
Event: 7051.312 Thread 0x000002879998f4f0 19034       4       org.gradle.api.internal.attributes.DefaultAttributesFactory::mutable (5 bytes)
Event: 7051.317 Thread 0x000002879998f4f0 nmethod 19034 0x000002878fbe7b90 code [0x000002878fbe7d20, 0x000002878fbe81f8]
Event: 7051.333 Thread 0x000002879998f4f0 19035   !   4       org.gradle.cache.internal.DefaultCacheCoordinator::takeOwnership (50 bytes)
Event: 7051.353 Thread 0x000002879998f4f0 nmethod 19035 0x000002878fbe5a90 code [0x000002878fbe5ce0, 0x000002878fbe7060]
Event: 7051.419 Thread 0x000002879998f4f0 19036   !   4       org.gradle.cache.internal.DefaultCacheCoordinator::useCache (191 bytes)

GC Heap History (20 events):
Event: 34.366 GC heap before
{Heap before GC invocations=20 (full 0):
 garbage-first heap   total 262144K, used 207576K [0x00000000e0000000, 0x0000000100000000)
  region size 1024K, 122 young (124928K), 11 survivors (11264K)
 Metaspace       used 74780K, committed 75648K, reserved 393216K
  class space    used 10010K, committed 10432K, reserved 327680K
}
Event: 34.374 GC heap after
{Heap after GC invocations=21 (full 0):
 garbage-first heap   total 262144K, used 96122K [0x00000000e0000000, 0x0000000100000000)
  region size 1024K, 8 young (8192K), 8 survivors (8192K)
 Metaspace       used 74780K, committed 75648K, reserved 393216K
  class space    used 10010K, committed 10432K, reserved 327680K
}
Event: 35.604 GC heap before
{Heap before GC invocations=21 (full 0):
 garbage-first heap   total 262144K, used 211834K [0x00000000e0000000, 0x0000000100000000)
  region size 1024K, 121 young (123904K), 8 survivors (8192K)
 Metaspace       used 74794K, committed 75648K, reserved 393216K
  class space    used 10011K, committed 10432K, reserved 327680K
}
Event: 35.612 GC heap after
{Heap after GC invocations=22 (full 0):
 garbage-first heap   total 262144K, used 99766K [0x00000000e0000000, 0x0000000100000000)
  region size 1024K, 11 young (11264K), 11 survivors (11264K)
 Metaspace       used 74794K, committed 75648K, reserved 393216K
  class space    used 10011K, committed 10432K, reserved 327680K
}
Event: 36.224 GC heap before
{Heap before GC invocations=22 (full 0):
 garbage-first heap   total 262144K, used 213430K [0x00000000e0000000, 0x0000000100000000)
  region size 1024K, 122 young (124928K), 11 survivors (11264K)
 Metaspace       used 74799K, committed 75648K, reserved 393216K
  class space    used 10011K, committed 10432K, reserved 327680K
}
Event: 36.234 GC heap after
{Heap after GC invocations=23 (full 0):
 garbage-first heap   total 262144K, used 100613K [0x00000000e0000000, 0x0000000100000000)
  region size 1024K, 9 young (9216K), 9 survivors (9216K)
 Metaspace       used 74799K, committed 75648K, reserved 393216K
  class space    used 10011K, committed 10432K, reserved 327680K
}
Event: 36.868 GC heap before
{Heap before GC invocations=23 (full 0):
 garbage-first heap   total 262144K, used 216325K [0x00000000e0000000, 0x0000000100000000)
  region size 1024K, 121 young (123904K), 9 survivors (9216K)
 Metaspace       used 74800K, committed 75648K, reserved 393216K
  class space    used 10011K, committed 10432K, reserved 327680K
}
Event: 36.875 GC heap after
{Heap after GC invocations=24 (full 0):
 garbage-first heap   total 262144K, used 102925K [0x00000000e0000000, 0x0000000100000000)
  region size 1024K, 10 young (10240K), 10 survivors (10240K)
 Metaspace       used 74800K, committed 75648K, reserved 393216K
  class space    used 10011K, committed 10432K, reserved 327680K
}
Event: 581.504 GC heap before
{Heap before GC invocations=24 (full 0):
 garbage-first heap   total 262144K, used 215565K [0x00000000e0000000, 0x0000000100000000)
  region size 1024K, 121 young (123904K), 10 survivors (10240K)
 Metaspace       used 76063K, committed 76928K, reserved 458752K
  class space    used 10168K, committed 10624K, reserved 327680K
}
Event: 581.517 GC heap after
{Heap after GC invocations=25 (full 0):
 garbage-first heap   total 262144K, used 109245K [0x00000000e0000000, 0x0000000100000000)
  region size 1024K, 13 young (13312K), 13 survivors (13312K)
 Metaspace       used 76063K, committed 76928K, reserved 458752K
  class space    used 10168K, committed 10624K, reserved 327680K
}
Event: 582.374 GC heap before
{Heap before GC invocations=25 (full 0):
 garbage-first heap   total 262144K, used 214717K [0x00000000e0000000, 0x0000000100000000)
  region size 1024K, 116 young (118784K), 13 survivors (13312K)
 Metaspace       used 76397K, committed 77312K, reserved 458752K
  class space    used 10171K, committed 10624K, reserved 327680K
}
Event: 582.387 GC heap after
{Heap after GC invocations=26 (full 0):
 garbage-first heap   total 262144K, used 117908K [0x00000000e0000000, 0x0000000100000000)
  region size 1024K, 11 young (11264K), 11 survivors (11264K)
 Metaspace       used 76397K, committed 77312K, reserved 458752K
  class space    used 10171K, committed 10624K, reserved 327680K
}
Event: 993.551 GC heap before
{Heap before GC invocations=26 (full 0):
 garbage-first heap   total 262144K, used 212116K [0x00000000e0000000, 0x0000000100000000)
  region size 1024K, 104 young (106496K), 11 survivors (11264K)
 Metaspace       used 77072K, committed 78016K, reserved 458752K
  class space    used 10225K, committed 10688K, reserved 327680K
}
Event: 993.559 GC heap after
{Heap after GC invocations=27 (full 0):
 garbage-first heap   total 262144K, used 118570K [0x00000000e0000000, 0x0000000100000000)
  region size 1024K, 6 young (6144K), 6 survivors (6144K)
 Metaspace       used 77072K, committed 78016K, reserved 458752K
  class space    used 10225K, committed 10688K, reserved 327680K
}
Event: 994.416 GC heap before
{Heap before GC invocations=27 (full 0):
 garbage-first heap   total 262144K, used 214826K [0x00000000e0000000, 0x0000000100000000)
  region size 1024K, 100 young (102400K), 6 survivors (6144K)
 Metaspace       used 77226K, committed 78144K, reserved 458752K
  class space    used 10227K, committed 10688K, reserved 327680K
}
Event: 994.426 GC heap after
{Heap after GC invocations=28 (full 0):
 garbage-first heap   total 262144K, used 126231K [0x00000000e0000000, 0x0000000100000000)
  region size 1024K, 13 young (13312K), 13 survivors (13312K)
 Metaspace       used 77226K, committed 78144K, reserved 458752K
  class space    used 10227K, committed 10688K, reserved 327680K
}
Event: 2282.128 GC heap before
{Heap before GC invocations=28 (full 0):
 garbage-first heap   total 262144K, used 213271K [0x00000000e0000000, 0x0000000100000000)
  region size 1024K, 98 young (100352K), 13 survivors (13312K)
 Metaspace       used 77417K, committed 78400K, reserved 458752K
  class space    used 10233K, committed 10688K, reserved 327680K
}
Event: 2282.176 GC heap after
{Heap after GC invocations=29 (full 0):
 garbage-first heap   total 262144K, used 124840K [0x00000000e0000000, 0x0000000100000000)
  region size 1024K, 3 young (3072K), 3 survivors (3072K)
 Metaspace       used 77417K, committed 78400K, reserved 458752K
  class space    used 10233K, committed 10688K, reserved 327680K
}
Event: 7049.751 GC heap before
{Heap before GC invocations=29 (full 0):
 garbage-first heap   total 262144K, used 215976K [0x00000000e0000000, 0x0000000100000000)
  region size 1024K, 93 young (95232K), 3 survivors (3072K)
 Metaspace       used 77659K, committed 78528K, reserved 458752K
  class space    used 10245K, committed 10688K, reserved 327680K
}
Event: 7049.893 GC heap after
{Heap after GC invocations=30 (full 0):
 garbage-first heap   total 262144K, used 125864K [0x00000000e0000000, 0x0000000100000000)
  region size 1024K, 4 young (4096K), 4 survivors (4096K)
 Metaspace       used 77659K, committed 78528K, reserved 458752K
  class space    used 10245K, committed 10688K, reserved 327680K
}

Deoptimization events (20 events):
Event: 7049.501 Thread 0x00000287b6f8dcc0 Uncommon trap: trap_request=0xffffff45 fr.pc=0x000002878fd1045c relative=0x000000000000133c
Event: 7049.501 Thread 0x00000287b6f8dcc0 Uncommon trap: reason=unstable_if action=reinterpret pc=0x000002878fd1045c method=java.util.concurrent.ConcurrentHashMap.addCount(JI)V @ 97 c2
Event: 7049.501 Thread 0x00000287b6f8dcc0 DEOPT PACKING pc=0x000002878fd1045c sp=0x000000a955ef7d60
Event: 7049.501 Thread 0x00000287b6f8dcc0 DEOPT UNPACKING pc=0x000002878ed823a3 sp=0x000000a955ef7c30 mode 2
Event: 7050.976 Thread 0x00000287b6f8dcc0 Uncommon trap: trap_request=0xffffffd6 fr.pc=0x000002878f5140d0 relative=0x00000000000003b0
Event: 7050.976 Thread 0x00000287b6f8dcc0 Uncommon trap: reason=array_check action=maybe_recompile pc=0x000002878f5140d0 method=java.util.LinkedHashMap.keysToArray([Ljava/lang/Object;)[Ljava/lang/Object; @ 25 c2
Event: 7050.976 Thread 0x00000287b6f8dcc0 DEOPT PACKING pc=0x000002878f5140d0 sp=0x000000a955ef7690
Event: 7050.976 Thread 0x00000287b6f8dcc0 DEOPT UNPACKING pc=0x000002878ed823a3 sp=0x000000a955ef7638 mode 2
Event: 7050.977 Thread 0x00000287b6f8dcc0 Uncommon trap: trap_request=0xffffffd6 fr.pc=0x000002878f5140d0 relative=0x00000000000003b0
Event: 7050.977 Thread 0x00000287b6f8dcc0 Uncommon trap: reason=array_check action=maybe_recompile pc=0x000002878f5140d0 method=java.util.LinkedHashMap.keysToArray([Ljava/lang/Object;)[Ljava/lang/Object; @ 25 c2
Event: 7050.977 Thread 0x00000287b6f8dcc0 DEOPT PACKING pc=0x000002878f5140d0 sp=0x000000a955ef7690
Event: 7050.977 Thread 0x00000287b6f8dcc0 DEOPT UNPACKING pc=0x000002878ed823a3 sp=0x000000a955ef7638 mode 2
Event: 7051.019 Thread 0x00000287b6f8dcc0 Uncommon trap: trap_request=0xffffffd6 fr.pc=0x000002878f5140d0 relative=0x00000000000003b0
Event: 7051.019 Thread 0x00000287b6f8dcc0 Uncommon trap: reason=array_check action=maybe_recompile pc=0x000002878f5140d0 method=java.util.LinkedHashMap.keysToArray([Ljava/lang/Object;)[Ljava/lang/Object; @ 25 c2
Event: 7051.019 Thread 0x00000287b6f8dcc0 DEOPT PACKING pc=0x000002878f5140d0 sp=0x000000a955ef76e0
Event: 7051.019 Thread 0x00000287b6f8dcc0 DEOPT UNPACKING pc=0x000002878ed823a3 sp=0x000000a955ef7688 mode 2
Event: 7051.039 Thread 0x00000287b6f8dcc0 Uncommon trap: trap_request=0xffffffd6 fr.pc=0x000002878f5140d0 relative=0x00000000000003b0
Event: 7051.039 Thread 0x00000287b6f8dcc0 Uncommon trap: reason=array_check action=maybe_recompile pc=0x000002878f5140d0 method=java.util.LinkedHashMap.keysToArray([Ljava/lang/Object;)[Ljava/lang/Object; @ 25 c2
Event: 7051.039 Thread 0x00000287b6f8dcc0 DEOPT PACKING pc=0x000002878f5140d0 sp=0x000000a955ef76e0
Event: 7051.039 Thread 0x00000287b6f8dcc0 DEOPT UNPACKING pc=0x000002878ed823a3 sp=0x000000a955ef7688 mode 2

Classes unloaded (0 events):
No events

Classes redefined (0 events):
No events

Internal exceptions (20 events):
Event: 993.377 Thread 0x00000287b75a5380 Exception <a 'java/lang/NoClassDefFoundError'{0x00000000eaf4f490}: org/jetbrains/kotlin/gradle/plugin/KotlinPluginWrapper> (0x00000000eaf4f490) 
thrown [s\open\src\hotspot\share\oops\constantPool.cpp, line 837]
Event: 993.377 Thread 0x00000287b75a5380 Exception <a 'java/lang/NoClassDefFoundError'{0x00000000eaf51588}: org/graalvm/buildtools/gradle/NativeImagePlugin> (0x00000000eaf51588) 
thrown [s\open\src\hotspot\share\oops\constantPool.cpp, line 837]
Event: 993.377 Thread 0x00000287b75a5380 Exception <a 'java/lang/NoClassDefFoundError'{0x00000000eaf53670}: org/cyclonedx/gradle/CycloneDxPlugin> (0x00000000eaf53670) 
thrown [s\open\src\hotspot\share\oops\constantPool.cpp, line 837]
Event: 6762.531 Thread 0x00000287b75a4450 Exception <a 'sun/net/ConnectionResetException'{0x00000000eb900338}: Connection reset> (0x00000000eb900338) 
thrown [s\open\src\hotspot\share\prims\jni.cpp, line 535]
Event: 6762.631 Thread 0x00000287b618c3d0 Exception <a 'java/io/IOException'{0x00000000ecd7cce8}: Connection reset by peer> (0x00000000ecd7cce8) 
thrown [s\open\src\hotspot\share\prims\jni.cpp, line 535]
Event: 6762.682 Thread 0x00000287b7f17710 Exception <a 'java/lang/reflect/InvocationTargetException'{0x00000000eb98f2a0}> (0x00000000eb98f2a0) 
thrown [s\open\src\hotspot\share\runtime\reflection.cpp, line 1121]
Event: 6762.858 Thread 0x00000287b618a060 Exception <a 'java/io/IOException'{0x00000000ebadf040}: Connection reset by peer> (0x00000000ebadf040) 
thrown [s\open\src\hotspot\share\prims\jni.cpp, line 535]
Event: 6762.863 Thread 0x00000287b618a060 Exception <a 'java/io/IOException'{0x00000000ebadfc90}: Connection reset by peer> (0x00000000ebadfc90) 
thrown [s\open\src\hotspot\share\prims\jni.cpp, line 535]
Event: 6762.953 Thread 0x00000287b75a5380 Exception <a 'sun/nio/fs/WindowsException'{0x00000000eff62a40}> (0x00000000eff62a40) 
thrown [s\open\src\hotspot\share\prims\jni.cpp, line 516]
Event: 6762.955 Thread 0x00000287b75a5380 Exception <a 'sun/nio/fs/WindowsException'{0x00000000eff62d58}> (0x00000000eff62d58) 
thrown [s\open\src\hotspot\share\prims\jni.cpp, line 516]
Event: 6763.208 Thread 0x00000287b75a3f40 Exception <a 'java/io/IOException'{0x00000000eb792310}: Connection reset by peer> (0x00000000eb792310) 
thrown [s\open\src\hotspot\share\prims\jni.cpp, line 535]
Event: 6763.229 Thread 0x00000287b75a3f40 Exception <a 'java/io/IOException'{0x00000000eb63a9b8}: Connection reset by peer> (0x00000000eb63a9b8) 
thrown [s\open\src\hotspot\share\prims\jni.cpp, line 535]
Event: 6763.230 Thread 0x00000287b75a3f40 Exception <a 'java/io/IOException'{0x00000000eb63d798}: Connection reset by peer> (0x00000000eb63d798) 
thrown [s\open\src\hotspot\share\prims\jni.cpp, line 535]
Event: 7049.297 Thread 0x00000287b6f8dcc0 Exception <a 'sun/nio/fs/WindowsException'{0x00000000ead31968}> (0x00000000ead31968) 
thrown [s\open\src\hotspot\share\prims\jni.cpp, line 516]
Event: 7049.298 Thread 0x00000287b6f8dcc0 Exception <a 'sun/nio/fs/WindowsException'{0x00000000ead32ee0}> (0x00000000ead32ee0) 
thrown [s\open\src\hotspot\share\prims\jni.cpp, line 516]
Event: 7049.299 Thread 0x00000287b6f8dcc0 Exception <a 'sun/nio/fs/WindowsException'{0x00000000ead34458}> (0x00000000ead34458) 
thrown [s\open\src\hotspot\share\prims\jni.cpp, line 516]
Event: 7049.300 Thread 0x00000287b6f8dcc0 Exception <a 'sun/nio/fs/WindowsException'{0x00000000ead355c0}> (0x00000000ead355c0) 
thrown [s\open\src\hotspot\share\prims\jni.cpp, line 516]
Event: 7049.653 Thread 0x00000287b6f8dcc0 Exception <a 'java/lang/NoClassDefFoundError'{0x00000000ea5b52c0}: org/jetbrains/kotlin/gradle/plugin/KotlinPluginWrapper> (0x00000000ea5b52c0) 
thrown [s\open\src\hotspot\share\oops\constantPool.cpp, line 837]
Event: 7049.653 Thread 0x00000287b6f8dcc0 Exception <a 'java/lang/NoClassDefFoundError'{0x00000000ea5b73b8}: org/graalvm/buildtools/gradle/NativeImagePlugin> (0x00000000ea5b73b8) 
thrown [s\open\src\hotspot\share\oops\constantPool.cpp, line 837]
Event: 7049.653 Thread 0x00000287b6f8dcc0 Exception <a 'java/lang/NoClassDefFoundError'{0x00000000ea5b9700}: org/cyclonedx/gradle/CycloneDxPlugin> (0x00000000ea5b9700) 
thrown [s\open\src\hotspot\share\oops\constantPool.cpp, line 837]

VM Operations (20 events):
Event: 6763.569 Executing VM operation: Cleanup
Event: 6763.569 Executing VM operation: Cleanup done
Event: 6765.589 Executing VM operation: Cleanup
Event: 6765.589 Executing VM operation: Cleanup done
Event: 6794.283 Executing VM operation: HandshakeAllThreads
Event: 6794.283 Executing VM operation: HandshakeAllThreads done
Event: 6795.677 Executing VM operation: HandshakeAllThreads
Event: 6795.678 Executing VM operation: HandshakeAllThreads done
Event: 6796.684 Executing VM operation: Cleanup
Event: 6796.684 Executing VM operation: Cleanup done
Event: 6825.146 Executing VM operation: HandshakeAllThreads
Event: 6825.146 Executing VM operation: HandshakeAllThreads done
Event: 7048.977 Executing VM operation: Cleanup
Event: 7048.978 Executing VM operation: Cleanup done
Event: 7049.660 Executing VM operation: HandshakeAllThreads
Event: 7049.663 Executing VM operation: HandshakeAllThreads done
Event: 7049.751 Executing VM operation: G1CollectForAllocation
Event: 7049.893 Executing VM operation: G1CollectForAllocation done
Event: 7050.895 Executing VM operation: Cleanup
Event: 7050.912 Executing VM operation: Cleanup done

Events (20 events):
Event: 7050.119 Thread 0x00000287b7e23e70 Thread added: 0x00000287b7e23e70
Event: 7050.133 Thread 0x00000287b7e27620 Thread added: 0x00000287b7e27620
Event: 7050.159 Thread 0x00000287b7e24380 Thread added: 0x00000287b7e24380
Event: 7050.172 Thread 0x00000287b7e24890 Thread added: 0x00000287b7e24890
Event: 7050.186 Thread 0x00000287b7e24da0 Thread added: 0x00000287b7e24da0
Event: 7050.209 Thread 0x00000287b7e252b0 Thread added: 0x00000287b7e252b0
Event: 7050.221 Thread 0x00000287b7e257c0 Thread added: 0x00000287b7e257c0
Event: 7050.236 Thread 0x00000287b7e27110 Thread added: 0x00000287b7e27110
Event: 7050.249 Thread 0x00000287b7e25cd0 Thread added: 0x00000287b7e25cd0
Event: 7050.262 Thread 0x00000287b7f17200 Thread added: 0x00000287b7f17200
Event: 7050.298 Thread 0x00000287b7f17710 Thread added: 0x00000287b7f17710
Event: 7050.307 Thread 0x00000287b7f17c20 Thread added: 0x00000287b7f17c20
Event: 7050.319 Thread 0x00000287b4f506e0 Thread added: 0x00000287b4f506e0
Event: 7050.331 Thread 0x00000287b4f51100 Thread added: 0x00000287b4f51100
Event: 7050.348 Thread 0x00000287b6599330 Thread added: 0x00000287b6599330
Event: 7050.359 Thread 0x00000287b6598e20 Thread added: 0x00000287b6598e20
Event: 7050.373 Thread 0x00000287b659ac80 Thread added: 0x00000287b659ac80
Event: 7050.384 Thread 0x00000287b7f18b50 Thread added: 0x00000287b7f18b50
Event: 7050.397 Thread 0x00000287b7f19060 Thread added: 0x00000287b7f19060
Event: 7051.247 Thread 0x00000287b85ca060 Thread exited: 0x00000287b85ca060


Dynamic libraries:
0x00007ff7c0c40000 - 0x00007ff7c0c50000 	C:\Program Files\Java\jdk-17\bin\java.exe
0x00007ffab3a50000 - 0x00007ffab3c48000 	C:\WINDOWS\SYSTEM32\ntdll.dll
0x00007ffab3360000 - 0x00007ffab3422000 	C:\WINDOWS\System32\KERNEL32.DLL
0x00007ffab12e0000 - 0x00007ffab15d6000 	C:\WINDOWS\System32\KERNELBASE.dll
0x00007ffab1830000 - 0x00007ffab1930000 	C:\WINDOWS\System32\ucrtbase.dll
0x00007ffaaa410000 - 0x00007ffaaa429000 	C:\Program Files\Java\jdk-17\bin\jli.dll
0x00007ffab2bd0000 - 0x00007ffab2c7f000 	C:\WINDOWS\System32\ADVAPI32.dll
0x00007ffab1ad0000 - 0x00007ffab1b6e000 	C:\WINDOWS\System32\msvcrt.dll
0x00007ffab29a0000 - 0x00007ffab2a3f000 	C:\WINDOWS\System32\sechost.dll
0x00007ffab2aa0000 - 0x00007ffab2bc3000 	C:\WINDOWS\System32\RPCRT4.dll
0x00007ffab10e0000 - 0x00007ffab1107000 	C:\WINDOWS\System32\bcrypt.dll
0x00007ffab3510000 - 0x00007ffab36ad000 	C:\WINDOWS\System32\USER32.dll
0x00007ffab12b0000 - 0x00007ffab12d2000 	C:\WINDOWS\System32\win32u.dll
0x00007ffab34e0000 - 0x00007ffab350b000 	C:\WINDOWS\System32\GDI32.dll
0x00007ffab1190000 - 0x00007ffab12aa000 	C:\WINDOWS\System32\gdi32full.dll
0x00007ffab1790000 - 0x00007ffab182d000 	C:\WINDOWS\System32\msvcp_win.dll
0x00007ffaa6c00000 - 0x00007ffaa6c1b000 	C:\Program Files\Java\jdk-17\bin\VCRUNTIME140.dll
0x00007ffaa1200000 - 0x00007ffaa149a000 	C:\WINDOWS\WinSxS\amd64_microsoft.windows.common-controls_6595b64144ccf1df_6.0.19041.4355_none_60b8b9eb71f62e16\COMCTL32.dll
0x00007ffaab2f0000 - 0x00007ffaab2fa000 	C:\WINDOWS\SYSTEM32\VERSION.dll
0x00007ffab3330000 - 0x00007ffab335f000 	C:\WINDOWS\System32\IMM32.DLL
0x00007ffaaa400000 - 0x00007ffaaa40c000 	C:\Program Files\Java\jdk-17\bin\vcruntime140_1.dll
0x00007ffa96130000 - 0x00007ffa961be000 	C:\Program Files\Java\jdk-17\bin\msvcp140.dll
0x00007ffa81c00000 - 0x00007ffa827e1000 	C:\Program Files\Java\jdk-17\bin\server\jvm.dll
0x00007ffab2510000 - 0x00007ffab2518000 	C:\WINDOWS\System32\PSAPI.DLL
0x00007ffaa9e70000 - 0x00007ffaa9e79000 	C:\WINDOWS\SYSTEM32\WSOCK32.dll
0x00007ffab32c0000 - 0x00007ffab332b000 	C:\WINDOWS\System32\WS2_32.dll
0x00007ffaa7b80000 - 0x00007ffaa7ba7000 	C:\WINDOWS\SYSTEM32\WINMM.dll
0x00007ffaaee60000 - 0x00007ffaaee72000 	C:\WINDOWS\SYSTEM32\kernel.appcore.dll
0x00007ffaa6bf0000 - 0x00007ffaa6bfa000 	C:\Program Files\Java\jdk-17\bin\jimage.dll
0x00007ffaa71d0000 - 0x00007ffaa73b4000 	C:\WINDOWS\SYSTEM32\DBGHELP.DLL
0x00007ffa9ebb0000 - 0x00007ffa9ebe4000 	C:\WINDOWS\SYSTEM32\dbgcore.DLL
0x00007ffab19e0000 - 0x00007ffab1a62000 	C:\WINDOWS\System32\bcryptPrimitives.dll
0x00007ffaa6660000 - 0x00007ffaa666e000 	C:\Program Files\Java\jdk-17\bin\instrument.dll
0x00007ffa96de0000 - 0x00007ffa96e05000 	C:\Program Files\Java\jdk-17\bin\java.dll
0x00007ffa88b10000 - 0x00007ffa88be7000 	C:\Program Files\Java\jdk-17\bin\jsvml.dll
0x00007ffab1cf0000 - 0x00007ffab245f000 	C:\WINDOWS\System32\SHELL32.dll
0x00007ffaaf140000 - 0x00007ffaaf8e3000 	C:\WINDOWS\SYSTEM32\windows.storage.dll
0x00007ffab36b0000 - 0x00007ffab3a05000 	C:\WINDOWS\System32\combase.dll
0x00007ffab09c0000 - 0x00007ffab09eb000 	C:\WINDOWS\SYSTEM32\Wldp.dll
0x00007ffab2610000 - 0x00007ffab26dd000 	C:\WINDOWS\System32\OLEAUT32.dll
0x00007ffab26e0000 - 0x00007ffab278d000 	C:\WINDOWS\System32\SHCORE.dll
0x00007ffab2a40000 - 0x00007ffab2a95000 	C:\WINDOWS\System32\shlwapi.dll
0x00007ffab1010000 - 0x00007ffab1035000 	C:\WINDOWS\SYSTEM32\profapi.dll
0x00007ffaa6640000 - 0x00007ffaa6658000 	C:\Program Files\Java\jdk-17\bin\zip.dll
0x00007ffaa5e30000 - 0x00007ffaa5e49000 	C:\Program Files\Java\jdk-17\bin\net.dll
0x00007ffaab340000 - 0x00007ffaab44a000 	C:\WINDOWS\SYSTEM32\WINHTTP.dll
0x00007ffab0740000 - 0x00007ffab07ac000 	C:\WINDOWS\system32\mswsock.dll
0x00007ffaa1060000 - 0x00007ffaa1076000 	C:\Program Files\Java\jdk-17\bin\nio.dll
0x00007ffaa5a90000 - 0x00007ffaa5aa0000 	C:\Program Files\Java\jdk-17\bin\verify.dll
0x00007ffaaa430000 - 0x00007ffaaa457000 	C:\Users\80418\.gradle\native\1def1411415f61bf3af743bc5b6707747c0891f09f0c88961ee8f79bc544acac\windows-amd64\native-platform.dll
0x00007ffa94880000 - 0x00007ffa948f8000 	C:\Users\80418\.gradle\native\0.2.7\x86_64-windows-gnu\gradle-fileevents.dll
0x00007ffaa1ee0000 - 0x00007ffaa1eea000 	C:\Program Files\Java\jdk-17\bin\management.dll
0x00007ffaa1ea0000 - 0x00007ffaa1eab000 	C:\Program Files\Java\jdk-17\bin\management_ext.dll
0x00007ffab0440000 - 0x00007ffab047b000 	C:\WINDOWS\SYSTEM32\IPHLPAPI.DLL
0x00007ffab2600000 - 0x00007ffab2608000 	C:\WINDOWS\System32\NSI.dll
0x00007ffaab9a0000 - 0x00007ffaab9b7000 	C:\WINDOWS\SYSTEM32\dhcpcsvc6.DLL
0x00007ffaab8f0000 - 0x00007ffaab90d000 	C:\WINDOWS\SYSTEM32\dhcpcsvc.DLL
0x00007ffab0480000 - 0x00007ffab054a000 	C:\WINDOWS\SYSTEM32\DNSAPI.dll
0x00007ffab0a70000 - 0x00007ffab0a88000 	C:\WINDOWS\SYSTEM32\CRYPTSP.dll
0x00007ffab0080000 - 0x00007ffab00b8000 	C:\WINDOWS\system32\rsaenh.dll
0x00007ffab0f90000 - 0x00007ffab0fbe000 	C:\WINDOWS\SYSTEM32\USERENV.dll
0x00007ffab08d0000 - 0x00007ffab08dc000 	C:\WINDOWS\SYSTEM32\CRYPTBASE.dll
0x00007ffaa0c40000 - 0x00007ffaa0c4e000 	C:\Program Files\Java\jdk-17\bin\sunmscapi.dll
0x00007ffab15e0000 - 0x00007ffab173d000 	C:\WINDOWS\System32\CRYPT32.dll
0x00007ffab0af0000 - 0x00007ffab0b17000 	C:\WINDOWS\SYSTEM32\ncrypt.dll
0x00007ffab0ab0000 - 0x00007ffab0aeb000 	C:\WINDOWS\SYSTEM32\NTASN1.dll
0x00007ffa8e050000 - 0x00007ffa8e057000 	C:\WINDOWS\system32\wshunix.dll

dbghelp: loaded successfully - version: 4.0.5 - missing functions: none
symbol engine: initialized successfully - sym options: 0x614 - pdb path: .;C:\Program Files\Java\jdk-17\bin;C:\WINDOWS\SYSTEM32;C:\WINDOWS\WinSxS\amd64_microsoft.windows.common-controls_6595b64144ccf1df_6.0.19041.4355_none_60b8b9eb71f62e16;C:\Program Files\Java\jdk-17\bin\server;C:\Users\80418\.gradle\native\1def1411415f61bf3af743bc5b6707747c0891f09f0c88961ee8f79bc544acac\windows-amd64;C:\Users\80418\.gradle\native\0.2.7\x86_64-windows-gnu

VM Arguments:
jvm_args: --add-opens=java.base/java.lang=ALL-UNNAMED --add-opens=java.base/java.lang.invoke=ALL-UNNAMED --add-opens=java.base/java.util=ALL-UNNAMED --add-opens=java.prefs/java.util.prefs=ALL-UNNAMED --add-exports=jdk.compiler/com.sun.tools.javac.api=ALL-UNNAMED --add-exports=jdk.compiler/com.sun.tools.javac.util=ALL-UNNAMED --add-opens=java.base/java.util=ALL-UNNAMED --add-opens=java.prefs/java.util.prefs=ALL-UNNAMED --add-opens=java.base/java.nio.charset=ALL-UNNAMED --add-opens=java.base/java.net=ALL-UNNAMED --add-opens=java.base/java.util.concurrent.atomic=ALL-UNNAMED --add-opens=java.xml/javax.xml.namespace=ALL-UNNAMED -XX:MaxMetaspaceSize=384m -XX:+HeapDumpOnOutOfMemoryError -Xms256m -Xmx512m -Dfile.encoding=UTF-8 -Duser.country=KR -Duser.language=ko -Duser.variant -javaagent:C:\Users\80418\.gradle\wrapper\dists\gradle-8.13-bin\5xuhj0ry160q40clulazy9h7d\gradle-8.13\lib\agents\gradle-instrumentation-agent-8.13.jar 
java_command: org.gradle.launcher.daemon.bootstrap.GradleDaemon 8.13
java_class_path (initial): C:\Users\80418\.gradle\wrapper\dists\gradle-8.13-bin\5xuhj0ry160q40clulazy9h7d\gradle-8.13\lib\gradle-daemon-main-8.13.jar
Launcher Type: SUN_STANDARD

[Global flags]
     intx CICompilerCount                          = 3                                         {product} {ergonomic}
   size_t CompressedClassSpaceSize                 = 335544320                                 {product} {ergonomic}
     uint ConcGCThreads                            = 1                                         {product} {ergonomic}
     uint G1ConcRefinementThreads                  = 4                                         {product} {ergonomic}
   size_t G1HeapRegionSize                         = 1048576                                   {product} {ergonomic}
    uintx GCDrainStackTargetSize                   = 64                                        {product} {ergonomic}
     bool HeapDumpOnOutOfMemoryError               = true                                   {manageable} {command line}
   size_t InitialHeapSize                          = 268435456                                 {product} {command line}
   size_t MarkStackSize                            = 4194304                                   {product} {ergonomic}
   size_t MaxHeapSize                              = 536870912                                 {product} {command line}
   size_t MaxMetaspaceSize                         = 402653184                                 {product} {command line}
   size_t MaxNewSize                               = 321912832                                 {product} {ergonomic}
   size_t MinHeapDeltaBytes                        = 1048576                                   {product} {ergonomic}
   size_t MinHeapSize                              = 268435456                                 {product} {command line}
    uintx NonNMethodCodeHeapSize                   = 5832780                                {pd product} {ergonomic}
    uintx NonProfiledCodeHeapSize                  = 122912730                              {pd product} {ergonomic}
    uintx ProfiledCodeHeapSize                     = 122912730                              {pd product} {ergonomic}
    uintx ReservedCodeCacheSize                    = 251658240                              {pd product} {ergonomic}
     bool SegmentedCodeCache                       = true                                      {product} {ergonomic}
   size_t SoftMaxHeapSize                          = 536870912                              {manageable} {ergonomic}
     bool UseCompressedClassPointers               = true                           {product lp64_product} {ergonomic}
     bool UseCompressedOops                        = true                           {product lp64_product} {ergonomic}
     bool UseG1GC                                  = true                                      {product} {ergonomic}
     bool UseLargePagesIndividualAllocation        = false                                  {pd product} {ergonomic}

Logging:
Log output configuration:
 #0: stdout all=warning uptime,level,tags
 #1: stderr all=off uptime,level,tags

Environment Variables:
JAVA_HOME=C:\Program Files\Java\jdk-17
PATH=C:\Program Files\Java\jdk-17\bin;C:\WINDOWS\system32;C:\WINDOWS;C:\WINDOWS\System32\Wbem;C:\WINDOWS\System32\WindowsPowerShell\v1.0\;C:\WINDOWS\System32\OpenSSH\;C:\Program Files\MySQL\MySQL Server 8.0\bin;C:\Program Files\Git\cmd;C:\Program Files\nodejs\;C:\Program Files\Docker\Docker\resources\bin;C:\flutter\bin;C:\Program Files\MySQL\MySQL Shell 8.0\bin\;C:\Users\80418\AppData\Local\Microsoft\WindowsApps;;C:\HYOJIN\IntelliJ IDEA Community Edition 2024.3.5\bin;;C:\Users\80418\AppData\Local\Programs\Microsoft VS Code\bin;C:\Users\80418\AppData\Roaming\npm
USERNAME=80418
OS=Windows_NT
PROCESSOR_IDENTIFIER=Intel64 Family 6 Model 158 Stepping 9, GenuineIntel



---------------  S Y S T E M  ---------------

OS:
 Windows 10 , 64 bit Build 19041 (10.0.19041.5678)
OS uptime: 14 days 1:36 hours
Hyper-V role detected

CPU: total 4 (initial active 4) (4 cores per cpu, 1 threads per core) family 6 model 158 stepping 9 microcode 0xb4, cx8, cmov, fxsr, mmx, 3dnowpref, sse, sse2, sse3, ssse3, sse4.1, sse4.2, popcnt, lzcnt, tsc, tscinvbit, avx, avx2, aes, erms, clmul, bmi1, bmi2, rtm, adx, fma, vzeroupper, clflush, clflushopt, hv

Memory: 4k page, system-wide physical 16342M (522M free)
TotalPageFile size 44876M (AvailPageFile size 16M)
current process WorkingSet (physical memory assigned to process): 357M, peak: 532M
current process commit charge ("private bytes"): 555M, peak: 561M

vm_info: Java HotSpot(TM) 64-Bit Server VM (17.0.13+10-LTS-268) for windows-amd64 JRE (17.0.13+10-LTS-268), built on Sep 30 2024 06:33:13 by "mach5one" with MS VC++ 17.6 (VS2022)

END.
