#
# There is insufficient memory for the Java Runtime Environment to continue.
# Native memory allocation (malloc) failed to allocate 32744 bytes for ChunkPool::allocate
# Possible reasons:
#   The system is out of physical RAM or swap space
#   The process is running with CompressedOops enabled, and the Java Heap may be blocking the growth of the native heap
# Possible solutions:
#   Reduce memory load on the system
#   Increase physical memory or swap space
#   Check if swap backing store is full
#   Decrease Java heap size (-Xmx/-Xms)
#   Decrease number of Java threads
#   Decrease Java thread stack sizes (-Xss)
#   Set larger code cache with -XX:ReservedCodeCacheSize=
#   JVM is running with Unscaled Compressed Oops mode in which the Java heap is
#     placed in the first 4GB address space. The Java Heap base address is the
#     maximum limit for the native heap growth. Please use -XX:HeapBaseMinAddress
#     to set the Java Heap base and to place the Java Heap above 4GB virtual address.
# This output file may be truncated or incomplete.
#
#  Out of Memory Error (arena.cpp:78), pid=16160, tid=5940
#
# JRE version: Java(TM) SE Runtime Environment (17.0.13+10) (build 17.0.13+10-LTS-268)
# Java VM: Java HotSpot(TM) 64-Bit Server VM (17.0.13+10-LTS-268, mixed mode, sharing, tiered, compressed oops, compressed class ptrs, g1 gc, windows-amd64)
# No core dump will be written. Minidumps are not enabled by default on client versions of Windows
#

---------------  S U M M A R Y ------------

Command Line: --add-opens=java.base/java.lang=ALL-UNNAMED --add-opens=java.base/java.lang.invoke=ALL-UNNAMED --add-opens=java.base/java.util=ALL-UNNAMED --add-opens=java.prefs/java.util.prefs=ALL-UNNAMED --add-exports=jdk.compiler/com.sun.tools.javac.api=ALL-UNNAMED --add-exports=jdk.compiler/com.sun.tools.javac.util=ALL-UNNAMED --add-opens=java.base/java.util=ALL-UNNAMED --add-opens=java.prefs/java.util.prefs=ALL-UNNAMED --add-opens=java.base/java.nio.charset=ALL-UNNAMED --add-opens=java.base/java.net=ALL-UNNAMED --add-opens=java.base/java.util.concurrent.atomic=ALL-UNNAMED --add-opens=java.xml/javax.xml.namespace=ALL-UNNAMED -XX:MaxMetaspaceSize=384m -XX:+HeapDumpOnOutOfMemoryError -Xms256m -Xmx512m -Dfile.encoding=UTF-8 -Duser.country=KR -Duser.language=ko -Duser.variant -javaagent:C:\Users\80418\.gradle\wrapper\dists\gradle-8.13-bin\5xuhj0ry160q40clulazy9h7d\gradle-8.13\lib\agents\gradle-instrumentation-agent-8.13.jar org.gradle.launcher.daemon.bootstrap.GradleDaemon 8.13

Host: Intel(R) Core(TM) i5-7500 CPU @ 3.40GHz, 4 cores, 15G,  Windows 10 , 64 bit Build 19041 (10.0.19041.5678)
Time: Mon Apr 28 12:21:46 2025  Windows 10 , 64 bit Build 19041 (10.0.19041.5678) elapsed time: 229.019071 seconds (0d 0h 3m 49s)

---------------  T H R E A D  ---------------

Current thread (0x000001d04eff56d0):  JavaThread "C2 CompilerThread0" daemon [_thread_in_native, id=5940, stack(0x00000085c5000000,0x00000085c5100000)]


Current CompileTask:
C2: 229019 15288       4       org.gradle.internal.file.FileHierarchySet$Node::contains (101 bytes)

Stack: [0x00000085c5000000,0x00000085c5100000]
Native frames: (J=compiled Java code, j=interpreted, Vv=VM code, C=native code)
V  [jvm.dll+0x67a23a]
V  [jvm.dll+0x7da96d]
V  [jvm.dll+0x7dc2b3]
V  [jvm.dll+0x7dc923]
V  [jvm.dll+0x2450ef]
V  [jvm.dll+0xab9c4]
V  [jvm.dll+0xabd5c]
V  [jvm.dll+0x607d5e]
V  [jvm.dll+0x607eff]
V  [jvm.dll+0x607eff]
V  [jvm.dll+0x607eff]
V  [jvm.dll+0x607eff]
V  [jvm.dll+0x607eff]
V  [jvm.dll+0x60d5dc]
V  [jvm.dll+0x60e4dc]
V  [jvm.dll+0x60c9ba]
V  [jvm.dll+0x21671e]
V  [jvm.dll+0x215ccf]
V  [jvm.dll+0x1a2980]
V  [jvm.dll+0x22616b]
V  [jvm.dll+0x22430b]
V  [jvm.dll+0x790a8c]
V  [jvm.dll+0x78af1a]
V  [jvm.dll+0x679125]
C  [ucrtbase.dll+0x21bb2]
C  [KERNEL32.DLL+0x17374]
C  [ntdll.dll+0x4cc91]


---------------  P R O C E S S  ---------------

Threads class SMR info:
_java_thread_list=0x000001d06dcec720, length=38, elements={
0x000001d034f34b00, 0x000001d04efc8ba0, 0x000001d04efc9930, 0x000001d04efe9c70,
0x000001d04efeb8b0, 0x000001d04efeed30, 0x000001d04eff0db0, 0x000001d04eff56d0,
0x000001d04eff6780, 0x000001d04eff7fd0, 0x000001d04f0f4050, 0x000001d04f1d4730,
0x000001d069d54170, 0x000001d0692adc10, 0x000001d06a00e030, 0x000001d069ec5500,
0x000001d069ec6430, 0x000001d069ec7870, 0x000001d069ec4ff0, 0x000001d06bb7ae40,
0x000001d06bb7b350, 0x000001d06bb79a00, 0x000001d06bb79f10, 0x000001d06bb7bd70,
0x000001d06bb77ba0, 0x000001d04f57a570, 0x000001d06c7ef420, 0x000001d06c7f1280,
0x000001d06bd241c0, 0x000001d06bd292c0, 0x000001d06bd24be0, 0x000001d06bd250f0,
0x000001d06c7eef10, 0x000001d06bb7a420, 0x000001d06bb75d40, 0x000001d06bb7cca0,
0x000001d06bb78ad0, 0x000001d06b95b040
}

Java Threads: ( => current thread )
  0x000001d034f34b00 JavaThread "main" [_thread_blocked, id=1656, stack(0x00000085c4300000,0x00000085c4400000)]
  0x000001d04efc8ba0 JavaThread "Reference Handler" daemon [_thread_blocked, id=7144, stack(0x00000085c4a00000,0x00000085c4b00000)]
  0x000001d04efc9930 JavaThread "Finalizer" daemon [_thread_blocked, id=796, stack(0x00000085c4b00000,0x00000085c4c00000)]
  0x000001d04efe9c70 JavaThread "Signal Dispatcher" daemon [_thread_blocked, id=8800, stack(0x00000085c4c00000,0x00000085c4d00000)]
  0x000001d04efeb8b0 JavaThread "Attach Listener" daemon [_thread_blocked, id=14004, stack(0x00000085c4d00000,0x00000085c4e00000)]
  0x000001d04efeed30 JavaThread "Service Thread" daemon [_thread_blocked, id=16692, stack(0x00000085c4e00000,0x00000085c4f00000)]
  0x000001d04eff0db0 JavaThread "Monitor Deflation Thread" daemon [_thread_blocked, id=1888, stack(0x00000085c4f00000,0x00000085c5000000)]
=>0x000001d04eff56d0 JavaThread "C2 CompilerThread0" daemon [_thread_in_native, id=5940, stack(0x00000085c5000000,0x00000085c5100000)]
  0x000001d04eff6780 JavaThread "C1 CompilerThread0" daemon [_thread_blocked, id=11624, stack(0x00000085c5100000,0x00000085c5200000)]
  0x000001d04eff7fd0 JavaThread "Sweeper thread" daemon [_thread_blocked, id=9812, stack(0x00000085c5200000,0x00000085c5300000)]
  0x000001d04f0f4050 JavaThread "Common-Cleaner" daemon [_thread_blocked, id=12400, stack(0x00000085c5300000,0x00000085c5400000)]
  0x000001d04f1d4730 JavaThread "Notification Thread" daemon [_thread_blocked, id=8356, stack(0x00000085c5400000,0x00000085c5500000)]
  0x000001d069d54170 JavaThread "Daemon health stats" [_thread_blocked, id=1492, stack(0x00000085c5a00000,0x00000085c5b00000)]
  0x000001d0692adc10 JavaThread "Incoming local TCP Connector on port 49813" [_thread_in_native, id=17680, stack(0x00000085c5b00000,0x00000085c5c00000)]
  0x000001d06a00e030 JavaThread "Daemon periodic checks" [_thread_blocked, id=17780, stack(0x00000085c5c00000,0x00000085c5d00000)]
  0x000001d069ec5500 JavaThread "Cache worker for journal cache (C:\Users\80418\.gradle\caches\journal-1)" [_thread_blocked, id=11852, stack(0x00000085c6400000,0x00000085c6500000)]
  0x000001d069ec6430 JavaThread "File lock request listener" [_thread_in_native, id=17164, stack(0x00000085c6500000,0x00000085c6600000)]
  0x000001d069ec7870 JavaThread "Cache worker for file hash cache (C:\Users\80418\.gradle\caches\8.13\fileHashes)" [_thread_blocked, id=17132, stack(0x00000085c6600000,0x00000085c6700000)]
  0x000001d069ec4ff0 JavaThread "File watcher server" daemon [_thread_in_native, id=8776, stack(0x00000085c6a00000,0x00000085c6b00000)]
  0x000001d06bb7ae40 JavaThread "File watcher consumer" daemon [_thread_blocked, id=18924, stack(0x00000085c6b00000,0x00000085c6c00000)]
  0x000001d06bb7b350 JavaThread "jar transforms" [_thread_blocked, id=4756, stack(0x00000085c6c00000,0x00000085c6d00000)]
  0x000001d06bb79a00 JavaThread "jar transforms Thread 2" [_thread_blocked, id=4868, stack(0x00000085c6d00000,0x00000085c6e00000)]
  0x000001d06bb79f10 JavaThread "Cache worker for file content cache (C:\Users\80418\.gradle\caches\8.13\fileContent)" [_thread_blocked, id=10432, stack(0x00000085c6f00000,0x00000085c7000000)]
  0x000001d06bb7bd70 JavaThread "jar transforms Thread 3" [_thread_blocked, id=9180, stack(0x00000085c7000000,0x00000085c7100000)]
  0x000001d06bb77ba0 JavaThread "jar transforms Thread 4" [_thread_blocked, id=5732, stack(0x00000085c7600000,0x00000085c7700000)]
  0x000001d04f57a570 JavaThread "Memory manager" [_thread_blocked, id=16236, stack(0x00000085c8400000,0x00000085c8500000)]
  0x000001d06c7ef420 JavaThread "ForkJoinPool.commonPool-worker-3" daemon [_thread_blocked, id=4636, stack(0x00000085ca200000,0x00000085ca300000)]
  0x000001d06c7f1280 JavaThread "Cache worker for Java compile cache (C:\Users\80418\.gradle\caches\8.13\javaCompile)" [_thread_blocked, id=1108, stack(0x00000085cab00000,0x00000085cac00000)]
  0x000001d06bd241c0 JavaThread "Daemon Thread 2" [_thread_blocked, id=16932, stack(0x00000085c4000000,0x00000085c4100000)]
  0x000001d06bd292c0 JavaThread "Handler for socket connection from /127.0.0.1:49813 to /127.0.0.1:49843" [_thread_blocked, id=12348, stack(0x00000085c4100000,0x00000085c4200000)]
  0x000001d06bd24be0 JavaThread "Cancel handler" [_thread_blocked, id=6504, stack(0x00000085c4200000,0x00000085c4300000)]
  0x000001d06bd250f0 JavaThread "Daemon worker Thread 2" [_thread_blocked, id=9292, stack(0x00000085c5d00000,0x00000085c5e00000)]
  0x000001d06c7eef10 JavaThread "included builds" [_thread_blocked, id=5660, stack(0x00000085ca100000,0x00000085ca200000)]
  0x000001d06bb7a420 JavaThread "Exec process Thread 5" [_thread_in_native, id=18256, stack(0x00000085ca700000,0x00000085ca800000)]
  0x000001d06bb75d40 JavaThread "Exec process Thread 6" [_thread_blocked, id=13360, stack(0x00000085ca900000,0x00000085caa00000)]
  0x000001d06bb7cca0 JavaThread "Exec process Thread 7" [_thread_in_native, id=6396, stack(0x00000085caa00000,0x00000085cab00000)]
  0x000001d06bb78ad0 JavaThread "Exec process Thread 8" [_thread_in_native, id=18076, stack(0x00000085cac00000,0x00000085cad00000)]
  0x000001d06b95b040 JavaThread "C2 CompilerThread1" daemon [_thread_in_native, id=17172, stack(0x00000085c5900000,0x00000085c5a00000)]

Other Threads:
  0x000001d04efc3c30 VMThread "VM Thread" [stack: 0x00000085c4900000,0x00000085c4a00000] [id=13952]
  0x000001d034f70200 WatcherThread [stack: 0x00000085c5500000,0x00000085c5600000] [id=17048]
  0x000001d034f63d90 GCTaskThread "GC Thread#0" [stack: 0x00000085c4400000,0x00000085c4500000] [id=12312]
  0x000001d04f2e0d10 GCTaskThread "GC Thread#1" [stack: 0x00000085c5600000,0x00000085c5700000] [id=18348]
  0x000001d04f2e0fd0 GCTaskThread "GC Thread#2" [stack: 0x00000085c5700000,0x00000085c5800000] [id=572]
  0x000001d04f2af7a0 GCTaskThread "GC Thread#3" [stack: 0x00000085c5800000,0x00000085c5900000] [id=5912]
  0x000001d034f69c00 ConcurrentGCThread "G1 Main Marker" [stack: 0x00000085c4500000,0x00000085c4600000] [id=644]
  0x000001d034f6a520 ConcurrentGCThread "G1 Conc#0" [stack: 0x00000085c4600000,0x00000085c4700000] [id=5040]
  0x000001d03500e3a0 ConcurrentGCThread "G1 Refine#0" [stack: 0x00000085c4700000,0x00000085c4800000] [id=13744]
  0x000001d06bbfa530 ConcurrentGCThread "G1 Refine#1" [stack: 0x00000085c6900000,0x00000085c6a00000] [id=5872]
  0x000001d06d046220 ConcurrentGCThread "G1 Refine#2" [stack: 0x00000085c7300000,0x00000085c7400000] [id=14480]
  0x000001d06d048560 ConcurrentGCThread "G1 Refine#3" [stack: 0x00000085c9f00000,0x00000085ca000000] [id=13244]
  0x000001d04ee8a0e0 ConcurrentGCThread "G1 Service" [stack: 0x00000085c4800000,0x00000085c4900000] [id=18340]

Threads with active compile tasks:
C2 CompilerThread0   229058 15288       4       org.gradle.internal.file.FileHierarchySet$Node::contains (101 bytes)
C2 CompilerThread1   229058 15307   !   4       java.io.ObjectOutputStream::writeObject0 (620 bytes)

VM state: not at safepoint (normal execution)

VM Mutex/Monitor currently owned by a thread: None

Heap address: 0x00000000e0000000, size: 512 MB, Compressed Oops mode: 32-bit

CDS archive(s) mapped at: [0x000001d050000000-0x000001d050bd0000-0x000001d050bd0000), size 12386304, SharedBaseAddress: 0x000001d050000000, ArchiveRelocationMode: 1.
Compressed class space mapped at: 0x000001d051000000-0x000001d065000000, reserved size: 335544320
Narrow klass base: 0x000001d050000000, Narrow klass shift: 0, Narrow klass range: 0x100000000

GC Precious Log:
 CPUs: 4 total, 4 available
 Memory: 16342M
 Large Page Support: Disabled
 NUMA Support: Disabled
 Compressed Oops: Enabled (32-bit)
 Heap Region Size: 1M
 Heap Min Capacity: 256M
 Heap Initial Capacity: 256M
 Heap Max Capacity: 512M
 Pre-touch: Disabled
 Parallel Workers: 4
 Concurrent Workers: 1
 Concurrent Refinement Workers: 4
 Periodic GC: Disabled

Heap:
 garbage-first heap   total 262144K, used 126473K [0x00000000e0000000, 0x0000000100000000)
  region size 1024K, 21 young (21504K), 7 survivors (7168K)
 Metaspace       used 74768K, committed 75648K, reserved 393216K
  class space    used 10037K, committed 10432K, reserved 327680K

Heap Regions: E=young(eden), S=young(survivor), O=old, HS=humongous(starts), HC=humongous(continues), CS=collection set, F=free, OA=open archive, CA=closed archive, TAMS=top-at-mark-start (previous, next)
|   0|0x00000000e0000000, 0x00000000e0100000, 0x00000000e0100000|100%|HS|  |TAMS 0x00000000e0100000, 0x00000000e0000000| Complete 
|   1|0x00000000e0100000, 0x00000000e0200000, 0x00000000e0200000|100%|HC|  |TAMS 0x00000000e0200000, 0x00000000e0100000| Complete 
|   2|0x00000000e0200000, 0x00000000e0300000, 0x00000000e0300000|100%|HC|  |TAMS 0x00000000e0300000, 0x00000000e0200000| Complete 
|   3|0x00000000e0300000, 0x00000000e0400000, 0x00000000e0400000|100%| O|  |TAMS 0x00000000e0400000, 0x00000000e0300000| Untracked 
|   4|0x00000000e0400000, 0x00000000e0500000, 0x00000000e0500000|100%| O|  |TAMS 0x00000000e0500000, 0x00000000e0400000| Untracked 
|   5|0x00000000e0500000, 0x00000000e0600000, 0x00000000e0600000|100%| O|  |TAMS 0x00000000e0600000, 0x00000000e0500000| Untracked 
|   6|0x00000000e0600000, 0x00000000e0700000, 0x00000000e0700000|100%| O|  |TAMS 0x00000000e0700000, 0x00000000e0600000| Untracked 
|   7|0x00000000e0700000, 0x00000000e0800000, 0x00000000e0800000|100%|HS|  |TAMS 0x00000000e0800000, 0x00000000e0700000| Complete 
|   8|0x00000000e0800000, 0x00000000e0900000, 0x00000000e0900000|100%| O|  |TAMS 0x00000000e0900000, 0x00000000e0800000| Untracked 
|   9|0x00000000e0900000, 0x00000000e0a00000, 0x00000000e0a00000|100%| O|  |TAMS 0x00000000e0a00000, 0x00000000e0900000| Untracked 
|  10|0x00000000e0a00000, 0x00000000e0b00000, 0x00000000e0b00000|100%| O|  |TAMS 0x00000000e0b00000, 0x00000000e0a00000| Untracked 
|  11|0x00000000e0b00000, 0x00000000e0c00000, 0x00000000e0c00000|100%| O|  |TAMS 0x00000000e0c00000, 0x00000000e0b00000| Untracked 
|  12|0x00000000e0c00000, 0x00000000e0d00000, 0x00000000e0d00000|100%| O|  |TAMS 0x00000000e0d00000, 0x00000000e0c00000| Untracked 
|  13|0x00000000e0d00000, 0x00000000e0e00000, 0x00000000e0e00000|100%| O|  |TAMS 0x00000000e0e00000, 0x00000000e0d00000| Untracked 
|  14|0x00000000e0e00000, 0x00000000e0f00000, 0x00000000e0f00000|100%| O|  |TAMS 0x00000000e0f00000, 0x00000000e0e00000| Untracked 
|  15|0x00000000e0f00000, 0x00000000e1000000, 0x00000000e1000000|100%| O|  |TAMS 0x00000000e1000000, 0x00000000e0f00000| Untracked 
|  16|0x00000000e1000000, 0x00000000e1100000, 0x00000000e1100000|100%| O|  |TAMS 0x00000000e1100000, 0x00000000e1000000| Untracked 
|  17|0x00000000e1100000, 0x00000000e1200000, 0x00000000e1200000|100%| O|  |TAMS 0x00000000e1200000, 0x00000000e1100000| Untracked 
|  18|0x00000000e1200000, 0x00000000e1300000, 0x00000000e1300000|100%| O|  |TAMS 0x00000000e1300000, 0x00000000e1200000| Untracked 
|  19|0x00000000e1300000, 0x00000000e1400000, 0x00000000e1400000|100%| O|  |TAMS 0x00000000e1400000, 0x00000000e1300000| Untracked 
|  20|0x00000000e1400000, 0x00000000e1500000, 0x00000000e1500000|100%| O|  |TAMS 0x00000000e1500000, 0x00000000e1400000| Untracked 
|  21|0x00000000e1500000, 0x00000000e1600000, 0x00000000e1600000|100%| O|  |TAMS 0x00000000e1600000, 0x00000000e1500000| Untracked 
|  22|0x00000000e1600000, 0x00000000e1700000, 0x00000000e1700000|100%| O|  |TAMS 0x00000000e1700000, 0x00000000e1600000| Untracked 
|  23|0x00000000e1700000, 0x00000000e1800000, 0x00000000e1800000|100%| O|  |TAMS 0x00000000e1800000, 0x00000000e1700000| Untracked 
|  24|0x00000000e1800000, 0x00000000e1900000, 0x00000000e1900000|100%| O|  |TAMS 0x00000000e1900000, 0x00000000e1800000| Untracked 
|  25|0x00000000e1900000, 0x00000000e1a00000, 0x00000000e1a00000|100%| O|  |TAMS 0x00000000e1a00000, 0x00000000e1900000| Untracked 
|  26|0x00000000e1a00000, 0x00000000e1b00000, 0x00000000e1b00000|100%| O|  |TAMS 0x00000000e1b00000, 0x00000000e1a00000| Untracked 
|  27|0x00000000e1b00000, 0x00000000e1c00000, 0x00000000e1c00000|100%| O|  |TAMS 0x00000000e1c00000, 0x00000000e1b00000| Untracked 
|  28|0x00000000e1c00000, 0x00000000e1d00000, 0x00000000e1d00000|100%| O|  |TAMS 0x00000000e1d00000, 0x00000000e1c00000| Untracked 
|  29|0x00000000e1d00000, 0x00000000e1e00000, 0x00000000e1e00000|100%| O|  |TAMS 0x00000000e1e00000, 0x00000000e1d00000| Untracked 
|  30|0x00000000e1e00000, 0x00000000e1f00000, 0x00000000e1f00000|100%| O|  |TAMS 0x00000000e1f00000, 0x00000000e1e00000| Untracked 
|  31|0x00000000e1f00000, 0x00000000e2000000, 0x00000000e2000000|100%| O|  |TAMS 0x00000000e2000000, 0x00000000e1f00000| Untracked 
|  32|0x00000000e2000000, 0x00000000e2100000, 0x00000000e2100000|100%| O|  |TAMS 0x00000000e2100000, 0x00000000e2000000| Untracked 
|  33|0x00000000e2100000, 0x00000000e2200000, 0x00000000e2200000|100%| O|  |TAMS 0x00000000e2200000, 0x00000000e2100000| Untracked 
|  34|0x00000000e2200000, 0x00000000e2300000, 0x00000000e2300000|100%| O|  |TAMS 0x00000000e2300000, 0x00000000e2200000| Untracked 
|  35|0x00000000e2300000, 0x00000000e2400000, 0x00000000e2400000|100%| O|  |TAMS 0x00000000e2400000, 0x00000000e2300000| Untracked 
|  36|0x00000000e2400000, 0x00000000e2500000, 0x00000000e2500000|100%| O|  |TAMS 0x00000000e2500000, 0x00000000e2400000| Untracked 
|  37|0x00000000e2500000, 0x00000000e2600000, 0x00000000e2600000|100%| O|  |TAMS 0x00000000e2600000, 0x00000000e2500000| Untracked 
|  38|0x00000000e2600000, 0x00000000e2700000, 0x00000000e2700000|100%| O|  |TAMS 0x00000000e2700000, 0x00000000e2600000| Untracked 
|  39|0x00000000e2700000, 0x00000000e2800000, 0x00000000e2800000|100%| O|  |TAMS 0x00000000e2800000, 0x00000000e2700000| Untracked 
|  40|0x00000000e2800000, 0x00000000e2900000, 0x00000000e2900000|100%| O|  |TAMS 0x00000000e2900000, 0x00000000e2800000| Untracked 
|  41|0x00000000e2900000, 0x00000000e2a00000, 0x00000000e2a00000|100%| O|  |TAMS 0x00000000e2a00000, 0x00000000e2900000| Untracked 
|  42|0x00000000e2a00000, 0x00000000e2b00000, 0x00000000e2b00000|100%| O|  |TAMS 0x00000000e2b00000, 0x00000000e2a00000| Untracked 
|  43|0x00000000e2b00000, 0x00000000e2c00000, 0x00000000e2c00000|100%| O|  |TAMS 0x00000000e2c00000, 0x00000000e2b00000| Untracked 
|  44|0x00000000e2c00000, 0x00000000e2d00000, 0x00000000e2d00000|100%| O|  |TAMS 0x00000000e2d00000, 0x00000000e2c00000| Untracked 
|  45|0x00000000e2d00000, 0x00000000e2e00000, 0x00000000e2e00000|100%| O|  |TAMS 0x00000000e2e00000, 0x00000000e2d00000| Untracked 
|  46|0x00000000e2e00000, 0x00000000e2f00000, 0x00000000e2f00000|100%| O|  |TAMS 0x00000000e2f00000, 0x00000000e2e00000| Untracked 
|  47|0x00000000e2f00000, 0x00000000e3000000, 0x00000000e3000000|100%| O|  |TAMS 0x00000000e3000000, 0x00000000e2f00000| Untracked 
|  48|0x00000000e3000000, 0x00000000e3100000, 0x00000000e3100000|100%| O|  |TAMS 0x00000000e3000000, 0x00000000e3000000| Untracked 
|  49|0x00000000e3100000, 0x00000000e3200000, 0x00000000e3200000|100%| O|  |TAMS 0x00000000e31fe200, 0x00000000e3100000| Untracked 
|  50|0x00000000e3200000, 0x00000000e3300000, 0x00000000e3300000|100%|HS|  |TAMS 0x00000000e3200000, 0x00000000e3200000| Complete 
|  51|0x00000000e3300000, 0x00000000e3400000, 0x00000000e3400000|100%| O|  |TAMS 0x00000000e3300000, 0x00000000e3300000| Untracked 
|  52|0x00000000e3400000, 0x00000000e3500000, 0x00000000e3500000|100%| O|  |TAMS 0x00000000e3400000, 0x00000000e3400000| Untracked 
|  53|0x00000000e3500000, 0x00000000e3600000, 0x00000000e3600000|100%| O|  |TAMS 0x00000000e3500000, 0x00000000e3500000| Untracked 
|  54|0x00000000e3600000, 0x00000000e3700000, 0x00000000e3700000|100%| O|  |TAMS 0x00000000e3600000, 0x00000000e3600000| Untracked 
|  55|0x00000000e3700000, 0x00000000e3800000, 0x00000000e3800000|100%| O|  |TAMS 0x00000000e3700000, 0x00000000e3700000| Untracked 
|  56|0x00000000e3800000, 0x00000000e3900000, 0x00000000e3900000|100%| O|  |TAMS 0x00000000e3800000, 0x00000000e3800000| Untracked 
|  57|0x00000000e3900000, 0x00000000e3a00000, 0x00000000e3a00000|100%| O|  |TAMS 0x00000000e3900000, 0x00000000e3900000| Untracked 
|  58|0x00000000e3a00000, 0x00000000e3b00000, 0x00000000e3b00000|100%| O|  |TAMS 0x00000000e3a00000, 0x00000000e3a00000| Untracked 
|  59|0x00000000e3b00000, 0x00000000e3c00000, 0x00000000e3c00000|100%| O|  |TAMS 0x00000000e3b00000, 0x00000000e3b00000| Untracked 
|  60|0x00000000e3c00000, 0x00000000e3d00000, 0x00000000e3d00000|100%| O|  |TAMS 0x00000000e3c00000, 0x00000000e3c00000| Untracked 
|  61|0x00000000e3d00000, 0x00000000e3e00000, 0x00000000e3e00000|100%| O|  |TAMS 0x00000000e3d00000, 0x00000000e3d00000| Untracked 
|  62|0x00000000e3e00000, 0x00000000e3f00000, 0x00000000e3f00000|100%| O|  |TAMS 0x00000000e3e00000, 0x00000000e3e00000| Untracked 
|  63|0x00000000e3f00000, 0x00000000e4000000, 0x00000000e4000000|100%| O|  |TAMS 0x00000000e3f00000, 0x00000000e3f00000| Untracked 
|  64|0x00000000e4000000, 0x00000000e4100000, 0x00000000e4100000|100%| O|  |TAMS 0x00000000e4000000, 0x00000000e4000000| Untracked 
|  65|0x00000000e4100000, 0x00000000e4200000, 0x00000000e4200000|100%| O|  |TAMS 0x00000000e4100000, 0x00000000e4100000| Untracked 
|  66|0x00000000e4200000, 0x00000000e4300000, 0x00000000e4300000|100%| O|  |TAMS 0x00000000e4200000, 0x00000000e4200000| Untracked 
|  67|0x00000000e4300000, 0x00000000e4400000, 0x00000000e4400000|100%| O|  |TAMS 0x00000000e4300000, 0x00000000e4300000| Untracked 
|  68|0x00000000e4400000, 0x00000000e4500000, 0x00000000e4500000|100%| O|  |TAMS 0x00000000e4400000, 0x00000000e4400000| Untracked 
|  69|0x00000000e4500000, 0x00000000e4600000, 0x00000000e4600000|100%| O|  |TAMS 0x00000000e4500000, 0x00000000e4500000| Untracked 
|  70|0x00000000e4600000, 0x00000000e4700000, 0x00000000e4700000|100%| O|  |TAMS 0x00000000e4600000, 0x00000000e4600000| Untracked 
|  71|0x00000000e4700000, 0x00000000e4800000, 0x00000000e4800000|100%| O|  |TAMS 0x00000000e4700000, 0x00000000e4700000| Untracked 
|  72|0x00000000e4800000, 0x00000000e4900000, 0x00000000e4900000|100%| O|  |TAMS 0x00000000e4800000, 0x00000000e4800000| Untracked 
|  73|0x00000000e4900000, 0x00000000e4a00000, 0x00000000e4a00000|100%| O|  |TAMS 0x00000000e4900000, 0x00000000e4900000| Untracked 
|  74|0x00000000e4a00000, 0x00000000e4b00000, 0x00000000e4b00000|100%| O|  |TAMS 0x00000000e4a00000, 0x00000000e4a00000| Untracked 
|  75|0x00000000e4b00000, 0x00000000e4c00000, 0x00000000e4c00000|100%| O|  |TAMS 0x00000000e4b00000, 0x00000000e4b00000| Untracked 
|  76|0x00000000e4c00000, 0x00000000e4d00000, 0x00000000e4d00000|100%| O|  |TAMS 0x00000000e4c00000, 0x00000000e4c00000| Untracked 
|  77|0x00000000e4d00000, 0x00000000e4e00000, 0x00000000e4e00000|100%| O|  |TAMS 0x00000000e4d00000, 0x00000000e4d00000| Untracked 
|  78|0x00000000e4e00000, 0x00000000e4f00000, 0x00000000e4f00000|100%| O|  |TAMS 0x00000000e4e00000, 0x00000000e4e00000| Untracked 
|  79|0x00000000e4f00000, 0x00000000e5000000, 0x00000000e5000000|100%| O|  |TAMS 0x00000000e4f00000, 0x00000000e4f00000| Untracked 
|  80|0x00000000e5000000, 0x00000000e5100000, 0x00000000e5100000|100%| O|  |TAMS 0x00000000e5000000, 0x00000000e5000000| Untracked 
|  81|0x00000000e5100000, 0x00000000e5200000, 0x00000000e5200000|100%| O|  |TAMS 0x00000000e5100000, 0x00000000e5100000| Untracked 
|  82|0x00000000e5200000, 0x00000000e5300000, 0x00000000e5300000|100%| O|  |TAMS 0x00000000e5200000, 0x00000000e5200000| Untracked 
|  83|0x00000000e5300000, 0x00000000e5400000, 0x00000000e5400000|100%| O|  |TAMS 0x00000000e5300000, 0x00000000e5300000| Untracked 
|  84|0x00000000e5400000, 0x00000000e5500000, 0x00000000e5500000|100%| O|  |TAMS 0x00000000e5400000, 0x00000000e5400000| Untracked 
|  85|0x00000000e5500000, 0x00000000e5600000, 0x00000000e5600000|100%| O|  |TAMS 0x00000000e5500000, 0x00000000e5500000| Untracked 
|  86|0x00000000e5600000, 0x00000000e5700000, 0x00000000e5700000|100%| O|  |TAMS 0x00000000e5600000, 0x00000000e5600000| Untracked 
|  87|0x00000000e5700000, 0x00000000e5800000, 0x00000000e5800000|100%| O|  |TAMS 0x00000000e5700000, 0x00000000e5700000| Untracked 
|  88|0x00000000e5800000, 0x00000000e5900000, 0x00000000e5900000|100%| O|  |TAMS 0x00000000e5800000, 0x00000000e5800000| Untracked 
|  89|0x00000000e5900000, 0x00000000e5a00000, 0x00000000e5a00000|100%| O|  |TAMS 0x00000000e5900000, 0x00000000e5900000| Untracked 
|  90|0x00000000e5a00000, 0x00000000e5b00000, 0x00000000e5b00000|100%| O|  |TAMS 0x00000000e5a00000, 0x00000000e5a00000| Untracked 
|  91|0x00000000e5b00000, 0x00000000e5c00000, 0x00000000e5c00000|100%| O|  |TAMS 0x00000000e5b00000, 0x00000000e5b00000| Untracked 
|  92|0x00000000e5c00000, 0x00000000e5d00000, 0x00000000e5d00000|100%| O|  |TAMS 0x00000000e5c00000, 0x00000000e5c00000| Untracked 
|  93|0x00000000e5d00000, 0x00000000e5e00000, 0x00000000e5e00000|100%| O|  |TAMS 0x00000000e5d00000, 0x00000000e5d00000| Untracked 
|  94|0x00000000e5e00000, 0x00000000e5f00000, 0x00000000e5f00000|100%| O|  |TAMS 0x00000000e5e00000, 0x00000000e5e00000| Untracked 
|  95|0x00000000e5f00000, 0x00000000e6000000, 0x00000000e6000000|100%| O|  |TAMS 0x00000000e5f00000, 0x00000000e5f00000| Untracked 
|  96|0x00000000e6000000, 0x00000000e6100000, 0x00000000e6100000|100%| O|  |TAMS 0x00000000e6000000, 0x00000000e6000000| Untracked 
|  97|0x00000000e6100000, 0x00000000e6200000, 0x00000000e6200000|100%| O|  |TAMS 0x00000000e6100000, 0x00000000e6100000| Untracked 
|  98|0x00000000e6200000, 0x00000000e6282600, 0x00000000e6300000| 50%| O|  |TAMS 0x00000000e6200000, 0x00000000e6200000| Untracked 
|  99|0x00000000e6300000, 0x00000000e6300000, 0x00000000e6400000|  0%| F|  |TAMS 0x00000000e6300000, 0x00000000e6300000| Untracked 
| 100|0x00000000e6400000, 0x00000000e6400000, 0x00000000e6500000|  0%| F|  |TAMS 0x00000000e6400000, 0x00000000e6400000| Untracked 
| 101|0x00000000e6500000, 0x00000000e6500000, 0x00000000e6600000|  0%| F|  |TAMS 0x00000000e6500000, 0x00000000e6500000| Untracked 
| 102|0x00000000e6600000, 0x00000000e6600000, 0x00000000e6700000|  0%| F|  |TAMS 0x00000000e6600000, 0x00000000e6600000| Untracked 
| 103|0x00000000e6700000, 0x00000000e6800000, 0x00000000e6800000|100%| O|  |TAMS 0x00000000e6700000, 0x00000000e6700000| Untracked 
| 104|0x00000000e6800000, 0x00000000e6900000, 0x00000000e6900000|100%| O|  |TAMS 0x00000000e6800000, 0x00000000e6800000| Untracked 
| 105|0x00000000e6900000, 0x00000000e6a00000, 0x00000000e6a00000|100%| O|  |TAMS 0x00000000e6900000, 0x00000000e6900000| Untracked 
| 106|0x00000000e6a00000, 0x00000000e6b00000, 0x00000000e6b00000|100%| O|  |TAMS 0x00000000e6a00000, 0x00000000e6a00000| Untracked 
| 107|0x00000000e6b00000, 0x00000000e6c00000, 0x00000000e6c00000|100%| O|  |TAMS 0x00000000e6b00000, 0x00000000e6b00000| Untracked 
| 108|0x00000000e6c00000, 0x00000000e6c00000, 0x00000000e6d00000|  0%| F|  |TAMS 0x00000000e6c00000, 0x00000000e6c00000| Untracked 
| 109|0x00000000e6d00000, 0x00000000e6d00000, 0x00000000e6e00000|  0%| F|  |TAMS 0x00000000e6d00000, 0x00000000e6d00000| Untracked 
| 110|0x00000000e6e00000, 0x00000000e6e00000, 0x00000000e6f00000|  0%| F|  |TAMS 0x00000000e6e00000, 0x00000000e6e00000| Untracked 
| 111|0x00000000e6f00000, 0x00000000e6f00000, 0x00000000e7000000|  0%| F|  |TAMS 0x00000000e6f00000, 0x00000000e6f00000| Untracked 
| 112|0x00000000e7000000, 0x00000000e7000000, 0x00000000e7100000|  0%| F|  |TAMS 0x00000000e7000000, 0x00000000e7000000| Untracked 
| 113|0x00000000e7100000, 0x00000000e7100000, 0x00000000e7200000|  0%| F|  |TAMS 0x00000000e7100000, 0x00000000e7100000| Untracked 
| 114|0x00000000e7200000, 0x00000000e7200000, 0x00000000e7300000|  0%| F|  |TAMS 0x00000000e7200000, 0x00000000e7200000| Untracked 
| 115|0x00000000e7300000, 0x00000000e7300000, 0x00000000e7400000|  0%| F|  |TAMS 0x00000000e7300000, 0x00000000e7300000| Untracked 
| 116|0x00000000e7400000, 0x00000000e7400000, 0x00000000e7500000|  0%| F|  |TAMS 0x00000000e7400000, 0x00000000e7400000| Untracked 
| 117|0x00000000e7500000, 0x00000000e7500000, 0x00000000e7600000|  0%| F|  |TAMS 0x00000000e7500000, 0x00000000e7500000| Untracked 
| 118|0x00000000e7600000, 0x00000000e7600000, 0x00000000e7700000|  0%| F|  |TAMS 0x00000000e7600000, 0x00000000e7600000| Untracked 
| 119|0x00000000e7700000, 0x00000000e7700000, 0x00000000e7800000|  0%| F|  |TAMS 0x00000000e7700000, 0x00000000e7700000| Untracked 
| 120|0x00000000e7800000, 0x00000000e7800000, 0x00000000e7900000|  0%| F|  |TAMS 0x00000000e7800000, 0x00000000e7800000| Untracked 
| 121|0x00000000e7900000, 0x00000000e7900000, 0x00000000e7a00000|  0%| F|  |TAMS 0x00000000e7900000, 0x00000000e7900000| Untracked 
| 122|0x00000000e7a00000, 0x00000000e7a00000, 0x00000000e7b00000|  0%| F|  |TAMS 0x00000000e7a00000, 0x00000000e7a00000| Untracked 
| 123|0x00000000e7b00000, 0x00000000e7b00000, 0x00000000e7c00000|  0%| F|  |TAMS 0x00000000e7b00000, 0x00000000e7b00000| Untracked 
| 124|0x00000000e7c00000, 0x00000000e7c00000, 0x00000000e7d00000|  0%| F|  |TAMS 0x00000000e7c00000, 0x00000000e7c00000| Untracked 
| 125|0x00000000e7d00000, 0x00000000e7d00000, 0x00000000e7e00000|  0%| F|  |TAMS 0x00000000e7d00000, 0x00000000e7d00000| Untracked 
| 126|0x00000000e7e00000, 0x00000000e7e00000, 0x00000000e7f00000|  0%| F|  |TAMS 0x00000000e7e00000, 0x00000000e7e00000| Untracked 
| 127|0x00000000e7f00000, 0x00000000e7f00000, 0x00000000e8000000|  0%| F|  |TAMS 0x00000000e7f00000, 0x00000000e7f00000| Untracked 
| 128|0x00000000e8000000, 0x00000000e8000000, 0x00000000e8100000|  0%| F|  |TAMS 0x00000000e8000000, 0x00000000e8000000| Untracked 
| 129|0x00000000e8100000, 0x00000000e8100000, 0x00000000e8200000|  0%| F|  |TAMS 0x00000000e8100000, 0x00000000e8100000| Untracked 
| 130|0x00000000e8200000, 0x00000000e8200000, 0x00000000e8300000|  0%| F|  |TAMS 0x00000000e8200000, 0x00000000e8200000| Untracked 
| 131|0x00000000e8300000, 0x00000000e8300000, 0x00000000e8400000|  0%| F|  |TAMS 0x00000000e8300000, 0x00000000e8300000| Untracked 
| 132|0x00000000e8400000, 0x00000000e8400000, 0x00000000e8500000|  0%| F|  |TAMS 0x00000000e8400000, 0x00000000e8400000| Untracked 
| 133|0x00000000e8500000, 0x00000000e8500000, 0x00000000e8600000|  0%| F|  |TAMS 0x00000000e8500000, 0x00000000e8500000| Untracked 
| 134|0x00000000e8600000, 0x00000000e8600000, 0x00000000e8700000|  0%| F|  |TAMS 0x00000000e8600000, 0x00000000e8600000| Untracked 
| 135|0x00000000e8700000, 0x00000000e8700000, 0x00000000e8800000|  0%| F|  |TAMS 0x00000000e8700000, 0x00000000e8700000| Untracked 
| 136|0x00000000e8800000, 0x00000000e8800000, 0x00000000e8900000|  0%| F|  |TAMS 0x00000000e8800000, 0x00000000e8800000| Untracked 
| 137|0x00000000e8900000, 0x00000000e8900000, 0x00000000e8a00000|  0%| F|  |TAMS 0x00000000e8900000, 0x00000000e8900000| Untracked 
| 138|0x00000000e8a00000, 0x00000000e8a00000, 0x00000000e8b00000|  0%| F|  |TAMS 0x00000000e8a00000, 0x00000000e8a00000| Untracked 
| 139|0x00000000e8b00000, 0x00000000e8b00000, 0x00000000e8c00000|  0%| F|  |TAMS 0x00000000e8b00000, 0x00000000e8b00000| Untracked 
| 140|0x00000000e8c00000, 0x00000000e8c00000, 0x00000000e8d00000|  0%| F|  |TAMS 0x00000000e8c00000, 0x00000000e8c00000| Untracked 
| 141|0x00000000e8d00000, 0x00000000e8d00000, 0x00000000e8e00000|  0%| F|  |TAMS 0x00000000e8d00000, 0x00000000e8d00000| Untracked 
| 142|0x00000000e8e00000, 0x00000000e8e00000, 0x00000000e8f00000|  0%| F|  |TAMS 0x00000000e8e00000, 0x00000000e8e00000| Untracked 
| 143|0x00000000e8f00000, 0x00000000e8f00000, 0x00000000e9000000|  0%| F|  |TAMS 0x00000000e8f00000, 0x00000000e8f00000| Untracked 
| 144|0x00000000e9000000, 0x00000000e9000000, 0x00000000e9100000|  0%| F|  |TAMS 0x00000000e9000000, 0x00000000e9000000| Untracked 
| 145|0x00000000e9100000, 0x00000000e9100000, 0x00000000e9200000|  0%| F|  |TAMS 0x00000000e9100000, 0x00000000e9100000| Untracked 
| 146|0x00000000e9200000, 0x00000000e9200000, 0x00000000e9300000|  0%| F|  |TAMS 0x00000000e9200000, 0x00000000e9200000| Untracked 
| 147|0x00000000e9300000, 0x00000000e9300000, 0x00000000e9400000|  0%| F|  |TAMS 0x00000000e9300000, 0x00000000e9300000| Untracked 
| 148|0x00000000e9400000, 0x00000000e9400000, 0x00000000e9500000|  0%| F|  |TAMS 0x00000000e9400000, 0x00000000e9400000| Untracked 
| 149|0x00000000e9500000, 0x00000000e9600000, 0x00000000e9600000|100%| S|CS|TAMS 0x00000000e9500000, 0x00000000e9500000| Complete 
| 150|0x00000000e9600000, 0x00000000e9600000, 0x00000000e9700000|  0%| F|  |TAMS 0x00000000e9600000, 0x00000000e9600000| Untracked 
| 151|0x00000000e9700000, 0x00000000e9700000, 0x00000000e9800000|  0%| F|  |TAMS 0x00000000e9700000, 0x00000000e9700000| Untracked 
| 152|0x00000000e9800000, 0x00000000e9800000, 0x00000000e9900000|  0%| F|  |TAMS 0x00000000e9800000, 0x00000000e9800000| Untracked 
| 153|0x00000000e9900000, 0x00000000e9900000, 0x00000000e9a00000|  0%| F|  |TAMS 0x00000000e9900000, 0x00000000e9900000| Untracked 
| 154|0x00000000e9a00000, 0x00000000e9b00000, 0x00000000e9b00000|100%| S|CS|TAMS 0x00000000e9a00000, 0x00000000e9a00000| Complete 
| 155|0x00000000e9b00000, 0x00000000e9c00000, 0x00000000e9c00000|100%| S|CS|TAMS 0x00000000e9b00000, 0x00000000e9b00000| Complete 
| 156|0x00000000e9c00000, 0x00000000e9d00000, 0x00000000e9d00000|100%| S|CS|TAMS 0x00000000e9c00000, 0x00000000e9c00000| Complete 
| 157|0x00000000e9d00000, 0x00000000e9e00000, 0x00000000e9e00000|100%| S|CS|TAMS 0x00000000e9d00000, 0x00000000e9d00000| Complete 
| 158|0x00000000e9e00000, 0x00000000e9f00000, 0x00000000e9f00000|100%| S|CS|TAMS 0x00000000e9e00000, 0x00000000e9e00000| Complete 
| 159|0x00000000e9f00000, 0x00000000ea000000, 0x00000000ea000000|100%| S|CS|TAMS 0x00000000e9f00000, 0x00000000e9f00000| Complete 
| 160|0x00000000ea000000, 0x00000000ea000000, 0x00000000ea100000|  0%| F|  |TAMS 0x00000000ea000000, 0x00000000ea000000| Untracked 
| 161|0x00000000ea100000, 0x00000000ea100000, 0x00000000ea200000|  0%| F|  |TAMS 0x00000000ea100000, 0x00000000ea100000| Untracked 
| 162|0x00000000ea200000, 0x00000000ea200000, 0x00000000ea300000|  0%| F|  |TAMS 0x00000000ea200000, 0x00000000ea200000| Untracked 
| 163|0x00000000ea300000, 0x00000000ea300000, 0x00000000ea400000|  0%| F|  |TAMS 0x00000000ea300000, 0x00000000ea300000| Untracked 
| 164|0x00000000ea400000, 0x00000000ea400000, 0x00000000ea500000|  0%| F|  |TAMS 0x00000000ea400000, 0x00000000ea400000| Untracked 
| 165|0x00000000ea500000, 0x00000000ea500000, 0x00000000ea600000|  0%| F|  |TAMS 0x00000000ea500000, 0x00000000ea500000| Untracked 
| 166|0x00000000ea600000, 0x00000000ea600000, 0x00000000ea700000|  0%| F|  |TAMS 0x00000000ea600000, 0x00000000ea600000| Untracked 
| 167|0x00000000ea700000, 0x00000000ea700000, 0x00000000ea800000|  0%| F|  |TAMS 0x00000000ea700000, 0x00000000ea700000| Untracked 
| 168|0x00000000ea800000, 0x00000000ea800000, 0x00000000ea900000|  0%| F|  |TAMS 0x00000000ea800000, 0x00000000ea800000| Untracked 
| 169|0x00000000ea900000, 0x00000000ea900000, 0x00000000eaa00000|  0%| F|  |TAMS 0x00000000ea900000, 0x00000000ea900000| Untracked 
| 170|0x00000000eaa00000, 0x00000000eaa00000, 0x00000000eab00000|  0%| F|  |TAMS 0x00000000eaa00000, 0x00000000eaa00000| Untracked 
| 171|0x00000000eab00000, 0x00000000eab00000, 0x00000000eac00000|  0%| F|  |TAMS 0x00000000eab00000, 0x00000000eab00000| Untracked 
| 172|0x00000000eac00000, 0x00000000eac00000, 0x00000000ead00000|  0%| F|  |TAMS 0x00000000eac00000, 0x00000000eac00000| Untracked 
| 173|0x00000000ead00000, 0x00000000ead00000, 0x00000000eae00000|  0%| F|  |TAMS 0x00000000ead00000, 0x00000000ead00000| Untracked 
| 174|0x00000000eae00000, 0x00000000eae00000, 0x00000000eaf00000|  0%| F|  |TAMS 0x00000000eae00000, 0x00000000eae00000| Untracked 
| 175|0x00000000eaf00000, 0x00000000eaf00000, 0x00000000eb000000|  0%| F|  |TAMS 0x00000000eaf00000, 0x00000000eaf00000| Untracked 
| 176|0x00000000eb000000, 0x00000000eb000000, 0x00000000eb100000|  0%| F|  |TAMS 0x00000000eb000000, 0x00000000eb000000| Untracked 
| 177|0x00000000eb100000, 0x00000000eb100000, 0x00000000eb200000|  0%| F|  |TAMS 0x00000000eb100000, 0x00000000eb100000| Untracked 
| 178|0x00000000eb200000, 0x00000000eb200000, 0x00000000eb300000|  0%| F|  |TAMS 0x00000000eb200000, 0x00000000eb200000| Untracked 
| 179|0x00000000eb300000, 0x00000000eb300000, 0x00000000eb400000|  0%| F|  |TAMS 0x00000000eb300000, 0x00000000eb300000| Untracked 
| 180|0x00000000eb400000, 0x00000000eb400000, 0x00000000eb500000|  0%| F|  |TAMS 0x00000000eb400000, 0x00000000eb400000| Untracked 
| 181|0x00000000eb500000, 0x00000000eb500000, 0x00000000eb600000|  0%| F|  |TAMS 0x00000000eb500000, 0x00000000eb500000| Untracked 
| 182|0x00000000eb600000, 0x00000000eb600000, 0x00000000eb700000|  0%| F|  |TAMS 0x00000000eb600000, 0x00000000eb600000| Untracked 
| 183|0x00000000eb700000, 0x00000000eb700000, 0x00000000eb800000|  0%| F|  |TAMS 0x00000000eb700000, 0x00000000eb700000| Untracked 
| 184|0x00000000eb800000, 0x00000000eb800000, 0x00000000eb900000|  0%| F|  |TAMS 0x00000000eb800000, 0x00000000eb800000| Untracked 
| 185|0x00000000eb900000, 0x00000000eb900000, 0x00000000eba00000|  0%| F|  |TAMS 0x00000000eb900000, 0x00000000eb900000| Untracked 
| 186|0x00000000eba00000, 0x00000000eba00000, 0x00000000ebb00000|  0%| F|  |TAMS 0x00000000eba00000, 0x00000000eba00000| Untracked 
| 187|0x00000000ebb00000, 0x00000000ebb00000, 0x00000000ebc00000|  0%| F|  |TAMS 0x00000000ebb00000, 0x00000000ebb00000| Untracked 
| 188|0x00000000ebc00000, 0x00000000ebc00000, 0x00000000ebd00000|  0%| F|  |TAMS 0x00000000ebc00000, 0x00000000ebc00000| Untracked 
| 189|0x00000000ebd00000, 0x00000000ebd00000, 0x00000000ebe00000|  0%| F|  |TAMS 0x00000000ebd00000, 0x00000000ebd00000| Untracked 
| 190|0x00000000ebe00000, 0x00000000ebe00000, 0x00000000ebf00000|  0%| F|  |TAMS 0x00000000ebe00000, 0x00000000ebe00000| Untracked 
| 191|0x00000000ebf00000, 0x00000000ebf00000, 0x00000000ec000000|  0%| F|  |TAMS 0x00000000ebf00000, 0x00000000ebf00000| Untracked 
| 192|0x00000000ec000000, 0x00000000ec000000, 0x00000000ec100000|  0%| F|  |TAMS 0x00000000ec000000, 0x00000000ec000000| Untracked 
| 193|0x00000000ec100000, 0x00000000ec100000, 0x00000000ec200000|  0%| F|  |TAMS 0x00000000ec100000, 0x00000000ec100000| Untracked 
| 194|0x00000000ec200000, 0x00000000ec200000, 0x00000000ec300000|  0%| F|  |TAMS 0x00000000ec200000, 0x00000000ec200000| Untracked 
| 195|0x00000000ec300000, 0x00000000ec300000, 0x00000000ec400000|  0%| F|  |TAMS 0x00000000ec300000, 0x00000000ec300000| Untracked 
| 196|0x00000000ec400000, 0x00000000ec400000, 0x00000000ec500000|  0%| F|  |TAMS 0x00000000ec400000, 0x00000000ec400000| Untracked 
| 197|0x00000000ec500000, 0x00000000ec500000, 0x00000000ec600000|  0%| F|  |TAMS 0x00000000ec500000, 0x00000000ec500000| Untracked 
| 198|0x00000000ec600000, 0x00000000ec600000, 0x00000000ec700000|  0%| F|  |TAMS 0x00000000ec600000, 0x00000000ec600000| Untracked 
| 199|0x00000000ec700000, 0x00000000ec700000, 0x00000000ec800000|  0%| F|  |TAMS 0x00000000ec700000, 0x00000000ec700000| Untracked 
| 200|0x00000000ec800000, 0x00000000ec800000, 0x00000000ec900000|  0%| F|  |TAMS 0x00000000ec800000, 0x00000000ec800000| Untracked 
| 201|0x00000000ec900000, 0x00000000ec900000, 0x00000000eca00000|  0%| F|  |TAMS 0x00000000ec900000, 0x00000000ec900000| Untracked 
| 202|0x00000000eca00000, 0x00000000eca00000, 0x00000000ecb00000|  0%| F|  |TAMS 0x00000000eca00000, 0x00000000eca00000| Untracked 
| 203|0x00000000ecb00000, 0x00000000ecb00000, 0x00000000ecc00000|  0%| F|  |TAMS 0x00000000ecb00000, 0x00000000ecb00000| Untracked 
| 204|0x00000000ecc00000, 0x00000000ecc00000, 0x00000000ecd00000|  0%| F|  |TAMS 0x00000000ecc00000, 0x00000000ecc00000| Untracked 
| 205|0x00000000ecd00000, 0x00000000ecd00000, 0x00000000ece00000|  0%| F|  |TAMS 0x00000000ecd00000, 0x00000000ecd00000| Untracked 
| 206|0x00000000ece00000, 0x00000000ece00000, 0x00000000ecf00000|  0%| F|  |TAMS 0x00000000ece00000, 0x00000000ece00000| Untracked 
| 207|0x00000000ecf00000, 0x00000000ecf00000, 0x00000000ed000000|  0%| F|  |TAMS 0x00000000ecf00000, 0x00000000ecf00000| Untracked 
| 208|0x00000000ed000000, 0x00000000ed000000, 0x00000000ed100000|  0%| F|  |TAMS 0x00000000ed000000, 0x00000000ed000000| Untracked 
| 209|0x00000000ed100000, 0x00000000ed100000, 0x00000000ed200000|  0%| F|  |TAMS 0x00000000ed100000, 0x00000000ed100000| Untracked 
| 210|0x00000000ed200000, 0x00000000ed200000, 0x00000000ed300000|  0%| F|  |TAMS 0x00000000ed200000, 0x00000000ed200000| Untracked 
| 211|0x00000000ed300000, 0x00000000ed300000, 0x00000000ed400000|  0%| F|  |TAMS 0x00000000ed300000, 0x00000000ed300000| Untracked 
| 212|0x00000000ed400000, 0x00000000ed400000, 0x00000000ed500000|  0%| F|  |TAMS 0x00000000ed400000, 0x00000000ed400000| Untracked 
| 213|0x00000000ed500000, 0x00000000ed500000, 0x00000000ed600000|  0%| F|  |TAMS 0x00000000ed500000, 0x00000000ed500000| Untracked 
| 214|0x00000000ed600000, 0x00000000ed600000, 0x00000000ed700000|  0%| F|  |TAMS 0x00000000ed600000, 0x00000000ed600000| Untracked 
| 215|0x00000000ed700000, 0x00000000ed700000, 0x00000000ed800000|  0%| F|  |TAMS 0x00000000ed700000, 0x00000000ed700000| Untracked 
| 216|0x00000000ed800000, 0x00000000ed800000, 0x00000000ed900000|  0%| F|  |TAMS 0x00000000ed800000, 0x00000000ed800000| Untracked 
| 217|0x00000000ed900000, 0x00000000ed900000, 0x00000000eda00000|  0%| F|  |TAMS 0x00000000ed900000, 0x00000000ed900000| Untracked 
| 218|0x00000000eda00000, 0x00000000eda00000, 0x00000000edb00000|  0%| F|  |TAMS 0x00000000eda00000, 0x00000000eda00000| Untracked 
| 219|0x00000000edb00000, 0x00000000edb00000, 0x00000000edc00000|  0%| F|  |TAMS 0x00000000edb00000, 0x00000000edb00000| Untracked 
| 220|0x00000000edc00000, 0x00000000edc00000, 0x00000000edd00000|  0%| F|  |TAMS 0x00000000edc00000, 0x00000000edc00000| Untracked 
| 221|0x00000000edd00000, 0x00000000edd00000, 0x00000000ede00000|  0%| F|  |TAMS 0x00000000edd00000, 0x00000000edd00000| Untracked 
| 222|0x00000000ede00000, 0x00000000ede00000, 0x00000000edf00000|  0%| F|  |TAMS 0x00000000ede00000, 0x00000000ede00000| Untracked 
| 223|0x00000000edf00000, 0x00000000edf00000, 0x00000000ee000000|  0%| F|  |TAMS 0x00000000edf00000, 0x00000000edf00000| Untracked 
| 224|0x00000000ee000000, 0x00000000ee000000, 0x00000000ee100000|  0%| F|  |TAMS 0x00000000ee000000, 0x00000000ee000000| Untracked 
| 225|0x00000000ee100000, 0x00000000ee100000, 0x00000000ee200000|  0%| F|  |TAMS 0x00000000ee100000, 0x00000000ee100000| Untracked 
| 226|0x00000000ee200000, 0x00000000ee200000, 0x00000000ee300000|  0%| F|  |TAMS 0x00000000ee200000, 0x00000000ee200000| Untracked 
| 227|0x00000000ee300000, 0x00000000ee300000, 0x00000000ee400000|  0%| F|  |TAMS 0x00000000ee300000, 0x00000000ee300000| Untracked 
| 228|0x00000000ee400000, 0x00000000ee400000, 0x00000000ee500000|  0%| F|  |TAMS 0x00000000ee400000, 0x00000000ee400000| Untracked 
| 229|0x00000000ee500000, 0x00000000ee500000, 0x00000000ee600000|  0%| F|  |TAMS 0x00000000ee500000, 0x00000000ee500000| Untracked 
| 230|0x00000000ee600000, 0x00000000ee600000, 0x00000000ee700000|  0%| F|  |TAMS 0x00000000ee600000, 0x00000000ee600000| Untracked 
| 231|0x00000000ee700000, 0x00000000ee700000, 0x00000000ee800000|  0%| F|  |TAMS 0x00000000ee700000, 0x00000000ee700000| Untracked 
| 232|0x00000000ee800000, 0x00000000ee800000, 0x00000000ee900000|  0%| F|  |TAMS 0x00000000ee800000, 0x00000000ee800000| Untracked 
| 233|0x00000000ee900000, 0x00000000ee900000, 0x00000000eea00000|  0%| F|  |TAMS 0x00000000ee900000, 0x00000000ee900000| Untracked 
| 234|0x00000000eea00000, 0x00000000eea00000, 0x00000000eeb00000|  0%| F|  |TAMS 0x00000000eea00000, 0x00000000eea00000| Untracked 
| 235|0x00000000eeb00000, 0x00000000eeb00000, 0x00000000eec00000|  0%| F|  |TAMS 0x00000000eeb00000, 0x00000000eeb00000| Untracked 
| 236|0x00000000eec00000, 0x00000000eec00000, 0x00000000eed00000|  0%| F|  |TAMS 0x00000000eec00000, 0x00000000eec00000| Untracked 
| 237|0x00000000eed00000, 0x00000000eed00000, 0x00000000eee00000|  0%| F|  |TAMS 0x00000000eed00000, 0x00000000eed00000| Untracked 
| 238|0x00000000eee00000, 0x00000000eee00000, 0x00000000eef00000|  0%| F|  |TAMS 0x00000000eee00000, 0x00000000eee00000| Untracked 
| 239|0x00000000eef00000, 0x00000000eef00000, 0x00000000ef000000|  0%| F|  |TAMS 0x00000000eef00000, 0x00000000eef00000| Untracked 
| 240|0x00000000ef000000, 0x00000000ef000000, 0x00000000ef100000|  0%| F|  |TAMS 0x00000000ef000000, 0x00000000ef000000| Untracked 
| 241|0x00000000ef100000, 0x00000000ef100000, 0x00000000ef200000|  0%| F|  |TAMS 0x00000000ef100000, 0x00000000ef100000| Untracked 
| 242|0x00000000ef200000, 0x00000000ef200800, 0x00000000ef300000|  0%| E|  |TAMS 0x00000000ef200000, 0x00000000ef200000| Complete 
| 243|0x00000000ef300000, 0x00000000ef400000, 0x00000000ef400000|100%| E|CS|TAMS 0x00000000ef300000, 0x00000000ef300000| Complete 
| 244|0x00000000ef400000, 0x00000000ef500000, 0x00000000ef500000|100%| E|CS|TAMS 0x00000000ef400000, 0x00000000ef400000| Complete 
| 245|0x00000000ef500000, 0x00000000ef600000, 0x00000000ef600000|100%| E|CS|TAMS 0x00000000ef500000, 0x00000000ef500000| Complete 
| 246|0x00000000ef600000, 0x00000000ef700000, 0x00000000ef700000|100%| E|CS|TAMS 0x00000000ef600000, 0x00000000ef600000| Complete 
| 247|0x00000000ef700000, 0x00000000ef800000, 0x00000000ef800000|100%| E|CS|TAMS 0x00000000ef700000, 0x00000000ef700000| Complete 
| 248|0x00000000ef800000, 0x00000000ef900000, 0x00000000ef900000|100%| E|CS|TAMS 0x00000000ef800000, 0x00000000ef800000| Complete 
| 249|0x00000000ef900000, 0x00000000efa00000, 0x00000000efa00000|100%| E|CS|TAMS 0x00000000ef900000, 0x00000000ef900000| Complete 
| 250|0x00000000efa00000, 0x00000000efb00000, 0x00000000efb00000|100%| E|CS|TAMS 0x00000000efa00000, 0x00000000efa00000| Complete 
| 251|0x00000000efb00000, 0x00000000efc00000, 0x00000000efc00000|100%| E|CS|TAMS 0x00000000efb00000, 0x00000000efb00000| Complete 
| 252|0x00000000efc00000, 0x00000000efd00000, 0x00000000efd00000|100%| E|CS|TAMS 0x00000000efc00000, 0x00000000efc00000| Complete 
| 253|0x00000000efd00000, 0x00000000efe00000, 0x00000000efe00000|100%| E|CS|TAMS 0x00000000efd00000, 0x00000000efd00000| Complete 
| 254|0x00000000efe00000, 0x00000000eff00000, 0x00000000eff00000|100%| E|CS|TAMS 0x00000000efe00000, 0x00000000efe00000| Complete 
| 255|0x00000000eff00000, 0x00000000f0000000, 0x00000000f0000000|100%| E|CS|TAMS 0x00000000eff00000, 0x00000000eff00000| Complete 

Card table byte_map: [0x000001d04b810000,0x000001d04b910000] _byte_map_base: 0x000001d04b110000

Marking Bits (Prev, Next): (CMBitMap*) 0x000001d034f65310, (CMBitMap*) 0x000001d034f652d0
 Prev Bits: [0x000001d04c210000, 0x000001d04ca10000)
 Next Bits: [0x000001d04ba10000, 0x000001d04c210000)

Polling page: 0x000001d032ea0000

Metaspace:

Usage:
  Non-class:     63.21 MB used.
      Class:      9.80 MB used.
       Both:     73.02 MB used.

Virtual space:
  Non-class space:       64.00 MB reserved,      63.69 MB (>99%) committed,  1 nodes.
      Class space:      320.00 MB reserved,      10.19 MB (  3%) committed,  1 nodes.
             Both:      384.00 MB reserved,      73.88 MB ( 19%) committed. 

Chunk freelists:
   Non-Class:  226.00 KB
       Class:  5.78 MB
        Both:  6.00 MB

MaxMetaspaceSize: 384.00 MB
CompressedClassSpaceSize: 320.00 MB
Initial GC threshold: 21.00 MB
Current GC threshold: 98.12 MB
CDS: on
MetaspaceReclaimPolicy: balanced
 - commit_granule_bytes: 65536.
 - commit_granule_words: 8192.
 - virtual_space_node_default_size: 8388608.
 - enlarge_chunks_in_place: 1.
 - new_chunks_are_fully_committed: 0.
 - uncommit_free_chunks: 1.
 - use_allocation_guard: 0.
 - handle_deallocations: 1.


Internal statistics:

num_allocs_failed_limit: 9.
num_arena_births: 992.
num_arena_deaths: 0.
num_vsnodes_births: 2.
num_vsnodes_deaths: 0.
num_space_committed: 1182.
num_space_uncommitted: 0.
num_chunks_returned_to_freelist: 9.
num_chunks_taken_from_freelist: 4333.
num_chunk_merges: 9.
num_chunk_splits: 2703.
num_chunks_enlarged: 1688.
num_inconsistent_stats: 0.

CodeHeap 'non-profiled nmethods': size=120000Kb used=8251Kb max_used=8251Kb free=111748Kb
 bounds [0x000001d0442e0000, 0x000001d044b00000, 0x000001d04b810000]
CodeHeap 'profiled nmethods': size=120000Kb used=26429Kb max_used=27031Kb free=93570Kb
 bounds [0x000001d03c810000, 0x000001d03e290000, 0x000001d043d40000]
CodeHeap 'non-nmethods': size=5760Kb used=2374Kb max_used=2449Kb free=3385Kb
 bounds [0x000001d043d40000, 0x000001d043fb0000, 0x000001d0442e0000]
 total_blobs=13767 nmethods=12870 adapters=808
 compilation: enabled
              stopped_count=0, restarted_count=0
 full_count=0

Compilation events (20 events):
Event: 228.999 Thread 0x000001d04eff6780 15300       3       java.util.AbstractList::indexOf (65 bytes)
Event: 228.999 Thread 0x000001d04eff6780 nmethod 15300 0x000001d03d196810 code [0x000001d03d196a60, 0x000001d03d197418]
Event: 228.999 Thread 0x000001d04eff6780 15298       3       org.gradle.internal.serialize.StackTraceElementPlaceholder::<init> (88 bytes)
Event: 228.999 Thread 0x000001d04eff6780 nmethod 15298 0x000001d03d1a4190 code [0x000001d03d1a4400, 0x000001d03d1a4f68]
Event: 229.000 Thread 0x000001d04eff6780 15299       3       org.gradle.api.JavaVersion::current (21 bytes)
Event: 229.000 Thread 0x000001d04eff6780 nmethod 15299 0x000001d03d012e90 code [0x000001d03d0130a0, 0x000001d03d0135d8]
Event: 229.000 Thread 0x000001d04eff6780 15301       3       java.util.AbstractList::listIterator (15 bytes)
Event: 229.000 Thread 0x000001d04eff6780 nmethod 15301 0x000001d03d3e8d90 code [0x000001d03d3e8f80, 0x000001d03d3e95a8]
Event: 229.000 Thread 0x000001d04eff6780 15302       3       java.util.AbstractList::rangeCheckForAdd (26 bytes)
Event: 229.000 Thread 0x000001d04eff6780 nmethod 15302 0x000001d03d5f0090 code [0x000001d03d5f02e0, 0x000001d03d5f0b08]
Event: 229.000 Thread 0x000001d04eff6780 15303       3       java.util.AbstractList$ListItr::<init> (16 bytes)
Event: 229.000 Thread 0x000001d04eff6780 nmethod 15303 0x000001d03d3e8610 code [0x000001d03d3e87c0, 0x000001d03d3e8a58]
Event: 229.000 Thread 0x000001d04eff6780 15305       3       java.util.Collections$EmptyList::listIterator (4 bytes)
Event: 229.001 Thread 0x000001d04eff6780 nmethod 15305 0x000001d03d5efc90 code [0x000001d03d5efe20, 0x000001d03d5eff98]
Event: 229.001 Thread 0x000001d04eff6780 15306       3       java.util.Collections::emptyListIterator (4 bytes)
Event: 229.001 Thread 0x000001d04eff6780 nmethod 15306 0x000001d03cba3990 code [0x000001d03cba3b20, 0x000001d03cba3c18]
Event: 229.001 Thread 0x000001d04eff6780 15308       3       org.gradle.internal.event.DefaultListenerManager$EventBroadcast::maybeRemove (27 bytes)
Event: 229.001 Thread 0x000001d04eff6780 nmethod 15308 0x000001d03db55890 code [0x000001d03db55a60, 0x000001d03db55db8]
Event: 229.001 Thread 0x000001d06b95b040 15307   !   4       java.io.ObjectOutputStream::writeObject0 (620 bytes)
Event: 229.017 Thread 0x000001d04eff6780 15310       3       java.util.concurrent.ThreadPoolExecutor::runStateLessThan (11 bytes)

GC Heap History (20 events):
Event: 5.124 GC heap before
{Heap before GC invocations=5 (full 0):
 garbage-first heap   total 262144K, used 145973K [0x00000000e0000000, 0x0000000100000000)
  region size 1024K, 119 young (121856K), 3 survivors (3072K)
 Metaspace       used 35550K, committed 35968K, reserved 393216K
  class space    used 4937K, committed 5120K, reserved 327680K
}
Event: 5.136 GC heap after
{Heap after GC invocations=6 (full 0):
 garbage-first heap   total 262144K, used 32380K [0x00000000e0000000, 0x0000000100000000)
  region size 1024K, 11 young (11264K), 11 survivors (11264K)
 Metaspace       used 35550K, committed 35968K, reserved 393216K
  class space    used 4937K, committed 5120K, reserved 327680K
}
Event: 7.304 GC heap before
{Heap before GC invocations=7 (full 0):
 garbage-first heap   total 262144K, used 178812K [0x00000000e0000000, 0x0000000100000000)
  region size 1024K, 153 young (156672K), 11 survivors (11264K)
 Metaspace       used 49107K, committed 49664K, reserved 393216K
  class space    used 6960K, committed 7232K, reserved 327680K
}
Event: 7.315 GC heap after
{Heap after GC invocations=8 (full 0):
 garbage-first heap   total 262144K, used 39854K [0x00000000e0000000, 0x0000000100000000)
  region size 1024K, 18 young (18432K), 18 survivors (18432K)
 Metaspace       used 49107K, committed 49664K, reserved 393216K
  class space    used 6960K, committed 7232K, reserved 327680K
}
Event: 9.500 GC heap before
{Heap before GC invocations=8 (full 0):
 garbage-first heap   total 262144K, used 178094K [0x00000000e0000000, 0x0000000100000000)
  region size 1024K, 153 young (156672K), 18 survivors (18432K)
 Metaspace       used 55344K, committed 55936K, reserved 393216K
  class space    used 7656K, committed 7936K, reserved 327680K
}
Event: 9.518 GC heap after
{Heap after GC invocations=9 (full 0):
 garbage-first heap   total 262144K, used 51471K [0x00000000e0000000, 0x0000000100000000)
  region size 1024K, 20 young (20480K), 20 survivors (20480K)
 Metaspace       used 55344K, committed 55936K, reserved 393216K
  class space    used 7656K, committed 7936K, reserved 327680K
}
Event: 11.700 GC heap before
{Heap before GC invocations=9 (full 0):
 garbage-first heap   total 262144K, used 187663K [0x00000000e0000000, 0x0000000100000000)
  region size 1024K, 153 young (156672K), 20 survivors (20480K)
 Metaspace       used 57906K, committed 58560K, reserved 393216K
  class space    used 7910K, committed 8192K, reserved 327680K
}
Event: 11.717 GC heap after
{Heap after GC invocations=10 (full 0):
 garbage-first heap   total 262144K, used 56824K [0x00000000e0000000, 0x0000000100000000)
  region size 1024K, 6 young (6144K), 6 survivors (6144K)
 Metaspace       used 57906K, committed 58560K, reserved 393216K
  class space    used 7910K, committed 8192K, reserved 327680K
}
Event: 12.050 GC heap before
{Heap before GC invocations=10 (full 0):
 garbage-first heap   total 262144K, used 91640K [0x00000000e0000000, 0x0000000100000000)
  region size 1024K, 41 young (41984K), 6 survivors (6144K)
 Metaspace       used 59501K, committed 60160K, reserved 393216K
  class space    used 8192K, committed 8512K, reserved 327680K
}
Event: 12.059 GC heap after
{Heap after GC invocations=11 (full 0):
 garbage-first heap   total 262144K, used 58755K [0x00000000e0000000, 0x0000000100000000)
  region size 1024K, 8 young (8192K), 8 survivors (8192K)
 Metaspace       used 59501K, committed 60160K, reserved 393216K
  class space    used 8192K, committed 8512K, reserved 327680K
}
Event: 13.755 GC heap before
{Heap before GC invocations=12 (full 0):
 garbage-first heap   total 262144K, used 207235K [0x00000000e0000000, 0x0000000100000000)
  region size 1024K, 153 young (156672K), 8 survivors (8192K)
 Metaspace       used 67825K, committed 68544K, reserved 393216K
  class space    used 9286K, committed 9600K, reserved 327680K
}
Event: 13.783 GC heap after
{Heap after GC invocations=13 (full 0):
 garbage-first heap   total 262144K, used 87832K [0x00000000e0000000, 0x0000000100000000)
  region size 1024K, 20 young (20480K), 20 survivors (20480K)
 Metaspace       used 67825K, committed 68544K, reserved 393216K
  class space    used 9286K, committed 9600K, reserved 327680K
}
Event: 13.794 GC heap before
{Heap before GC invocations=13 (full 0):
 garbage-first heap   total 262144K, used 88856K [0x00000000e0000000, 0x0000000100000000)
  region size 1024K, 21 young (21504K), 20 survivors (20480K)
 Metaspace       used 67843K, committed 68544K, reserved 393216K
  class space    used 9288K, committed 9600K, reserved 327680K
}
Event: 13.815 GC heap after
{Heap after GC invocations=14 (full 0):
 garbage-first heap   total 262144K, used 91136K [0x00000000e0000000, 0x0000000100000000)
  region size 1024K, 2 young (2048K), 2 survivors (2048K)
 Metaspace       used 67843K, committed 68544K, reserved 393216K
  class space    used 9288K, committed 9600K, reserved 327680K
}
Event: 15.760 GC heap before
{Heap before GC invocations=14 (full 0):
 garbage-first heap   total 262144K, used 197632K [0x00000000e0000000, 0x0000000100000000)
  region size 1024K, 106 young (108544K), 2 survivors (2048K)
 Metaspace       used 72729K, committed 73600K, reserved 393216K
  class space    used 9846K, committed 10240K, reserved 327680K
}
Event: 15.770 GC heap after
{Heap after GC invocations=15 (full 0):
 garbage-first heap   total 262144K, used 96683K [0x00000000e0000000, 0x0000000100000000)
  region size 1024K, 8 young (8192K), 8 survivors (8192K)
 Metaspace       used 72729K, committed 73600K, reserved 393216K
  class space    used 9846K, committed 10240K, reserved 327680K
}
Event: 79.124 GC heap before
{Heap before GC invocations=15 (full 0):
 garbage-first heap   total 262144K, used 200107K [0x00000000e0000000, 0x0000000100000000)
  region size 1024K, 110 young (112640K), 8 survivors (8192K)
 Metaspace       used 74320K, committed 75200K, reserved 393216K
  class space    used 10025K, committed 10432K, reserved 327680K
}
Event: 79.137 GC heap after
{Heap after GC invocations=16 (full 0):
 garbage-first heap   total 262144K, used 105930K [0x00000000e0000000, 0x0000000100000000)
  region size 1024K, 14 young (14336K), 14 survivors (14336K)
 Metaspace       used 74320K, committed 75200K, reserved 393216K
  class space    used 10025K, committed 10432K, reserved 327680K
}
Event: 80.180 GC heap before
{Heap before GC invocations=16 (full 0):
 garbage-first heap   total 262144K, used 204234K [0x00000000e0000000, 0x0000000100000000)
  region size 1024K, 110 young (112640K), 14 survivors (14336K)
 Metaspace       used 74673K, committed 75520K, reserved 393216K
  class space    used 10030K, committed 10432K, reserved 327680K
}
Event: 80.197 GC heap after
{Heap after GC invocations=17 (full 0):
 garbage-first heap   total 262144K, used 113161K [0x00000000e0000000, 0x0000000100000000)
  region size 1024K, 7 young (7168K), 7 survivors (7168K)
 Metaspace       used 74673K, committed 75520K, reserved 393216K
  class space    used 10030K, committed 10432K, reserved 327680K
}

Deoptimization events (20 events):
Event: 228.964 Thread 0x000001d06bd292c0 Uncommon trap: trap_request=0xffffff45 fr.pc=0x000001d04485bf10 relative=0x0000000000000530
Event: 228.964 Thread 0x000001d06bd292c0 Uncommon trap: reason=unstable_if action=reinterpret pc=0x000001d04485bf10 method=com.esotericsoftware.kryo.io.Input.require(I)I @ 180 c2
Event: 228.964 Thread 0x000001d06bd292c0 DEOPT PACKING pc=0x000001d04485bf10 sp=0x00000085c41fec00
Event: 228.964 Thread 0x000001d06bd292c0 DEOPT UNPACKING pc=0x000001d043d923a3 sp=0x00000085c41feb28 mode 2
Event: 228.972 Thread 0x000001d06bd288a0 Uncommon trap: trap_request=0xffffffde fr.pc=0x000001d04437be20 relative=0x00000000000005e0
Event: 228.972 Thread 0x000001d06bd288a0 Uncommon trap: reason=class_check action=maybe_recompile pc=0x000001d04437be20 method=java.lang.Throwable.<init>(Ljava/lang/String;Ljava/lang/Throwable;)V @ 24 c2
Event: 228.972 Thread 0x000001d06bd288a0 DEOPT PACKING pc=0x000001d04437be20 sp=0x00000085c61ff190
Event: 228.972 Thread 0x000001d06bd288a0 DEOPT UNPACKING pc=0x000001d043d923a3 sp=0x00000085c61ff158 mode 2
Event: 228.972 Thread 0x000001d06bd288a0 Uncommon trap: trap_request=0xffffff45 fr.pc=0x000001d0443f57c0 relative=0x00000000000000a0
Event: 228.972 Thread 0x000001d06bd288a0 Uncommon trap: reason=unstable_if action=reinterpret pc=0x000001d0443f57c0 method=org.gradle.launcher.daemon.server.exec.DaemonConnectionBackedEventConsumer$ForwardEvents.moreMessagesToSend()Z @ 4 c2
Event: 228.972 Thread 0x000001d06bd288a0 DEOPT PACKING pc=0x000001d0443f57c0 sp=0x00000085c61ff590
Event: 228.972 Thread 0x000001d06bd288a0 DEOPT UNPACKING pc=0x000001d043d923a3 sp=0x00000085c61ff530 mode 2
Event: 228.978 Thread 0x000001d06bd25600 Uncommon trap: trap_request=0xffffffde fr.pc=0x000001d04437be20 relative=0x00000000000005e0
Event: 228.978 Thread 0x000001d06bd25600 Uncommon trap: reason=class_check action=maybe_recompile pc=0x000001d04437be20 method=java.lang.Throwable.<init>(Ljava/lang/String;Ljava/lang/Throwable;)V @ 24 c2
Event: 228.978 Thread 0x000001d06bd25600 DEOPT PACKING pc=0x000001d04437be20 sp=0x00000085c5ffeea0
Event: 228.978 Thread 0x000001d06bd25600 DEOPT UNPACKING pc=0x000001d043d923a3 sp=0x00000085c5ffee68 mode 2
Event: 228.979 Thread 0x000001d06bd250f0 Uncommon trap: trap_request=0xffffffc6 fr.pc=0x000001d04433b5c8 relative=0x00000000000007e8
Event: 228.979 Thread 0x000001d06bd250f0 Uncommon trap: reason=bimorphic_or_optimized_type_check action=maybe_recompile pc=0x000001d04433b5c8 method=java.util.stream.MatchOps$MatchOp.evaluateSequential(Ljava/util/stream/PipelineHelper;Ljava/util/Spliterator;)Ljava/lang/Boolean; @ 14 c2
Event: 228.979 Thread 0x000001d06bd250f0 DEOPT PACKING pc=0x000001d04433b5c8 sp=0x00000085c5dfc2c0
Event: 228.979 Thread 0x000001d06bd250f0 DEOPT UNPACKING pc=0x000001d043d923a3 sp=0x00000085c5dfc1f8 mode 2

Classes unloaded (0 events):
No events

Classes redefined (0 events):
No events

Internal exceptions (20 events):
Event: 16.154 Thread 0x000001d069eb3050 Exception <a 'java/lang/NoSuchMethodError'{0x00000000ef0075c8}: static Lorg/gradle/tooling/internal/provider/serialization/ClassLoaderDetails;.<clinit>()V> (0x00000000ef0075c8) 
thrown [s\open\src\hotspot\share\prims\jni.cpp, line 1112]
Event: 16.155 Thread 0x000001d069eb3050 Exception <a 'java/lang/NoSuchMethodError'{0x00000000ef019f80}: static Lorg/gradle/tooling/internal/provider/serialization/WellKnownClassLoaderRegistry$KnownClassLoaderSpec;.<clinit>()V> (0x00000000ef019f80) 
thrown [s\open\src\hotspot\share\prims\jni.cpp, line 1112]
Event: 16.155 Thread 0x000001d069eb3050 Exception <a 'java/lang/NoSuchMethodError'{0x00000000ef01b5f8}: static Lorg/gradle/internal/classloader/ClassLoaderSpec;.<clinit>()V> (0x00000000ef01b5f8) 
thrown [s\open\src\hotspot\share\prims\jni.cpp, line 1112]
Event: 16.156 Thread 0x000001d069eb3050 Exception <a 'java/lang/NoSuchMethodError'{0x00000000ef02e428}: static Lorg/gradle/internal/classloader/ClassLoaderSpec;.<clinit>()V> (0x00000000ef02e428) 
thrown [s\open\src\hotspot\share\prims\jni.cpp, line 1112]
Event: 16.157 Thread 0x000001d069eb3050 Exception <a 'java/lang/NoSuchMethodError'{0x00000000ef03a5b0}: static Lorg/gradle/internal/classloader/VisitableURLClassLoader$Spec;.<clinit>()V> (0x00000000ef03a5b0) 
thrown [s\open\src\hotspot\share\prims\jni.cpp, line 1112]
Event: 77.843 Thread 0x000001d06bd250f0 Exception <a 'sun/nio/fs/WindowsException'{0x00000000ee900100}> (0x00000000ee900100) 
thrown [s\open\src\hotspot\share\prims\jni.cpp, line 516]
Event: 77.843 Thread 0x000001d06bd250f0 Exception <a 'sun/nio/fs/WindowsException'{0x00000000ee9018d8}> (0x00000000ee9018d8) 
thrown [s\open\src\hotspot\share\prims\jni.cpp, line 516]
Event: 77.844 Thread 0x000001d06bd250f0 Exception <a 'sun/nio/fs/WindowsException'{0x00000000ee902e50}> (0x00000000ee902e50) 
thrown [s\open\src\hotspot\share\prims\jni.cpp, line 516]
Event: 77.844 Thread 0x000001d06bd250f0 Exception <a 'sun/nio/fs/WindowsException'{0x00000000ee903fb8}> (0x00000000ee903fb8) 
thrown [s\open\src\hotspot\share\prims\jni.cpp, line 516]
Event: 78.013 Thread 0x000001d06bd250f0 Exception <a 'java/lang/NoClassDefFoundError'{0x00000000ee3225f0}: org/jetbrains/kotlin/gradle/plugin/KotlinPluginWrapper> (0x00000000ee3225f0) 
thrown [s\open\src\hotspot\share\oops\constantPool.cpp, line 837]
Event: 78.013 Thread 0x000001d06bd250f0 Exception <a 'java/lang/NoClassDefFoundError'{0x00000000ee3246e8}: org/graalvm/buildtools/gradle/NativeImagePlugin> (0x00000000ee3246e8) 
thrown [s\open\src\hotspot\share\oops\constantPool.cpp, line 837]
Event: 78.013 Thread 0x000001d06bd250f0 Exception <a 'java/lang/NoClassDefFoundError'{0x00000000ee3267d0}: org/cyclonedx/gradle/CycloneDxPlugin> (0x00000000ee3267d0) 
thrown [s\open\src\hotspot\share\oops\constantPool.cpp, line 837]
Event: 79.999 Thread 0x000001d06bd250f0 Implicit null exception at 0x000001d044ac6740 to 0x000001d044ac6e08
Event: 80.000 Thread 0x000001d06bd250f0 Implicit null exception at 0x000001d044ab8260 to 0x000001d044ab82f8
Event: 228.964 Thread 0x000001d06bd292c0 Exception <a 'sun/net/ConnectionResetException'{0x00000000ef610a28}: Connection reset> (0x00000000ef610a28) 
thrown [s\open\src\hotspot\share\prims\jni.cpp, line 535]
Event: 228.967 Thread 0x000001d06bb7b860 Exception <a 'java/lang/reflect/InvocationTargetException'{0x00000000eff599a0}> (0x00000000eff599a0) 
thrown [s\open\src\hotspot\share\runtime\reflection.cpp, line 1121]
Event: 228.972 Thread 0x000001d06bd288a0 Exception <a 'java/io/IOException'{0x00000000ef521a30}: Connection reset by peer> (0x00000000ef521a30) 
thrown [s\open\src\hotspot\share\prims\jni.cpp, line 535]
Event: 228.973 Thread 0x000001d06bd250f0 Exception <a 'sun/nio/fs/WindowsException'{0x00000000ef9dfca0}> (0x00000000ef9dfca0) 
thrown [s\open\src\hotspot\share\prims\jni.cpp, line 516]
Event: 228.973 Thread 0x000001d06bd250f0 Exception <a 'sun/nio/fs/WindowsException'{0x00000000ef9dffb8}> (0x00000000ef9dffb8) 
thrown [s\open\src\hotspot\share\prims\jni.cpp, line 516]
Event: 228.978 Thread 0x000001d06bd25600 Exception <a 'java/io/IOException'{0x00000000ef98ae90}: Connection reset by peer> (0x00000000ef98ae90) 
thrown [s\open\src\hotspot\share\prims\jni.cpp, line 535]

VM Operations (20 events):
Event: 86.254 Executing VM operation: Cleanup
Event: 86.254 Executing VM operation: Cleanup done
Event: 87.258 Executing VM operation: Cleanup
Event: 87.258 Executing VM operation: Cleanup done
Event: 88.271 Executing VM operation: Cleanup
Event: 88.273 Executing VM operation: Cleanup done
Event: 89.277 Executing VM operation: Cleanup
Event: 89.277 Executing VM operation: Cleanup done
Event: 90.280 Executing VM operation: Cleanup
Event: 90.280 Executing VM operation: Cleanup done
Event: 91.301 Executing VM operation: Cleanup
Event: 91.301 Executing VM operation: Cleanup done
Event: 93.327 Executing VM operation: Cleanup
Event: 93.327 Executing VM operation: Cleanup done
Event: 120.324 Executing VM operation: HandshakeAllThreads
Event: 120.324 Executing VM operation: HandshakeAllThreads done
Event: 152.593 Executing VM operation: Cleanup
Event: 152.593 Executing VM operation: Cleanup done
Event: 156.647 Executing VM operation: Cleanup
Event: 156.647 Executing VM operation: Cleanup done

Events (20 events):
Event: 229.017 Thread 0x000001d06c7eb760 Thread exited: 0x000001d06c7eb760
Event: 229.017 Thread 0x000001d06c7efe40 Thread exited: 0x000001d06c7efe40
Event: 229.017 Thread 0x000001d06c7f0d70 Thread exited: 0x000001d06c7f0d70
Event: 229.017 Thread 0x000001d06c7f1ca0 Thread exited: 0x000001d06c7f1ca0
Event: 229.017 Thread 0x000001d04f57e230 Thread exited: 0x000001d04f57e230
Event: 229.017 Thread 0x000001d04f57b9b0 Thread exited: 0x000001d04f57b9b0
Event: 229.017 Thread 0x000001d06c7ebc70 Thread exited: 0x000001d06c7ebc70
Event: 229.017 Thread 0x000001d04f57bec0 Thread exited: 0x000001d04f57bec0
Event: 229.017 Thread 0x000001d04f580fc0 Thread exited: 0x000001d04f580fc0
Event: 229.017 Thread 0x000001d04f57b4a0 Thread exited: 0x000001d04f57b4a0
Event: 229.017 Thread 0x000001d06c7f0860 Thread exited: 0x000001d06c7f0860
Event: 229.017 Thread 0x000001d04f57ec50 Thread exited: 0x000001d04f57ec50
Event: 229.017 Thread 0x000001d06bd21e50 Thread exited: 0x000001d06bd21e50
Event: 229.017 Thread 0x000001d06c7ec180 Thread exited: 0x000001d06c7ec180
Event: 229.017 Thread 0x000001d04f57fb80 Thread exited: 0x000001d04f57fb80
Event: 229.017 Thread 0x000001d04f57dd20 Thread exited: 0x000001d04f57dd20
Event: 229.017 Thread 0x000001d06c7ed5c0 Thread exited: 0x000001d06c7ed5c0
Event: 229.017 Thread 0x000001d06bd22d80 Thread exited: 0x000001d06bd22d80
Event: 229.017 Thread 0x000001d04f57cdf0 Thread exited: 0x000001d04f57cdf0
Event: 229.017 Thread 0x000001d06c7edad0 Thread exited: 0x000001d06c7edad0


Dynamic libraries:
0x00007ff7c0c40000 - 0x00007ff7c0c50000 	C:\Program Files\Java\jdk-17\bin\java.exe
0x00007ffab3a50000 - 0x00007ffab3c48000 	C:\WINDOWS\SYSTEM32\ntdll.dll
0x00007ffab3360000 - 0x00007ffab3422000 	C:\WINDOWS\System32\KERNEL32.DLL
0x00007ffab12e0000 - 0x00007ffab15d6000 	C:\WINDOWS\System32\KERNELBASE.dll
0x00007ffab1830000 - 0x00007ffab1930000 	C:\WINDOWS\System32\ucrtbase.dll
0x00007ffaaa410000 - 0x00007ffaaa429000 	C:\Program Files\Java\jdk-17\bin\jli.dll
0x00007ffaaa3f0000 - 0x00007ffaaa40b000 	C:\Program Files\Java\jdk-17\bin\VCRUNTIME140.dll
0x00007ffab2bd0000 - 0x00007ffab2c7f000 	C:\WINDOWS\System32\ADVAPI32.dll
0x00007ffab1ad0000 - 0x00007ffab1b6e000 	C:\WINDOWS\System32\msvcrt.dll
0x00007ffab29a0000 - 0x00007ffab2a3f000 	C:\WINDOWS\System32\sechost.dll
0x00007ffab2aa0000 - 0x00007ffab2bc3000 	C:\WINDOWS\System32\RPCRT4.dll
0x00007ffab10e0000 - 0x00007ffab1107000 	C:\WINDOWS\System32\bcrypt.dll
0x00007ffab3510000 - 0x00007ffab36ad000 	C:\WINDOWS\System32\USER32.dll
0x00007ffab12b0000 - 0x00007ffab12d2000 	C:\WINDOWS\System32\win32u.dll
0x00007ffab34e0000 - 0x00007ffab350b000 	C:\WINDOWS\System32\GDI32.dll
0x00007ffab1190000 - 0x00007ffab12aa000 	C:\WINDOWS\System32\gdi32full.dll
0x00007ffab1790000 - 0x00007ffab182d000 	C:\WINDOWS\System32\msvcp_win.dll
0x00007ffaa1200000 - 0x00007ffaa149a000 	C:\WINDOWS\WinSxS\amd64_microsoft.windows.common-controls_6595b64144ccf1df_6.0.19041.4355_none_60b8b9eb71f62e16\COMCTL32.dll
0x00007ffaab2f0000 - 0x00007ffaab2fa000 	C:\WINDOWS\SYSTEM32\VERSION.dll
0x00007ffab3330000 - 0x00007ffab335f000 	C:\WINDOWS\System32\IMM32.DLL
0x00007ffaae3e0000 - 0x00007ffaae3ec000 	C:\Program Files\Java\jdk-17\bin\vcruntime140_1.dll
0x00007ffa96130000 - 0x00007ffa961be000 	C:\Program Files\Java\jdk-17\bin\msvcp140.dll
0x00007ffa81c00000 - 0x00007ffa827e1000 	C:\Program Files\Java\jdk-17\bin\server\jvm.dll
0x00007ffab2510000 - 0x00007ffab2518000 	C:\WINDOWS\System32\PSAPI.DLL
0x00007ffaa9e70000 - 0x00007ffaa9e79000 	C:\WINDOWS\SYSTEM32\WSOCK32.dll
0x00007ffab32c0000 - 0x00007ffab332b000 	C:\WINDOWS\System32\WS2_32.dll
0x00007ffaa7b80000 - 0x00007ffaa7ba7000 	C:\WINDOWS\SYSTEM32\WINMM.dll
0x00007ffaaee60000 - 0x00007ffaaee72000 	C:\WINDOWS\SYSTEM32\kernel.appcore.dll
0x00007ffaa9e50000 - 0x00007ffaa9e5a000 	C:\Program Files\Java\jdk-17\bin\jimage.dll
0x00007ffaa71d0000 - 0x00007ffaa73b4000 	C:\WINDOWS\SYSTEM32\DBGHELP.DLL
0x00007ffa9ebb0000 - 0x00007ffa9ebe4000 	C:\WINDOWS\SYSTEM32\dbgcore.DLL
0x00007ffab19e0000 - 0x00007ffab1a62000 	C:\WINDOWS\System32\bcryptPrimitives.dll
0x00007ffaa6c10000 - 0x00007ffaa6c1e000 	C:\Program Files\Java\jdk-17\bin\instrument.dll
0x00007ffaa6640000 - 0x00007ffaa6665000 	C:\Program Files\Java\jdk-17\bin\java.dll
0x00007ffa88b10000 - 0x00007ffa88be7000 	C:\Program Files\Java\jdk-17\bin\jsvml.dll
0x00007ffab1cf0000 - 0x00007ffab245f000 	C:\WINDOWS\System32\SHELL32.dll
0x00007ffaaf140000 - 0x00007ffaaf8e3000 	C:\WINDOWS\SYSTEM32\windows.storage.dll
0x00007ffab36b0000 - 0x00007ffab3a05000 	C:\WINDOWS\System32\combase.dll
0x00007ffab09c0000 - 0x00007ffab09eb000 	C:\WINDOWS\SYSTEM32\Wldp.dll
0x00007ffab2610000 - 0x00007ffab26dd000 	C:\WINDOWS\System32\OLEAUT32.dll
0x00007ffab26e0000 - 0x00007ffab278d000 	C:\WINDOWS\System32\SHCORE.dll
0x00007ffab2a40000 - 0x00007ffab2a95000 	C:\WINDOWS\System32\shlwapi.dll
0x00007ffab1010000 - 0x00007ffab1035000 	C:\WINDOWS\SYSTEM32\profapi.dll
0x00007ffaa6bf0000 - 0x00007ffaa6c08000 	C:\Program Files\Java\jdk-17\bin\zip.dll
0x00007ffaa5e30000 - 0x00007ffaa5e49000 	C:\Program Files\Java\jdk-17\bin\net.dll
0x00007ffaab340000 - 0x00007ffaab44a000 	C:\WINDOWS\SYSTEM32\WINHTTP.dll
0x00007ffab0740000 - 0x00007ffab07ac000 	C:\WINDOWS\system32\mswsock.dll
0x00007ffaa1060000 - 0x00007ffaa1076000 	C:\Program Files\Java\jdk-17\bin\nio.dll
0x00007ffaa6b90000 - 0x00007ffaa6ba0000 	C:\Program Files\Java\jdk-17\bin\verify.dll
0x00007ffaaa430000 - 0x00007ffaaa457000 	C:\Users\80418\.gradle\native\1def1411415f61bf3af743bc5b6707747c0891f09f0c88961ee8f79bc544acac\windows-amd64\native-platform.dll
0x00007ffa94880000 - 0x00007ffa948f8000 	C:\Users\80418\.gradle\native\0.2.7\x86_64-windows-gnu\gradle-fileevents.dll
0x00007ffaa64f0000 - 0x00007ffaa64fa000 	C:\Program Files\Java\jdk-17\bin\management.dll
0x00007ffaa5a90000 - 0x00007ffaa5a9b000 	C:\Program Files\Java\jdk-17\bin\management_ext.dll
0x00007ffab0440000 - 0x00007ffab047b000 	C:\WINDOWS\SYSTEM32\IPHLPAPI.DLL
0x00007ffab2600000 - 0x00007ffab2608000 	C:\WINDOWS\System32\NSI.dll
0x00007ffaab9a0000 - 0x00007ffaab9b7000 	C:\WINDOWS\SYSTEM32\dhcpcsvc6.DLL
0x00007ffaab8f0000 - 0x00007ffaab90d000 	C:\WINDOWS\SYSTEM32\dhcpcsvc.DLL
0x00007ffab0480000 - 0x00007ffab054a000 	C:\WINDOWS\SYSTEM32\DNSAPI.dll
0x00007ffab0a70000 - 0x00007ffab0a88000 	C:\WINDOWS\SYSTEM32\CRYPTSP.dll
0x00007ffab0080000 - 0x00007ffab00b8000 	C:\WINDOWS\system32\rsaenh.dll
0x00007ffab0f90000 - 0x00007ffab0fbe000 	C:\WINDOWS\SYSTEM32\USERENV.dll
0x00007ffab08d0000 - 0x00007ffab08dc000 	C:\WINDOWS\SYSTEM32\CRYPTBASE.dll
0x00007ffaa1ee0000 - 0x00007ffaa1eee000 	C:\Program Files\Java\jdk-17\bin\sunmscapi.dll
0x00007ffab15e0000 - 0x00007ffab173d000 	C:\WINDOWS\System32\CRYPT32.dll
0x00007ffab0af0000 - 0x00007ffab0b17000 	C:\WINDOWS\SYSTEM32\ncrypt.dll
0x00007ffab0ab0000 - 0x00007ffab0aeb000 	C:\WINDOWS\SYSTEM32\NTASN1.dll
0x00007ffa8e050000 - 0x00007ffa8e057000 	C:\WINDOWS\system32\wshunix.dll

dbghelp: loaded successfully - version: 4.0.5 - missing functions: none
symbol engine: initialized successfully - sym options: 0x614 - pdb path: .;C:\Program Files\Java\jdk-17\bin;C:\WINDOWS\SYSTEM32;C:\WINDOWS\WinSxS\amd64_microsoft.windows.common-controls_6595b64144ccf1df_6.0.19041.4355_none_60b8b9eb71f62e16;C:\Program Files\Java\jdk-17\bin\server;C:\Users\80418\.gradle\native\1def1411415f61bf3af743bc5b6707747c0891f09f0c88961ee8f79bc544acac\windows-amd64;C:\Users\80418\.gradle\native\0.2.7\x86_64-windows-gnu

VM Arguments:
jvm_args: --add-opens=java.base/java.lang=ALL-UNNAMED --add-opens=java.base/java.lang.invoke=ALL-UNNAMED --add-opens=java.base/java.util=ALL-UNNAMED --add-opens=java.prefs/java.util.prefs=ALL-UNNAMED --add-exports=jdk.compiler/com.sun.tools.javac.api=ALL-UNNAMED --add-exports=jdk.compiler/com.sun.tools.javac.util=ALL-UNNAMED --add-opens=java.base/java.util=ALL-UNNAMED --add-opens=java.prefs/java.util.prefs=ALL-UNNAMED --add-opens=java.base/java.nio.charset=ALL-UNNAMED --add-opens=java.base/java.net=ALL-UNNAMED --add-opens=java.base/java.util.concurrent.atomic=ALL-UNNAMED --add-opens=java.xml/javax.xml.namespace=ALL-UNNAMED -XX:MaxMetaspaceSize=384m -XX:+HeapDumpOnOutOfMemoryError -Xms256m -Xmx512m -Dfile.encoding=UTF-8 -Duser.country=KR -Duser.language=ko -Duser.variant -javaagent:C:\Users\80418\.gradle\wrapper\dists\gradle-8.13-bin\5xuhj0ry160q40clulazy9h7d\gradle-8.13\lib\agents\gradle-instrumentation-agent-8.13.jar 
java_command: org.gradle.launcher.daemon.bootstrap.GradleDaemon 8.13
java_class_path (initial): C:\Users\80418\.gradle\wrapper\dists\gradle-8.13-bin\5xuhj0ry160q40clulazy9h7d\gradle-8.13\lib\gradle-daemon-main-8.13.jar
Launcher Type: SUN_STANDARD

[Global flags]
     intx CICompilerCount                          = 3                                         {product} {ergonomic}
   size_t CompressedClassSpaceSize                 = 335544320                                 {product} {ergonomic}
     uint ConcGCThreads                            = 1                                         {product} {ergonomic}
     uint G1ConcRefinementThreads                  = 4                                         {product} {ergonomic}
   size_t G1HeapRegionSize                         = 1048576                                   {product} {ergonomic}
    uintx GCDrainStackTargetSize                   = 64                                        {product} {ergonomic}
     bool HeapDumpOnOutOfMemoryError               = true                                   {manageable} {command line}
   size_t InitialHeapSize                          = 268435456                                 {product} {command line}
   size_t MarkStackSize                            = 4194304                                   {product} {ergonomic}
   size_t MaxHeapSize                              = 536870912                                 {product} {command line}
   size_t MaxMetaspaceSize                         = 402653184                                 {product} {command line}
   size_t MaxNewSize                               = 321912832                                 {product} {ergonomic}
   size_t MinHeapDeltaBytes                        = 1048576                                   {product} {ergonomic}
   size_t MinHeapSize                              = 268435456                                 {product} {command line}
    uintx NonNMethodCodeHeapSize                   = 5832780                                {pd product} {ergonomic}
    uintx NonProfiledCodeHeapSize                  = 122912730                              {pd product} {ergonomic}
    uintx ProfiledCodeHeapSize                     = 122912730                              {pd product} {ergonomic}
    uintx ReservedCodeCacheSize                    = 251658240                              {pd product} {ergonomic}
     bool SegmentedCodeCache                       = true                                      {product} {ergonomic}
   size_t SoftMaxHeapSize                          = 536870912                              {manageable} {ergonomic}
     bool UseCompressedClassPointers               = true                           {product lp64_product} {ergonomic}
     bool UseCompressedOops                        = true                           {product lp64_product} {ergonomic}
     bool UseG1GC                                  = true                                      {product} {ergonomic}
     bool UseLargePagesIndividualAllocation        = false                                  {pd product} {ergonomic}

Logging:
Log output configuration:
 #0: stdout all=warning uptime,level,tags
 #1: stderr all=off uptime,level,tags

Environment Variables:
JAVA_HOME=C:\Program Files\Java\jdk-17
PATH=C:\Program Files\Java\jdk-17\bin;C:\WINDOWS\system32;C:\WINDOWS;C:\WINDOWS\System32\Wbem;C:\WINDOWS\System32\WindowsPowerShell\v1.0\;C:\WINDOWS\System32\OpenSSH\;C:\Program Files\MySQL\MySQL Server 8.0\bin;C:\Program Files\Git\cmd;C:\Program Files\nodejs\;C:\Program Files\Docker\Docker\resources\bin;C:\flutter\bin;C:\Program Files\MySQL\MySQL Shell 8.0\bin\;C:\Users\80418\AppData\Local\Microsoft\WindowsApps;;C:\HYOJIN\IntelliJ IDEA Community Edition 2024.3.5\bin;;C:\Users\80418\AppData\Local\Programs\Microsoft VS Code\bin;C:\Users\80418\AppData\Roaming\npm
USERNAME=80418
OS=Windows_NT
PROCESSOR_IDENTIFIER=Intel64 Family 6 Model 158 Stepping 9, GenuineIntel



---------------  S Y S T E M  ---------------

OS:
 Windows 10 , 64 bit Build 19041 (10.0.19041.5678)
OS uptime: 14 days 1:40 hours
Hyper-V role detected

CPU: total 4 (initial active 4) (4 cores per cpu, 1 threads per core) family 6 model 158 stepping 9 microcode 0xb4, cx8, cmov, fxsr, mmx, 3dnowpref, sse, sse2, sse3, ssse3, sse4.1, sse4.2, popcnt, lzcnt, tsc, tscinvbit, avx, avx2, aes, erms, clmul, bmi1, bmi2, rtm, adx, fma, vzeroupper, clflush, clflushopt, hv

Memory: 4k page, system-wide physical 16342M (1737M free)
TotalPageFile size 44876M (AvailPageFile size 1054M)
current process WorkingSet (physical memory assigned to process): 497M, peak: 513M
current process commit charge ("private bytes"): 523M, peak: 540M

vm_info: Java HotSpot(TM) 64-Bit Server VM (17.0.13+10-LTS-268) for windows-amd64 JRE (17.0.13+10-LTS-268), built on Sep 30 2024 06:33:13 by "mach5one" with MS VC++ 17.6 (VS2022)

END.
