#
# There is insufficient memory for the Java Runtime Environment to continue.
# Native memory allocation (mmap) failed to map 268435456 bytes for G1 virtual space
# Possible reasons:
#   The system is out of physical RAM or swap space
#   The process is running with CompressedOops enabled, and the Java Heap may be blocking the growth of the native heap
# Possible solutions:
#   Reduce memory load on the system
#   Increase physical memory or swap space
#   Check if swap backing store is full
#   Decrease Java heap size (-Xmx/-Xms)
#   Decrease number of Java threads
#   Decrease Java thread stack sizes (-Xss)
#   Set larger code cache with -XX:ReservedCodeCacheSize=
#   JVM is running with Zero Based Compressed Oops mode in which the Java heap is
#     placed in the first 32GB address space. The Java Heap base address is the
#     maximum limit for the native heap growth. Please use -XX:HeapBaseMinAddress
#     to set the Java Heap base and to place the Java Heap above 32GB virtual address.
# This output file may be truncated or incomplete.
#
#  Out of Memory Error (os_windows.cpp:3548), pid=14416, tid=18372
#
# JRE version:  (17.0.13+10) (build )
# Java VM: Java HotSpot(TM) 64-Bit Server VM (17.0.13+10-LTS-268, mixed mode, sharing, tiered, compressed oops, compressed class ptrs, g1 gc, windows-amd64)
# No core dump will be written. Minidumps are not enabled by default on client versions of Windows
#

---------------  S U M M A R Y ------------

Command Line: -Dfile.encoding=UTF-8 -Duser.country=KR -Duser.language=ko -Duser.variant com.backfunctionimpl.BackFunctionImplApplication

Host: Intel(R) Core(TM) i5-7500 CPU @ 3.40GHz, 4 cores, 15G,  Windows 10 , 64 bit Build 19041 (10.0.19041.5678)
Time: Mon Apr 28 12:18:13 2025  Windows 10 , 64 bit Build 19041 (10.0.19041.5678) elapsed time: 0.012675 seconds (0d 0h 0m 0s)

---------------  T H R E A D  ---------------

Current thread (0x0000024109de13a0):  JavaThread "Unknown thread" [_thread_in_vm, id=18372, stack(0x000000a73ac00000,0x000000a73ad00000)]

Stack: [0x000000a73ac00000,0x000000a73ad00000]
Native frames: (J=compiled Java code, j=interpreted, Vv=VM code, C=native code)
V  [jvm.dll+0x67a23a]
V  [jvm.dll+0x7da96d]
V  [jvm.dll+0x7dc2b3]
V  [jvm.dll+0x7dc923]
V  [jvm.dll+0x2450ef]
V  [jvm.dll+0x677279]
V  [jvm.dll+0x66bf22]
V  [jvm.dll+0x302006]
V  [jvm.dll+0x3095a6]
V  [jvm.dll+0x359e9e]
V  [jvm.dll+0x35a0cf]
V  [jvm.dll+0x2d90d8]
V  [jvm.dll+0x2da044]
V  [jvm.dll+0x7ace81]
V  [jvm.dll+0x367701]
V  [jvm.dll+0x78bcc9]
V  [jvm.dll+0x3ec9bf]
V  [jvm.dll+0x3ee5f1]
C  [jli.dll+0x5297]
C  [ucrtbase.dll+0x21bb2]
C  [KERNEL32.DLL+0x17374]
C  [ntdll.dll+0x4cc91]


---------------  P R O C E S S  ---------------

Threads class SMR info:
_java_thread_list=0x00007ffa826b8a18, length=0, elements={
}

Java Threads: ( => current thread )

Other Threads:
  0x0000024109e4c0b0 GCTaskThread "GC Thread#0" [stack: 0x000000a73ad00000,0x000000a73ae00000] [id=10816]
  0x0000024109e5de70 ConcurrentGCThread "G1 Main Marker" [stack: 0x000000a73ae00000,0x000000a73af00000] [id=19376]
  0x0000024109e607b0 ConcurrentGCThread "G1 Conc#0" [stack: 0x000000a73af00000,0x000000a73b000000] [id=5152]

[error occurred during error reporting (printing all threads), id 0xc0000005, EXCEPTION_ACCESS_VIOLATION (0xc0000005) at pc=0x00007ffa81ee9bc7]

VM state: not at safepoint (not fully initialized)

VM Mutex/Monitor currently owned by a thread:  ([mutex/lock_event])
[0x0000024109ddc3c0] Heap_lock - owner thread: 0x0000024109de13a0

Heap address: 0x0000000700a00000, size: 4086 MB, Compressed Oops mode: Zero based, Oop shift amount: 3

CDS archive(s) mapped at: [0x0000000000000000-0x0000000000000000-0x0000000000000000), size 0, SharedBaseAddress: 0x0000000800000000, ArchiveRelocationMode: 1.
Narrow klass base: 0x0000000000000000, Narrow klass shift: 0, Narrow klass range: 0x0

GC Precious Log:
<Empty>

Heap:
 garbage-first heap   total 0K, used 0K [0x0000000700a00000, 0x0000000800000000)
  region size 2048K, 0 young (0K), 0 survivors (0K)

[error occurred during error reporting (printing heap information), id 0xc0000005, EXCEPTION_ACCESS_VIOLATION (0xc0000005) at pc=0x00007ffa822d3a29]

GC Heap History (0 events):
No events

Deoptimization events (0 events):
No events

Classes unloaded (0 events):
No events

Classes redefined (0 events):
No events

Internal exceptions (0 events):
No events

VM Operations (0 events):
No events

Events (1 events):
Event: 0.006 Loaded shared library C:\Program Files\Java\jdk-17\bin\java.dll


Dynamic libraries:
0x00007ff7c0c40000 - 0x00007ff7c0c50000 	C:\Program Files\Java\jdk-17\bin\java.exe
0x00007ffab3a50000 - 0x00007ffab3c48000 	C:\WINDOWS\SYSTEM32\ntdll.dll
0x00007ffab3360000 - 0x00007ffab3422000 	C:\WINDOWS\System32\KERNEL32.DLL
0x00007ffab12e0000 - 0x00007ffab15d6000 	C:\WINDOWS\System32\KERNELBASE.dll
0x00007ffab1830000 - 0x00007ffab1930000 	C:\WINDOWS\System32\ucrtbase.dll
0x00007ffaaa410000 - 0x00007ffaaa429000 	C:\Program Files\Java\jdk-17\bin\jli.dll
0x00007ffab2bd0000 - 0x00007ffab2c7f000 	C:\WINDOWS\System32\ADVAPI32.dll
0x00007ffaaa3f0000 - 0x00007ffaaa40b000 	C:\Program Files\Java\jdk-17\bin\VCRUNTIME140.dll
0x00007ffab1ad0000 - 0x00007ffab1b6e000 	C:\WINDOWS\System32\msvcrt.dll
0x00007ffab29a0000 - 0x00007ffab2a3f000 	C:\WINDOWS\System32\sechost.dll
0x00007ffab2aa0000 - 0x00007ffab2bc3000 	C:\WINDOWS\System32\RPCRT4.dll
0x00007ffab10e0000 - 0x00007ffab1107000 	C:\WINDOWS\System32\bcrypt.dll
0x00007ffab3510000 - 0x00007ffab36ad000 	C:\WINDOWS\System32\USER32.dll
0x00007ffab12b0000 - 0x00007ffab12d2000 	C:\WINDOWS\System32\win32u.dll
0x00007ffab34e0000 - 0x00007ffab350b000 	C:\WINDOWS\System32\GDI32.dll
0x00007ffaa1200000 - 0x00007ffaa149a000 	C:\WINDOWS\WinSxS\amd64_microsoft.windows.common-controls_6595b64144ccf1df_6.0.19041.4355_none_60b8b9eb71f62e16\COMCTL32.dll
0x00007ffab1190000 - 0x00007ffab12aa000 	C:\WINDOWS\System32\gdi32full.dll
0x00007ffab1790000 - 0x00007ffab182d000 	C:\WINDOWS\System32\msvcp_win.dll
0x00007ffaab2f0000 - 0x00007ffaab2fa000 	C:\WINDOWS\SYSTEM32\VERSION.dll
0x00007ffab3330000 - 0x00007ffab335f000 	C:\WINDOWS\System32\IMM32.DLL
0x00007ffaae3e0000 - 0x00007ffaae3ec000 	C:\Program Files\Java\jdk-17\bin\vcruntime140_1.dll
0x00007ffa96130000 - 0x00007ffa961be000 	C:\Program Files\Java\jdk-17\bin\msvcp140.dll
0x00007ffa81c00000 - 0x00007ffa827e1000 	C:\Program Files\Java\jdk-17\bin\server\jvm.dll
0x00007ffab2510000 - 0x00007ffab2518000 	C:\WINDOWS\System32\PSAPI.DLL
0x00007ffaa9e70000 - 0x00007ffaa9e79000 	C:\WINDOWS\SYSTEM32\WSOCK32.dll
0x00007ffaa7b80000 - 0x00007ffaa7ba7000 	C:\WINDOWS\SYSTEM32\WINMM.dll
0x00007ffab32c0000 - 0x00007ffab332b000 	C:\WINDOWS\System32\WS2_32.dll
0x00007ffaaee60000 - 0x00007ffaaee72000 	C:\WINDOWS\SYSTEM32\kernel.appcore.dll
0x00007ffaa9e50000 - 0x00007ffaa9e5a000 	C:\Program Files\Java\jdk-17\bin\jimage.dll
0x00007ffaa71d0000 - 0x00007ffaa73b4000 	C:\WINDOWS\SYSTEM32\DBGHELP.DLL
0x00007ffa9ebb0000 - 0x00007ffa9ebe4000 	C:\WINDOWS\SYSTEM32\dbgcore.DLL
0x00007ffab19e0000 - 0x00007ffab1a62000 	C:\WINDOWS\System32\bcryptPrimitives.dll
0x00007ffaa6640000 - 0x00007ffaa6665000 	C:\Program Files\Java\jdk-17\bin\java.dll

dbghelp: loaded successfully - version: 4.0.5 - missing functions: none
symbol engine: initialized successfully - sym options: 0x614 - pdb path: .;C:\Program Files\Java\jdk-17\bin;C:\WINDOWS\SYSTEM32;C:\WINDOWS\WinSxS\amd64_microsoft.windows.common-controls_6595b64144ccf1df_6.0.19041.4355_none_60b8b9eb71f62e16;C:\Program Files\Java\jdk-17\bin\server

VM Arguments:
jvm_args: -Dfile.encoding=UTF-8 -Duser.country=KR -Duser.language=ko -Duser.variant 
java_command: com.backfunctionimpl.BackFunctionImplApplication
java_class_path (initial): C:\Users\80418\Documents\back-function-impl\build\classes\java\main;C:\Users\80418\Documents\back-function-impl\build\resources\main;C:\Users\80418\.gradle\caches\modules-2\files-2.1\org.springframework.boot\spring-boot-starter-data-jpa\3.4.4\7e0ab04a0aa460295c7a2e485c7809a733469824\spring-boot-starter-data-jpa-3.4.4.jar;C:\Users\80418\.gradle\caches\modules-2\files-2.1\org.springframework.boot\spring-boot-starter-security\3.4.4\796c83e0f08979c87b62d19d7d956d1ea453f4cd\spring-boot-starter-security-3.4.4.jar;C:\Users\80418\.gradle\caches\modules-2\files-2.1\org.springframework.boot\spring-boot-starter-web\3.4.4\441c0c71f38783c1d34b8bac5f06f1fa6b103274\spring-boot-starter-web-3.4.4.jar;C:\Users\80418\.gradle\caches\modules-2\files-2.1\org.springframework.boot\spring-boot-starter-validation\3.4.4\fa0bc381ac02704bb56631c13e33c3be437aa5c\spring-boot-starter-validation-3.4.4.jar;C:\Users\80418\.gradle\caches\modules-2\files-2.1\org.springframework.boot\spring-boot-starter-oauth2-client\3.4.4\a432d81743707e6410d4dfd592f29b0a16fa54a8\spring-boot-starter-oauth2-client-3.4.4.jar;C:\Users\80418\.gradle\caches\modules-2\files-2.1\io.jsonwebtoken\jjwt-impl\0.11.5\40a599f0e8a8e4e0701596fbb15e67bfda64fdf0\jjwt-impl-0.11.5.jar;C:\Users\80418\.gradle\caches\modules-2\files-2.1\io.jsonwebtoken\jjwt-jackson\0.11.5\3b83a06809e98a69402d7333dcf67df6f6ea4579\jjwt-jackson-0.11.5.jar;C:\Users\80418\.gradle\caches\modules-2\files-2.1\io.jsonwebtoken\jjwt-api\0.11.5\f742940045619d06383e7df37b21ac422b476cf1\jjwt-api-0.11.5.jar;C:\Users\80418\.gradle\caches\modules-2\files-2.1\com.github.ulisesbocchio\jasypt-spring-boot-starter\3.0.5\53d848a8d5be9b29f1768d00562ef51e5e2c21b6\jasypt-spring-boot-starter-3.0.5.jar;C:\Users\80418\.gradle\caches\modules-2\files-2.1\com.google.api-client\google-api-client\1.33.2\2c7918d74e3cd530bb3ea76b2de100e1734949c2\google-api-client-1.33.2.jar;C:\Users\80418\.gradle\caches\modules-2\files-2.1\com.google.maps\google-maps-services\2.2.0\
Launcher Type: SUN_STANDARD

[Global flags]
     intx CICompilerCount                          = 3                                         {product} {ergonomic}
     uint ConcGCThreads                            = 1                                         {product} {ergonomic}
     uint G1ConcRefinementThreads                  = 4                                         {product} {ergonomic}
   size_t G1HeapRegionSize                         = 2097152                                   {product} {ergonomic}
    uintx GCDrainStackTargetSize                   = 64                                        {product} {ergonomic}
   size_t InitialHeapSize                          = 268435456                                 {product} {ergonomic}
   size_t MarkStackSize                            = 4194304                                   {product} {ergonomic}
   size_t MaxHeapSize                              = 4284481536                                {product} {ergonomic}
   size_t MinHeapDeltaBytes                        = 2097152                                   {product} {ergonomic}
   size_t MinHeapSize                              = 8388608                                   {product} {ergonomic}
    uintx NonNMethodCodeHeapSize                   = 5832780                                {pd product} {ergonomic}
    uintx NonProfiledCodeHeapSize                  = 122912730                              {pd product} {ergonomic}
    uintx ProfiledCodeHeapSize                     = 122912730                              {pd product} {ergonomic}
    uintx ReservedCodeCacheSize                    = 251658240                              {pd product} {ergonomic}
     bool SegmentedCodeCache                       = true                                      {product} {ergonomic}
   size_t SoftMaxHeapSize                          = 4284481536                             {manageable} {ergonomic}
     bool UseCompressedClassPointers               = true                           {product lp64_product} {ergonomic}
     bool UseCompressedOops                        = true                           {product lp64_product} {ergonomic}
     bool UseG1GC                                  = true                                      {product} {ergonomic}
     bool UseLargePagesIndividualAllocation        = false                                  {pd product} {ergonomic}

Logging:
Log output configuration:
 #0: stdout all=warning uptime,level,tags
 #1: stderr all=off uptime,level,tags

Environment Variables:
JAVA_HOME=C:\Program Files\Java\jdk-17
PATH=C:\Program Files\Java\jdk-17\bin;C:\WINDOWS\system32;C:\WINDOWS;C:\WINDOWS\System32\Wbem;C:\WINDOWS\System32\WindowsPowerShell\v1.0\;C:\WINDOWS\System32\OpenSSH\;C:\Program Files\MySQL\MySQL Server 8.0\bin;C:\Program Files\Git\cmd;C:\Program Files\nodejs\;C:\Program Files\Docker\Docker\resources\bin;C:\flutter\bin;C:\Program Files\MySQL\MySQL Shell 8.0\bin\;C:\Users\80418\AppData\Local\Microsoft\WindowsApps;;C:\HYOJIN\IntelliJ IDEA Community Edition 2024.3.5\bin;;C:\Users\80418\AppData\Local\Programs\Microsoft VS Code\bin;C:\Users\80418\AppData\Roaming\npm
USERNAME=80418
OS=Windows_NT
PROCESSOR_IDENTIFIER=Intel64 Family 6 Model 158 Stepping 9, GenuineIntel



---------------  S Y S T E M  ---------------

OS:
 Windows 10 , 64 bit Build 19041 (10.0.19041.5678)
OS uptime: 14 days 1:36 hours
Hyper-V role detected

CPU: total 4 (initial active 4) (4 cores per cpu, 1 threads per core) family 6 model 158 stepping 9 microcode 0xb4, cx8, cmov, fxsr, mmx, 3dnowpref, sse, sse2, sse3, ssse3, sse4.1, sse4.2, popcnt, lzcnt, tsc, tscinvbit, avx, avx2, aes, erms, clmul, bmi1, bmi2, rtm, adx, fma, vzeroupper, clflush, clflushopt, hv

Memory: 4k page, system-wide physical 16342M (404M free)
TotalPageFile size 44876M (AvailPageFile size 230M)
current process WorkingSet (physical memory assigned to process): 10M, peak: 10M
current process commit charge ("private bytes"): 52M, peak: 307M

vm_info: Java HotSpot(TM) 64-Bit Server VM (17.0.13+10-LTS-268) for windows-amd64 JRE (17.0.13+10-LTS-268), built on Sep 30 2024 06:33:13 by "mach5one" with MS VC++ 17.6 (VS2022)

END.
